Wed May  1 05:15:33 2024: Running xcd server. This server was built by gradle.
Wed May  1 05:15:33 2024: Server was asked to start on port: '34577'
Wed May  1 05:15:33 2024: Server is using token UUID: '14831bd6-c068-4035-ab0e-20638fee4618'
Wed May  1 05:15:33 2024: SESSION_MGR: creating session with session uuid: '6d04a3e9-ade5-4ab9-8d63-1f78fcd2ec76' and name 'default'
Wed May  1 05:15:33 2024: Attempting to start server on port '34577'
Wed May  1 05:15:33 2024: XCD main fifo: created main fifo '/tmp/xcdmain14831bd6-c068-4035-ab0e-20638fee4618', fd read = 13
Wed May  1 05:15:33 2024: Running Dispatch Server
Wed May  1 05:15:33 2024: Version 2.2.0
Wed May  1 05:15:40 2024: Dispatch Server: Accepted socket connection from client
Wed May  1 05:15:40 2024: Starting Socket connection
Wed May  1 05:15:40 2024: EXCHANGE_TOKEN received, server token: 14831bd6-c068-4035-ab0e-20638fee4618, passed token: 14831bd6-c068-4035-ab0e-20638fee4618
Wed May  1 05:15:42 2024: DISPATCH_HANDLER: Adding handler from function makeHandler in library libxv_system_diagram
Wed May  1 05:15:42 2024: SESSION_MGR: creating session with session uuid: '32d96b3a-2f74-480d-9812-2117dce0cee1' and name 'v++_compile_myproject_kernel'
Wed May  1 05:15:42 2024: KERNEL_SVC: creating session with uuid: '32d96b3a-2f74-480d-9812-2117dce0cee1' and name 'v++_compile_myproject_kernel'
Wed May  1 05:15:42 2024: GUIDANCE_SMGR: creating guidance session with uuid: '32d96b3a-2f74-480d-9812-2117dce0cee1' and name 'v++_compile_myproject_kernel'
Wed May  1 05:15:42 2024: SYSTEM_DIAGRAM: creating session with uuid: '32d96b3a-2f74-480d-9812-2117dce0cee1' and name 'v++_compile_myproject_kernel'
Wed May  1 05:22:48 2024: Dispatch Server: Accepted socket connection from client
Wed May  1 05:22:48 2024: Starting Socket connection
Wed May  1 06:16:04 2024: SESSION_MGR: closing session for UUID '32d96b3a-2f74-480d-9812-2117dce0cee1' with name 'v++_compile_myproject_kernel'
Wed May  1 06:16:04 2024: KERNEL_SVC: closing session for UUID '32d96b3a-2f74-480d-9812-2117dce0cee1' with name 'v++_compile_myproject_kernel'
Wed May  1 06:16:04 2024: GUIDANCE_SMGR: closing session for UUID '32d96b3a-2f74-480d-9812-2117dce0cee1' with name 'v++_compile_myproject_kernel'
Wed May  1 06:16:05 2024: SYSTEM_DIAGRAM: closing session for UUID '32d96b3a-2f74-480d-9812-2117dce0cee1' with name 'v++_compile_myproject_kernel'
Wed May  1 06:16:06 2024: STOP_SERVER received, server token: 14831bd6-c068-4035-ab0e-20638fee4618, passed token: 14831bd6-c068-4035-ab0e-20638fee4618
Wed May  1 06:16:06 2024: Socket received request to stop server.
Wed May  1 06:16:06 2024: Dispatch Server: do_await_stop
Wed May  1 06:16:06 2024: Dispatch Server: stopping mainFifo_
Wed May  1 06:16:06 2024: XCD main fifo: Stopping
Wed May  1 06:16:06 2024: XCD main fifo: do_read error code: Operation canceled
Wed May  1 06:16:06 2024: XCD main fifo: bytes_transferred: 0
Wed May  1 06:16:06 2024: SERVER: destructor for server bound to port 34577
Wed May  1 06:16:06 2024: XCD main fifo: Good unlink of /tmp/xcdmain14831bd6-c068-4035-ab0e-20638fee4618
Wed May  1 06:16:06 2024: Server exiting with status 0.
Wed May  1 06:16:06 2024: Closing log file.
Wed May  1 06:16:10 2024: Running xcd server. This server was built by gradle.
Wed May  1 06:16:10 2024: Server was asked to start on port: '35977'
Wed May  1 06:16:10 2024: Server is using token UUID: '594a374b-c13f-4ad8-9737-2bc43d85d02c'
Wed May  1 06:16:10 2024: SESSION_MGR: creating session with session uuid: '6d04a3e9-ade5-4ab9-8d63-1f78fcd2ec76' and name 'default'
Wed May  1 06:16:10 2024: Attempting to start server on port '35977'
Wed May  1 06:16:10 2024: XCD main fifo: created main fifo '/tmp/xcdmain594a374b-c13f-4ad8-9737-2bc43d85d02c', fd read = 13
Wed May  1 06:16:10 2024: Running Dispatch Server
Wed May  1 06:16:10 2024: Version 2.2.0
Wed May  1 06:16:18 2024: Dispatch Server: Accepted socket connection from client
Wed May  1 06:16:18 2024: Starting Socket connection
Wed May  1 06:16:18 2024: EXCHANGE_TOKEN received, server token: 594a374b-c13f-4ad8-9737-2bc43d85d02c, passed token: 594a374b-c13f-4ad8-9737-2bc43d85d02c
Wed May  1 06:16:18 2024: DISPATCH_HANDLER: Adding handler from function makeHandler in library libxv_system_diagram
Wed May  1 06:16:18 2024: SESSION_MGR: creating session with session uuid: '25b10aad-7bc4-41e7-bbb8-34c46cf99e84' and name 'v++_link_kernel_wrapper'
Wed May  1 06:16:18 2024: KERNEL_SVC: creating session with uuid: '25b10aad-7bc4-41e7-bbb8-34c46cf99e84' and name 'v++_link_kernel_wrapper'
Wed May  1 06:16:18 2024: GUIDANCE_SMGR: creating guidance session with uuid: '25b10aad-7bc4-41e7-bbb8-34c46cf99e84' and name 'v++_link_kernel_wrapper'
Wed May  1 06:16:18 2024: SYSTEM_DIAGRAM: creating session with uuid: '25b10aad-7bc4-41e7-bbb8-34c46cf99e84' and name 'v++_link_kernel_wrapper'
Wed May  1 06:19:01 2024: Dispatch Server: Accepted socket connection from client
Wed May  1 06:19:01 2024: Starting Socket connection
Wed May  1 06:20:01 2024: Dispatch Server: Accepted socket connection from client
Wed May  1 06:20:01 2024: Starting Socket connection
Wed May  1 06:46:14 2024: Dispatch Server: Accepted socket connection from client
Wed May  1 06:46:14 2024: Starting Socket connection
Wed May  1 06:52:10 2024: Dispatch Server: Accepted socket connection from client
Wed May  1 06:52:10 2024: Starting Socket connection
Wed May  1 13:22:12 2024: SESSION_MGR: closing session for UUID '25b10aad-7bc4-41e7-bbb8-34c46cf99e84' with name 'v++_link_kernel_wrapper'
Wed May  1 13:22:12 2024: KERNEL_SVC: closing session for UUID '25b10aad-7bc4-41e7-bbb8-34c46cf99e84' with name 'v++_link_kernel_wrapper'
Wed May  1 13:22:12 2024: GUIDANCE_SMGR: closing session for UUID '25b10aad-7bc4-41e7-bbb8-34c46cf99e84' with name 'v++_link_kernel_wrapper'
Wed May  1 13:22:14 2024: SYSTEM_DIAGRAM: closing session for UUID '25b10aad-7bc4-41e7-bbb8-34c46cf99e84' with name 'v++_link_kernel_wrapper'
Wed May  1 13:22:14 2024: STOP_SERVER received, server token: 594a374b-c13f-4ad8-9737-2bc43d85d02c, passed token: 594a374b-c13f-4ad8-9737-2bc43d85d02c
Wed May  1 13:22:14 2024: Socket received request to stop server.
Wed May  1 13:22:14 2024: Dispatch Server: do_await_stop
Wed May  1 13:22:14 2024: Dispatch Server: stopping mainFifo_
Wed May  1 13:22:14 2024: XCD main fifo: Stopping
Wed May  1 13:22:14 2024: XCD main fifo: do_read error code: Operation canceled
Wed May  1 13:22:14 2024: XCD main fifo: bytes_transferred: 0
Wed May  1 13:22:14 2024: SERVER: destructor for server bound to port 35977
Wed May  1 13:22:14 2024: XCD main fifo: Good unlink of /tmp/xcdmain594a374b-c13f-4ad8-9737-2bc43d85d02c
Wed May  1 13:22:14 2024: Server exiting with status 0.
Wed May  1 13:22:14 2024: Closing log file.
