==============================================================
Vitis HLS - High-Level Synthesis from C, C++ and OpenCL v2022.2 (64-bit)
Tool Version Limit: 2019.12
Copyright 1986-2022 Xilinx, Inc. All Rights Reserved.
==============================================================
INFO: [HLS 200-1505] Using flow_target 'vitis'
INFO: [HLS 200-435] Setting 'open_solution -flow_target vitis' configuration: config_interface -m_axi_latency=64
INFO: [HLS 200-435] Setting 'open_solution -flow_target vitis' configuration: config_interface -m_axi_alignment_byte_size=64
INFO: [HLS 200-435] Setting 'open_solution -flow_target vitis' configuration: config_interface -m_axi_max_widen_bitwidth=512
INFO: [HLS 200-435] Setting 'open_solution -flow_target vitis' configuration: config_rtl -register_reset_num=3
INFO: [HLS 200-1510] Running: set_part xcu55c-fsvh2892-2L-e 
INFO: [HLS 200-1611] Setting target device to 'xcu55c-fsvh2892-2L-e'
INFO: [HLS 200-1510] Running: create_clock -period 300.000000MHz -name default 
INFO: [SYN 201-201] Setting up clock 'default' with a period of 3.333ns.
INFO: [HLS 200-1510] Running: config_dataflow -strict_mode warning 
INFO: [HLS 200-1510] Running: config_export -deadlock_detection sim 
WARNING: [HLS 200-483] The 'config_export -deadlock_detection' command is deprecated and will be removed in a future release. Use 'config_rtl -deadlock_detection' as its replacement.
INFO: [HLS 200-1907] Replacing 'config_export -deadlock_detection=sim' with 'config_rtl -deadlock_detection=sim' in current solution file
INFO: [HLS 200-1510] Running: config_interface -m_axi_conservative_mode=1 
INFO: [HLS 200-1510] Running: config_interface -m_axi_addr64 
INFO: [HLS 200-1510] Running: config_interface -m_axi_auto_max_ports=0 
INFO: [HLS 200-1510] Running: config_export -format xo -ipname kernel_wrapper 
INFO: [HLS 200-1907] Replacing 'config_export -deadlock_detection=sim' with 'config_rtl -deadlock_detection=sim' in current solution file
INFO: [HLS 200-1510] Running: config_interface -m_axi_auto_max_ports=true 
INFO: [HLS 200-1510] Running: config_interface -m_axi_offset slave 
INFO: [HLS 200-1510] Running: csynth_design 
INFO: [HLS 200-111] Finished File checks and directory preparation: CPU user time: 0.01 seconds. CPU system time: 0 seconds. Elapsed time: 0.02 seconds; current allocated memory: 754.199 MB.
INFO: [HLS 200-10] Analyzing design file '/home/ayvol/vitis_accel_backend_test/firmware/myproject.cpp' ... 
WARNING: [HLS 214-113] Either use an argument of the function or declare the variable inside the dataflow loop body (/home/ayvol/vitis_accel_backend_test/firmware/myproject.cpp:47:68)
WARNING: [HLS 214-113] Either use an argument of the function or declare the variable inside the dataflow loop body (/home/ayvol/vitis_accel_backend_test/firmware/myproject.cpp:47:72)
WARNING: [HLS 214-113] Either use an argument of the function or declare the variable inside the dataflow loop body (/home/ayvol/vitis_accel_backend_test/firmware/myproject.cpp:59:72)
WARNING: [HLS 214-113] Either use an argument of the function or declare the variable inside the dataflow loop body (/home/ayvol/vitis_accel_backend_test/firmware/myproject.cpp:59:76)
WARNING: [HLS 214-113] Either use an argument of the function or declare the variable inside the dataflow loop body (/home/ayvol/vitis_accel_backend_test/firmware/myproject.cpp:71:75)
WARNING: [HLS 214-113] Either use an argument of the function or declare the variable inside the dataflow loop body (/home/ayvol/vitis_accel_backend_test/firmware/myproject.cpp:71:80)
WARNING: [HLS 214-113] Either use an argument of the function or declare the variable inside the dataflow loop body (/home/ayvol/vitis_accel_backend_test/firmware/myproject.cpp:84:72)
WARNING: [HLS 214-113] Either use an argument of the function or declare the variable inside the dataflow loop body (/home/ayvol/vitis_accel_backend_test/firmware/myproject.cpp:84:77)
WARNING: [HLS 214-113] Either use an argument of the function or declare the variable inside the dataflow loop body (/home/ayvol/vitis_accel_backend_test/firmware/myproject.cpp:88:76)
WARNING: [HLS 214-113] Either use an argument of the function or declare the variable inside the dataflow loop body (/home/ayvol/vitis_accel_backend_test/firmware/myproject.cpp:88:81)
WARNING: [HLS 214-113] Either use an argument of the function or declare the variable inside the dataflow loop body (/home/ayvol/vitis_accel_backend_test/firmware/myproject.cpp:96:72)
WARNING: [HLS 214-113] Either use an argument of the function or declare the variable inside the dataflow loop body (/home/ayvol/vitis_accel_backend_test/firmware/myproject.cpp:96:77)
WARNING: [HLS 214-113] Either use an argument of the function or declare the variable inside the dataflow loop body (/home/ayvol/vitis_accel_backend_test/firmware/myproject.cpp:100:76)
WARNING: [HLS 214-113] Either use an argument of the function or declare the variable inside the dataflow loop body (/home/ayvol/vitis_accel_backend_test/firmware/myproject.cpp:100:81)
WARNING: [HLS 214-113] Either use an argument of the function or declare the variable inside the dataflow loop body (/home/ayvol/vitis_accel_backend_test/firmware/myproject.cpp:108:72)
WARNING: [HLS 214-113] Either use an argument of the function or declare the variable inside the dataflow loop body (/home/ayvol/vitis_accel_backend_test/firmware/myproject.cpp:108:77)
WARNING: [HLS 200-471] Dataflow form checks found 16 issue(s) in file /home/ayvol/vitis_accel_backend_test/firmware/myproject.cpp
WARNING: [HLS 207-5292] unused parameter 'keep' (/home/ayvol/vitis_accel_backend_test/firmware/nnet_utils/nnet_helpers.h:285:99)
WARNING: [HLS 207-5292] unused parameter 'data' (/home/ayvol/vitis_accel_backend_test/firmware/nnet_utils/nnet_code_gen.h:11:36)
WARNING: [HLS 207-5292] unused parameter 'buffer' (/home/ayvol/vitis_accel_backend_test/firmware/nnet_utils/nnet_code_gen.h:12:36)
WARNING: [HLS 207-5292] unused parameter 'partition' (/home/ayvol/vitis_accel_backend_test/firmware/nnet_utils/nnet_code_gen.h:13:44)
WARNING: [HLS 207-5292] unused parameter 'data' (/home/ayvol/vitis_accel_backend_test/firmware/nnet_utils/nnet_code_gen.h:21:24)
WARNING: [HLS 207-5292] unused parameter 'buffer' (/home/ayvol/vitis_accel_backend_test/firmware/nnet_utils/nnet_code_gen.h:22:24)
WARNING: [HLS 207-5292] unused parameter 'partition' (/home/ayvol/vitis_accel_backend_test/firmware/nnet_utils/nnet_code_gen.h:23:32)
INFO: [HLS 200-10] Analyzing design file '/home/ayvol/vitis_accel_backend_test/kernel_wrapper.cpp' ... 
ERROR: [HLS 207-1181] expected ',' or '>' in template-parameter-list (/tools/Xilinx/Vitis_HLS/2022.2/common/technology/autopilot/hls_stream_39.h:52:37)
ERROR: [HLS 207-3557] too few template arguments for class template 'stream' (/tools/Xilinx/Vitis_HLS/2022.2/common/technology/autopilot/hls_stream_39.h:72:81)
INFO: [HLS 207-4520] template is declared here (/tools/Xilinx/Vitis_HLS/2022.2/common/technology/autopilot/hls_stream_39.h:53:7)
ERROR: [HLS 207-3557] too few template arguments for class template 'stream' (/tools/Xilinx/Vitis_HLS/2022.2/common/technology/autopilot/hls_stream_39.h:75:93)
ERROR: [HLS 207-1181] expected ',' or '>' in template-parameter-list (/tools/Xilinx/Vitis_HLS/2022.2/common/technology/autopilot/hls_stream_39.h:163:37)
ERROR: [HLS 207-3557] too few template arguments for class template 'stream' (/home/ayvol/vitis_accel_backend_test/firmware/myproject.h:12:10)
INFO: [HLS 207-4520] template is declared here (/tools/Xilinx/Vitis_HLS/2022.2/common/technology/autopilot/hls_stream_39.h:164:7)
ERROR: [HLS 207-3557] too few template arguments for class template 'stream' (/home/ayvol/vitis_accel_backend_test/firmware/myproject.h:13:10)
ERROR: [HLS 207-3557] too few template arguments for class template 'stream' (/home/ayvol/vitis_accel_backend_test/kernel_wrapper.cpp:4:52)
ERROR: [HLS 207-3557] too few template arguments for class template 'stream' (/home/ayvol/vitis_accel_backend_test/kernel_wrapper.cpp:16:50)
ERROR: [HLS 207-3557] too few template arguments for class template 'stream' (/home/ayvol/vitis_accel_backend_test/kernel_wrapper.cpp:31:10)
ERROR: [HLS 207-3557] too few template arguments for class template 'stream' (/home/ayvol/vitis_accel_backend_test/kernel_wrapper.cpp:32:10)
WARNING: [HLS 207-5544] invalid variable expr  (/home/ayvol/vitis_accel_backend_test/kernel_wrapper.cpp:33:29)
WARNING: [HLS 207-5544] invalid variable expr  (/home/ayvol/vitis_accel_backend_test/kernel_wrapper.cpp:34:29)
