Copyright 1986-2022 Xilinx, Inc. All Rights Reserved.
------------------------------------------------------------------------------------------
| Tool Version : Vivado v.2022.2 (lin64) Build 3671981 Fri Oct 14 04:59:54 MDT 2022
| Date         : Sat May 25 01:31:51 2024
| Host         : egl running 64-bit Ubuntu 20.04.4 LTS
| Command      : report_utilization -slr -file slr_util_routed.rpt -pb slr_util_routed.pb
| Design       : level0_wrapper
| Device       : xcu55c-fsvh2892-2L-e
| Speed File   : -2L
| Design State : Routed
------------------------------------------------------------------------------------------

Utilization Design Information

Table of Contents
-----------------
1. SLR Connectivity
2. SLR Connectivity Matrix
3. SLR CLB Logic and Dedicated Block Utilization
4. SLR IO Utilization

1. SLR Connectivity
-------------------

+----------------------------------+-------+-------+-----------+-------+
|                                  |  Used | Fixed | Available | Util% |
+----------------------------------+-------+-------+-----------+-------+
| SLR2 <-> SLR1                    |  5713 |       |     23040 | 24.80 |
|   SLR1 -> SLR2                   |  2767 |       |           | 12.01 |
|     Using TX_REG only            |     0 |     0 |           |       |
|     Using RX_REG only            |     0 |     0 |           |       |
|     Using Both TX_REG and RX_REG |     0 |     0 |           |       |
|   SLR2 -> SLR1                   |  2946 |       |           | 12.79 |
|     Using TX_REG only            |     0 |     0 |           |       |
|     Using RX_REG only            |     0 |     0 |           |       |
|     Using Both TX_REG and RX_REG |     0 |     0 |           |       |
| SLR1 <-> SLR0                    |  6251 |       |     23040 | 27.13 |
|   SLR0 -> SLR1                   |  3178 |       |           | 13.79 |
|     Using TX_REG only            |     0 |     0 |           |       |
|     Using RX_REG only            |     0 |     0 |           |       |
|     Using Both TX_REG and RX_REG |     0 |     0 |           |       |
|   SLR1 -> SLR0                   |  3073 |       |           | 13.34 |
|     Using TX_REG only            |     0 |     0 |           |       |
|     Using RX_REG only            |     0 |     0 |           |       |
|     Using Both TX_REG and RX_REG |     0 |     0 |           |       |
+----------------------------------+-------+-------+-----------+-------+
| Total SLLs Used                  | 11964 |       |           |       |
+----------------------------------+-------+-------+-----------+-------+


2. SLR Connectivity Matrix
--------------------------

+-----------+------+------+------+
| FROM \ TO | SLR2 | SLR1 | SLR0 |
+-----------+------+------+------+
| SLR2      |    0 | 2809 |  137 |
| SLR1      | 2662 |    0 | 2936 |
| SLR0      |  105 | 3073 |    0 |
+-----------+------+------+------+


3. SLR CLB Logic and Dedicated Block Utilization
------------------------------------------------

+----------------------------+--------+--------+--------+--------+--------+--------+
|          Site Type         |  SLR0  |  SLR1  |  SLR2  | SLR0 % | SLR1 % | SLR2 % |
+----------------------------+--------+--------+--------+--------+--------+--------+
| CLB                        |  45754 |  32888 |  27971 |  83.25 |  60.90 |  51.80 |
|   CLBL                     |  24206 |  17553 |  14904 |  82.67 |  59.95 |  50.90 |
|   CLBM                     |  21548 |  15335 |  13067 |  83.91 |  62.03 |  52.86 |
| CLB LUTs                   | 239188 | 163836 | 125135 |  54.40 |  37.93 |  28.97 |
|   LUT as Logic             | 230595 | 158134 | 121606 |  52.45 |  36.61 |  28.15 |
|     using O5 output only   |   2038 |   1359 |    818 |   0.46 |   0.31 |   0.19 |
|     using O6 output only   | 155954 | 110436 |  82211 |  35.47 |  25.56 |  19.03 |
|     using O5 and O6        |  72603 |  46339 |  38577 |  16.51 |  10.73 |   8.93 |
|   LUT as Memory            |   8593 |   5702 |   3529 |   4.18 |   2.88 |   1.78 |
|     LUT as Distributed RAM |   3888 |   4176 |   1464 |   1.89 |   2.11 |   0.74 |
|       using O5 output only |      0 |      0 |      0 |   0.00 |   0.00 |   0.00 |
|       using O6 output only |    584 |    558 |    176 |   0.28 |   0.28 |   0.09 |
|       using O5 and O6      |   3304 |   3618 |   1288 |   1.61 |   1.83 |   0.65 |
|     LUT as Shift Register  |   4705 |   1526 |   2065 |   2.29 |   0.77 |   1.04 |
|       using O5 output only |      0 |      0 |      0 |   0.00 |   0.00 |   0.00 |
|       using O6 output only |   3719 |   1333 |   1894 |   1.81 |   0.67 |   0.96 |
|       using O5 and O6      |    986 |    193 |    171 |   0.48 |   0.10 |   0.09 |
| CLB Registers              | 189724 | 136583 |  96603 |  21.58 |  15.81 |  11.18 |
| CARRY8                     |  33212 |  17108 |  16539 |  60.43 |  31.68 |  30.63 |
| F7 Muxes                   |   1224 |   1622 |    566 |   0.56 |   0.75 |   0.26 |
| F8 Muxes                   |    191 |    266 |      0 |   0.17 |   0.25 |   0.00 |
| F9 Muxes                   |      0 |      0 |      0 |   0.00 |   0.00 |   0.00 |
| Block RAM Tile             |    103 |  117.5 |   73.5 |  15.33 |  17.49 |  10.94 |
|   RAMB36/FIFO              |     89 |    112 |     68 |  13.24 |  16.67 |  10.12 |
|   RAMB18                   |     28 |     11 |     11 |   2.08 |   0.82 |   0.82 |
| URAM                       |      0 |      0 |      0 |   0.00 |   0.00 |   0.00 |
| DSPs                       |   1372 |    686 |    690 |  47.64 |  22.33 |  22.46 |
| Unique Control Sets        |   3704 |   4117 |   1691 |   3.37 |   3.81 |   1.57 |
+----------------------------+--------+--------+--------+--------+--------+--------+
* Note: Available Control Sets based on CLB Registers / 8


4. SLR IO Utilization
---------------------

+-----------+-----------+---------+------------+----------+------------+----------+-----+
| SLR Index | Used IOBs | (%)IOBs | Used IPADs | (%)IPADs | Used OPADs | (%)OPADs | GTs |
+-----------+-----------+---------+------------+----------+------------+----------+-----+
| SLR2      |         0 |    0.00 |          0 |     0.00 |          0 |     0.00 |   0 |
| SLR1      |         0 |    0.00 |          0 |     0.00 |          0 |     0.00 |   0 |
| SLR0      |        12 |    5.77 |          0 |     0.00 |          0 |     0.00 |  16 |
+-----------+-----------+---------+------------+----------+------------+----------+-----+
| Total     |        12 |         |          0 |          |          0 |          |  16 |
+-----------+-----------+---------+------------+----------+------------+----------+-----+


