Copyright 1986-2022 Xilinx, Inc. All Rights Reserved.
----------------------------------------------------------------------------------------------------------------------------------------------------------------------------------------------------------------------------------------------------------------------------------------------------------------------------------------------------------------------------------------------------
| Tool Version : Vivado v.2022.2 (lin64) Build 3671981 Fri Oct 14 04:59:54 MDT 2022
| Date         : Sat May 25 01:30:43 2024
| Host         : egl running 64-bit Ubuntu 20.04.4 LTS
| Command      : report_accelerator_utilization -kernels { kernel_wrapper:level0_i/ulp/kernel_wrapper_1/inst:kernel_wrapper_1 kernel_wrapper:level0_i/ulp/kernel_wrapper_2/inst:kernel_wrapper_2 kernel_wrapper:level0_i/ulp/kernel_wrapper_3/inst:kernel_wrapper_3 kernel_wrapper:level0_i/ulp/kernel_wrapper_4/inst:kernel_wrapper_4} -file kernel_util_routed.rpt -name kernel_util_routed -json
| Design       : level0_wrapper
| Device       : xcu55c
| Design State : Fully Placed
----------------------------------------------------------------------------------------------------------------------------------------------------------------------------------------------------------------------------------------------------------------------------------------------------------------------------------------------------------------------------------------------------

Accelerator Utilization Design Information

Table of Contents
-----------------
1. System Utilization

1. System Utilization
---------------------

+---------------------+-------------------+------------------+-------------------+----------------+---------------+----------------+
| Name                | LUT               | LUTAsMem         | REG               | BRAM           | URAM          | DSP            |
+---------------------+-------------------+------------------+-------------------+----------------+---------------+----------------+
| Platform            |  127465 [  9.78%] |   9788 [  1.63%] |  175643 [  6.74%] |  200 [  9.92%] |   0 [  0.00%] |    4 [  0.04%] |
| User Budget         | 1176215 [100.00%] | 591172 [100.00%] | 2431717 [100.00%] | 1816 [100.00%] | 960 [100.00%] | 9020 [100.00%] |
|    Used Resources   |  400721 [ 34.07%] |   8036 [  1.36%] |  247267 [ 10.17%] |   92 [  5.07%] |   0 [  0.00%] | 2744 [ 30.42%] |
|    Unused Resources |  775494 [ 65.93%] | 583136 [ 98.64%] | 2184450 [ 89.83%] | 1724 [ 94.93%] | 960 [100.00%] | 6276 [ 69.58%] |
| kernel_wrapper      |  400721 [ 34.07%] |   8036 [  1.36%] |  247267 [ 10.17%] |   92 [  5.07%] |   0 [  0.00%] | 2744 [ 30.42%] |
|    kernel_wrapper_1 |   99981 [  8.50%] |   2009 [  0.34%] |   61809 [  2.54%] |   23 [  1.27%] |   0 [  0.00%] |  686 [  7.61%] |
|    kernel_wrapper_2 |   99975 [  8.50%] |   2009 [  0.34%] |   61819 [  2.54%] |   23 [  1.27%] |   0 [  0.00%] |  686 [  7.61%] |
|    kernel_wrapper_3 |  100195 [  8.52%] |   2009 [  0.34%] |   61829 [  2.54%] |   23 [  1.27%] |   0 [  0.00%] |  686 [  7.61%] |
|    kernel_wrapper_4 |  100570 [  8.55%] |   2009 [  0.34%] |   61810 [  2.54%] |   23 [  1.27%] |   0 [  0.00%] |  686 [  7.61%] |
+---------------------+-------------------+------------------+-------------------+----------------+---------------+----------------+


