Copyright 1986-2022 Xilinx, Inc. All Rights Reserved.
---------------------------------------------------------------------------------------
| Tool Version : Vivado v.2022.2 (lin64) Build 3671981 Fri Oct 14 04:59:54 MDT 2022
| Date         : Sat May 25 01:34:04 2024
| Host         : egl running 64-bit Ubuntu 20.04.4 LTS
| Command      : report_utilization -file full_util_routed.rpt -pb full_util_routed.pb
| Design       : level0_wrapper
| Device       : xcu55c-fsvh2892-2L-e
| Speed File   : -2L
| Design State : Routed
---------------------------------------------------------------------------------------

Utilization Design Information

Table of Contents
-----------------
1. CLB Logic
1.1 Summary of Registers by Type
2. CLB Logic Distribution
3. BLOCKRAM
4. ARITHMETIC
5. I/O
6. CLOCK
7. ADVANCED
8. CONFIGURATION
9. Primitives
10. Black Boxes
11. Instantiated Netlists
12. SLR Connectivity
13. SLR Connectivity Matrix
14. SLR CLB Logic and Dedicated Block Utilization
15. SLR IO Utilization

1. CLB Logic
------------

+----------------------------+--------+--------+------------+-----------+-------+
|          Site Type         |  Used  |  Fixed | Prohibited | Available | Util% |
+----------------------------+--------+--------+------------+-----------+-------+
| CLB LUTs                   | 528159 | 107889 |          0 |   1303680 | 40.51 |
|   LUT as Logic             | 510335 | 101912 |          0 |   1303680 | 39.15 |
|   LUT as Memory            |  17824 |   5977 |          0 |    600960 |  2.97 |
|     LUT as Distributed RAM |   9528 |   4564 |            |           |       |
|     LUT as Shift Register  |   8296 |   1413 |            |           |       |
| CLB Registers              | 422910 | 136116 |          0 |   2607360 | 16.22 |
|   Register as Flip Flop    | 422906 | 136112 |          0 |   2607360 | 16.22 |
|   Register as Latch        |      0 |      0 |          0 |   2607360 |  0.00 |
|   Register as AND/OR       |      4 |      4 |          0 |   2607360 | <0.01 |
| CARRY8                     |  66859 |    946 |          0 |    162960 | 41.03 |
| F7 Muxes                   |   3412 |   1684 |          0 |    651840 |  0.52 |
| F8 Muxes                   |    457 |    451 |          0 |    325920 |  0.14 |
| F9 Muxes                   |      0 |      0 |          0 |    162960 |  0.00 |
+----------------------------+--------+--------+------------+-----------+-------+
* Warning! LUT value is adjusted to account for LUT combining.


1.1 Summary of Registers by Type
--------------------------------

+--------+--------------+-------------+--------------+
|  Total | Clock Enable | Synchronous | Asynchronous |
+--------+--------------+-------------+--------------+
| 4      |            _ |           - |            - |
| 0      |            _ |           - |          Set |
| 0      |            _ |           - |        Reset |
| 0      |            _ |         Set |            - |
| 0      |            _ |       Reset |            - |
| 0      |          Yes |           - |            - |
| 392    |          Yes |           - |          Set |
| 4114   |          Yes |           - |        Reset |
| 5156   |          Yes |         Set |            - |
| 413244 |          Yes |       Reset |            - |
+--------+--------------+-------------+--------------+


2. CLB Logic Distribution
-------------------------

+--------------------------------------------+--------+--------+------------+-----------+-------+
|                  Site Type                 |  Used  |  Fixed | Prohibited | Available | Util% |
+--------------------------------------------+--------+--------+------------+-----------+-------+
| CLB                                        | 106613 |      0 |          0 |    162960 | 65.42 |
|   CLBL                                     |  56663 |      0 |            |           |       |
|   CLBM                                     |  49950 |      0 |            |           |       |
| LUT as Logic                               | 510335 | 101912 |          0 |   1303680 | 39.15 |
|   using O5 output only                     |   4215 |        |            |           |       |
|   using O6 output only                     | 348601 |        |            |           |       |
|   using O5 and O6                          | 157519 |        |            |           |       |
| LUT as Memory                              |  17824 |   5977 |          0 |    600960 |  2.97 |
|   LUT as Distributed RAM                   |   9528 |   4564 |            |           |       |
|     using O5 output only                   |      0 |        |            |           |       |
|     using O6 output only                   |   1318 |        |            |           |       |
|     using O5 and O6                        |   8210 |        |            |           |       |
|   LUT as Shift Register                    |   8296 |   1413 |            |           |       |
|     using O5 output only                   |      0 |        |            |           |       |
|     using O6 output only                   |   6946 |        |            |           |       |
|     using O5 and O6                        |   1350 |        |            |           |       |
| CLB Registers                              | 422910 |      0 |          0 |   2607360 | 16.22 |
|   Register driven from within the CLB      | 279833 |        |            |           |       |
|   Register driven from outside the CLB     | 143077 |        |            |           |       |
|     LUT in front of the register is unused |  84030 |        |            |           |       |
|     LUT in front of the register is used   |  59047 |        |            |           |       |
| Unique Control Sets                        |   9441 |        |          0 |    325920 |  2.90 |
+--------------------------------------------+--------+--------+------------+-----------+-------+
* * Note: Available Control Sets calculated as Slices * 2, Review the Control Sets Report for more information regarding control sets.


3. BLOCKRAM
-----------

+-------------------+------+-------+------------+-----------+-------+
|     Site Type     | Used | Fixed | Prohibited | Available | Util% |
+-------------------+------+-------+------------+-----------+-------+
| Block RAM Tile    |  294 |     0 |          0 |      2016 | 14.58 |
|   RAMB36/FIFO*    |  269 |   193 |          0 |      2016 | 13.34 |
|     RAMB36E2 only |  269 |       |            |           |       |
|   RAMB18          |   50 |     6 |          0 |      4032 |  1.24 |
|     RAMB18E2 only |   50 |       |            |           |       |
| URAM              |    0 |     0 |          0 |       960 |  0.00 |
+-------------------+------+-------+------------+-----------+-------+
* Note: Each Block RAM Tile only has one FIFO logic available and therefore can accommodate only one FIFO36E2 or one FIFO18E2. However, if a FIFO18E2 occupies a Block RAM Tile, that tile can still accommodate a RAMB18E2


4. ARITHMETIC
-------------

+----------------+------+-------+------------+-----------+-------+
|    Site Type   | Used | Fixed | Prohibited | Available | Util% |
+----------------+------+-------+------------+-----------+-------+
| DSPs           | 2748 |     4 |          0 |      9024 | 30.45 |
|   DSP48E2 only | 2748 |       |            |           |       |
+----------------+------+-------+------------+-----------+-------+


5. I/O
------

+------------------+------+-------+------------+-----------+-------+
|     Site Type    | Used | Fixed | Prohibited | Available | Util% |
+------------------+------+-------+------------+-----------+-------+
| Bonded IOB       |   12 |    12 |          0 |       624 |  1.92 |
| HPIOB_M          |    6 |     6 |          0 |       288 |  2.08 |
|   INPUT          |    3 |       |            |           |       |
|   OUTPUT         |    3 |       |            |           |       |
|   BIDIR          |    0 |       |            |           |       |
| HPIOB_S          |    5 |     5 |          0 |       288 |  1.74 |
|   INPUT          |    5 |       |            |           |       |
|   OUTPUT         |    0 |       |            |           |       |
|   BIDIR          |    0 |       |            |           |       |
| HPIOB_SNGL       |    1 |     1 |          0 |        48 |  2.08 |
|   INPUT          |    1 |       |            |           |       |
|   OUTPUT         |    0 |       |            |           |       |
|   BIDIR          |    0 |       |            |           |       |
| HPIOBDIFFINBUF   |    1 |     1 |          0 |       288 |  0.35 |
|   DIFFINBUF      |    1 |     1 |            |           |       |
| HPIOBDIFFOUTBUF  |    0 |     0 |          0 |       288 |  0.00 |
| BITSLICE_CONTROL |    0 |     0 |          0 |        96 |  0.00 |
| BITSLICE_RX_TX   |    0 |     0 |          0 |      3744 |  0.00 |
| BITSLICE_TX      |    0 |     0 |          0 |        96 |  0.00 |
| RIU_OR           |    0 |     0 |          0 |        48 |  0.00 |
+------------------+------+-------+------------+-----------+-------+


6. CLOCK
--------

+----------------------+------+-------+------------+-----------+-------+
|       Site Type      | Used | Fixed | Prohibited | Available | Util% |
+----------------------+------+-------+------------+-----------+-------+
| GLOBAL CLOCK BUFFERs |   42 |    31 |          0 |      1008 |  4.17 |
|   BUFGCE             |   17 |     6 |          0 |       288 |  5.90 |
|   BUFGCE_DIV         |    1 |     1 |          0 |        48 |  2.08 |
|   BUFG_GT            |   22 |    22 |          0 |       576 |  3.82 |
|   BUFGCTRL*          |    1 |     1 |          0 |        96 |  1.04 |
| PLL                  |    1 |     1 |          0 |        24 |  4.17 |
| MMCM                 |    3 |     1 |          0 |        12 | 25.00 |
+----------------------+------+-------+------------+-----------+-------+
* Note: Each used BUFGCTRL counts as two GLOBAL CLOCK BUFFERs. This table does not include global clocking resources, only buffer cell usage. See the Clock Utilization Report (report_clock_utilization) for detailed accounting of global clocking resource availability.


7. ADVANCED
-----------

+----------------------+------+-------+------------+-----------+--------+
|       Site Type      | Used | Fixed | Prohibited | Available |  Util% |
+----------------------+------+-------+------------+-----------+--------+
| CMACE4               |    0 |     0 |          0 |         8 |   0.00 |
| GTYE4_CHANNEL        |   16 |    16 |          0 |        40 |  40.00 |
| GTYE4_COMMON         |    4 |     4 |          0 |        10 |  40.00 |
| HBM_REF_CLK          |    2 |     2 |          0 |         2 | 100.00 |
| HBM_SNGLBLI_INTF_APB |    2 |     2 |          0 |        32 |   6.25 |
| HBM_SNGLBLI_INTF_AXI |   32 |    32 |          0 |        32 | 100.00 |
| ILKNE4               |    0 |     0 |          0 |         4 |   0.00 |
| OBUFDS_GTE4          |    0 |     0 |          0 |        20 |   0.00 |
| OBUFDS_GTE4_ADV      |    0 |     0 |          0 |        20 |   0.00 |
| PCIE40E4             |    0 |     0 |          0 |         2 |   0.00 |
| PCIE4CE4             |    1 |     1 |          0 |         4 |  25.00 |
| SYSMONE4             |    0 |     0 |          0 |         3 |   0.00 |
+----------------------+------+-------+------------+-----------+--------+


8. CONFIGURATION
----------------

+-------------+------+-------+------------+-----------+-------+
|  Site Type  | Used | Fixed | Prohibited | Available | Util% |
+-------------+------+-------+------------+-----------+-------+
| BSCANE2     |    1 |     1 |          0 |        12 |  8.33 |
| DNA_PORTE2  |    0 |     0 |          0 |         3 |  0.00 |
| EFUSE_USR   |    0 |     0 |          0 |         3 |  0.00 |
| FRAME_ECCE4 |    0 |     0 |          0 |         3 |  0.00 |
| ICAPE3      |    1 |     1 |          0 |         6 | 16.67 |
| MASTER_JTAG |    0 |     0 |          0 |         3 |  0.00 |
| STARTUPE3   |    1 |     1 |          0 |         3 | 33.33 |
+-------------+------+-------+------------+-----------+-------+


9. Primitives
-------------

+----------------------+--------+---------------------+
|       Ref Name       |  Used  | Functional Category |
+----------------------+--------+---------------------+
| FDRE                 | 413244 |            Register |
| LUT2                 | 197297 |                 CLB |
| LUT3                 | 149844 |                 CLB |
| LUT4                 | 121142 |                 CLB |
| LUT6                 | 101439 |                 CLB |
| CARRY8               |  66859 |                 CLB |
| LUT5                 |  62904 |                 CLB |
| LUT1                 |  35228 |                 CLB |
| RAMD32               |  14440 |                 CLB |
| SRL16E               |   5969 |                 CLB |
| FDSE                 |   5156 |            Register |
| FDCE                 |   4114 |            Register |
| SRLC32E              |   3663 |                 CLB |
| MUXF7                |   3412 |                 CLB |
| DSP48E2              |   2748 |          Arithmetic |
| RAMS32               |   2042 |                 CLB |
| RAMD64E              |   1216 |                 CLB |
| MUXF8                |    457 |                 CLB |
| FDPE                 |    392 |            Register |
| RAMB36E2             |    269 |            BLOCKRAM |
| RAMB18E2             |     50 |            BLOCKRAM |
| RAMS64E              |     40 |                 CLB |
| HBM_SNGLBLI_INTF_AXI |     32 |            Advanced |
| BUFG_GT              |     22 |               Clock |
| BUFG_GT_SYNC         |     17 |               Clock |
| BUFGCE               |     17 |               Clock |
| GTYE4_CHANNEL        |     16 |            Advanced |
| SRLC16E              |     14 |                 CLB |
| IBUFCTRL             |      8 |              Others |
| INBUF                |      7 |                 I/O |
| GTYE4_COMMON         |      4 |            Advanced |
| AND2B1L              |      4 |              Others |
| OBUF                 |      3 |                 I/O |
| MMCME4_ADV           |      3 |               Clock |
| HBM_SNGLBLI_INTF_APB |      2 |            Advanced |
| HBM_REF_CLK          |      2 |            Advanced |
| STARTUPE3            |      1 |       Configuration |
| PLLE4_ADV            |      1 |               Clock |
| PCIE4CE4             |      1 |            Advanced |
| ICAPE3               |      1 |       Configuration |
| IBUFDS_GTE4          |      1 |                 I/O |
| DIFFINBUF            |      1 |                 I/O |
| BUFGCTRL             |      1 |               Clock |
| BUFGCE_DIV           |      1 |               Clock |
| BSCANE2              |      1 |       Configuration |
+----------------------+--------+---------------------+


10. Black Boxes
---------------

+----------+------+
| Ref Name | Used |
+----------+------+


11. Instantiated Netlists
-------------------------

+--------------------------------------------+------+
|                  Ref Name                  | Used |
+--------------------------------------------+------+
| xsdbm                                      |    1 |
| ulp_xbar_1                                 |    1 |
| ulp_xbar_0                                 |    1 |
| ulp_ulp_ucs_0                              |    1 |
| ulp_ulp_cmp_0                              |    1 |
| ulp_s00_regslice_17                        |    1 |
| ulp_s00_regslice_16                        |    1 |
| ulp_s00_regslice_15                        |    1 |
| ulp_regslice_control_userpf_2              |    1 |
| ulp_regslice_control_userpf_1              |    1 |
| ulp_regslice_control_userpf_0              |    1 |
| ulp_proc_sys_reset_kernel_slr0_0           |    1 |
| ulp_proc_sys_reset_ctrl_slr2_0             |    1 |
| ulp_proc_sys_reset_ctrl_slr1_0             |    1 |
| ulp_proc_sys_reset_ctrl_slr0_0             |    1 |
| ulp_m04_regslice_0                         |    1 |
| ulp_m03_regslice_0                         |    1 |
| ulp_m02_regslice_0                         |    1 |
| ulp_m01_regslice_0                         |    1 |
| ulp_m00_regslice_0                         |    1 |
| ulp_kernel_wrapper_4_0                     |    1 |
| ulp_kernel_wrapper_3_0                     |    1 |
| ulp_kernel_wrapper_2_0                     |    1 |
| ulp_kernel_wrapper_1_0                     |    1 |
| ulp_ii_level0_wire_0                       |    1 |
| ulp_hmss_0_0                               |    1 |
| ulp_axi_vip_data_0                         |    1 |
| ulp_axi_vip_ctrl_userpf_2                  |    1 |
| ulp_axi_vip_ctrl_userpf_1                  |    1 |
| ulp_axi_vip_ctrl_userpf_0                  |    1 |
| ulp_axi_gpio_null_2                        |    1 |
| ulp_axi_gpio_null_1                        |    1 |
| ulp_axi_gpio_null_0                        |    1 |
| ulp_auto_cc_6                              |    1 |
| ulp_auto_cc_5                              |    1 |
| ulp_auto_cc_4                              |    1 |
| ulp_auto_cc_3                              |    1 |
| ulp_auto_cc_2                              |    1 |
| ulp_auto_cc_1                              |    1 |
| ulp_auto_cc_0                              |    1 |
| ulp                                        |    1 |
| level0_ii_level0_pipe_0                    |    1 |
| blp_wrapper                                |    1 |
| bd_85ad_vip_S08_0                          |    1 |
| bd_85ad_vip_S07_0                          |    1 |
| bd_85ad_vip_S06_0                          |    1 |
| bd_85ad_vip_S05_0                          |    1 |
| bd_85ad_vip_S04_0                          |    1 |
| bd_85ad_vip_S03_0                          |    1 |
| bd_85ad_vip_S02_0                          |    1 |
| bd_85ad_vip_S01_0                          |    1 |
| bd_85ad_vip_S00_0                          |    1 |
| bd_85ad_util_vector_logic_0                |    1 |
| bd_85ad_slice8_28_0                        |    1 |
| bd_85ad_slice7_24_0                        |    1 |
| bd_85ad_slice6_20_0                        |    1 |
| bd_85ad_slice5_16_0                        |    1 |
| bd_85ad_slice4_12_0                        |    1 |
| bd_85ad_slice3_8_0                         |    1 |
| bd_85ad_slice2_4_0                         |    1 |
| bd_85ad_slice1_0_0                         |    1 |
| bd_85ad_slice0_13_0                        |    1 |
| bd_85ad_interconnect8_28_0                 |    1 |
| bd_85ad_interconnect7_24_0                 |    1 |
| bd_85ad_interconnect6_20_0                 |    1 |
| bd_85ad_interconnect5_16_0                 |    1 |
| bd_85ad_interconnect4_12_0                 |    1 |
| bd_85ad_interconnect3_8_0                  |    1 |
| bd_85ad_interconnect2_4_0                  |    1 |
| bd_85ad_interconnect1_0_0                  |    1 |
| bd_85ad_interconnect0_13_0                 |    1 |
| bd_85ad_init_reduce_0                      |    1 |
| bd_85ad_hbm_reset_sync_SLR2_0              |    1 |
| bd_85ad_hbm_reset_sync_SLR0_0              |    1 |
| bd_85ad_hbm_inst_0                         |    1 |
| bd_85ad_axi_apb_bridge_inst_0              |    1 |
| bd_7cf0_bsip_0                             |    1 |
| bd_7cf0_bs_switch_1_0                      |    1 |
| bd_7cf0_axi_jtag_0                         |    1 |
| bd_58f6_xsdbm_0                            |    1 |
| bd_58f6_lut_buffer_0                       |    1 |
| bd_22c0_xbar_1                             |    1 |
| bd_22c0_xbar_0                             |    1 |
| bd_22c0_psreset_kernel_01_0                |    1 |
| bd_22c0_psreset_kernel_00_0                |    1 |
| bd_22c0_psreset_hbm_0                      |    1 |
| bd_22c0_psreset_aclk_freerun_0             |    1 |
| bd_22c0_gpio_ucs_control_status_0          |    1 |
| bd_22c0_gpio_gapping_demand_0              |    1 |
| bd_22c0_gapping_demand_update_0            |    1 |
| bd_22c0_gapping_demand_toggle_0            |    1 |
| bd_22c0_frequency_counter_aclk_kernel_01_0 |    1 |
| bd_22c0_frequency_counter_aclk_kernel_00_0 |    1 |
| bd_22c0_frequency_counter_aclk_hbm_0       |    1 |
| bd_22c0_frequency_counter_aclk_0           |    1 |
| bd_22c0_fanout_aresetn_pcie_slr2_4_0       |    1 |
| bd_22c0_fanout_aresetn_pcie_slr2_3_0       |    1 |
| bd_22c0_fanout_aresetn_pcie_slr2_2_0       |    1 |
| bd_22c0_fanout_aresetn_pcie_slr2_1_0       |    1 |
| bd_22c0_fanout_aresetn_pcie_slr1_4_0       |    1 |
| bd_22c0_fanout_aresetn_pcie_slr1_3_0       |    1 |
| bd_22c0_fanout_aresetn_pcie_slr1_2_0       |    1 |
| bd_22c0_fanout_aresetn_pcie_slr1_1_0       |    1 |
| bd_22c0_fanout_aresetn_pcie_slr0_4_0       |    1 |
| bd_22c0_fanout_aresetn_pcie_slr0_3_0       |    1 |
| bd_22c0_fanout_aresetn_pcie_slr0_2_0       |    1 |
| bd_22c0_fanout_aresetn_pcie_slr0_1_0       |    1 |
| bd_22c0_fanout_aresetn_kernel_01_slr2_4_0  |    1 |
| bd_22c0_fanout_aresetn_kernel_01_slr2_3_0  |    1 |
| bd_22c0_fanout_aresetn_kernel_01_slr2_2_0  |    1 |
| bd_22c0_fanout_aresetn_kernel_01_slr2_1_0  |    1 |
| bd_22c0_fanout_aresetn_kernel_01_slr1_4_0  |    1 |
| bd_22c0_fanout_aresetn_kernel_01_slr1_3_0  |    1 |
| bd_22c0_fanout_aresetn_kernel_01_slr1_2_0  |    1 |
| bd_22c0_fanout_aresetn_kernel_01_slr1_1_0  |    1 |
| bd_22c0_fanout_aresetn_kernel_01_slr0_4_0  |    1 |
| bd_22c0_fanout_aresetn_kernel_01_slr0_3_0  |    1 |
| bd_22c0_fanout_aresetn_kernel_01_slr0_2_0  |    1 |
| bd_22c0_fanout_aresetn_kernel_01_slr0_1_0  |    1 |
| bd_22c0_fanout_aresetn_kernel_00_slr2_4_0  |    1 |
| bd_22c0_fanout_aresetn_kernel_00_slr2_3_0  |    1 |
| bd_22c0_fanout_aresetn_kernel_00_slr2_2_0  |    1 |
| bd_22c0_fanout_aresetn_kernel_00_slr2_1_0  |    1 |
| bd_22c0_fanout_aresetn_kernel_00_slr1_4_0  |    1 |
| bd_22c0_fanout_aresetn_kernel_00_slr1_3_0  |    1 |
| bd_22c0_fanout_aresetn_kernel_00_slr1_2_0  |    1 |
| bd_22c0_fanout_aresetn_kernel_00_slr1_1_0  |    1 |
| bd_22c0_fanout_aresetn_kernel_00_slr0_4_0  |    1 |
| bd_22c0_fanout_aresetn_kernel_00_slr0_3_0  |    1 |
| bd_22c0_fanout_aresetn_kernel_00_slr0_2_0  |    1 |
| bd_22c0_fanout_aresetn_kernel_00_slr0_1_0  |    1 |
| bd_22c0_fanout_aresetn_hbm_0               |    1 |
| bd_22c0_fanout_aresetn_ctrl_slr2_4_0       |    1 |
| bd_22c0_fanout_aresetn_ctrl_slr2_3_0       |    1 |
| bd_22c0_fanout_aresetn_ctrl_slr2_2_0       |    1 |
| bd_22c0_fanout_aresetn_ctrl_slr2_1_0       |    1 |
| bd_22c0_fanout_aresetn_ctrl_slr1_4_0       |    1 |
| bd_22c0_fanout_aresetn_ctrl_slr1_3_0       |    1 |
| bd_22c0_fanout_aresetn_ctrl_slr1_2_0       |    1 |
| bd_22c0_fanout_aresetn_ctrl_slr1_1_0       |    1 |
| bd_22c0_fanout_aresetn_ctrl_slr0_4_0       |    1 |
| bd_22c0_fanout_aresetn_ctrl_slr0_3_0       |    1 |
| bd_22c0_fanout_aresetn_ctrl_slr0_2_0       |    1 |
| bd_22c0_fanout_aresetn_ctrl_slr0_1_0       |    1 |
| bd_22c0_clock_throttling_avg_0             |    1 |
| bd_22c0_clock_throttling_aclk_kernel_01_0  |    1 |
| bd_22c0_clock_throttling_aclk_kernel_00_0  |    1 |
| bd_22c0_clock_shutdown_latch_0             |    1 |
| bd_22c0_clkwiz_hbm_0                       |    1 |
| bd_22c0_clkwiz_aclk_kernel_01_0            |    1 |
| bd_22c0_clkwiz_aclk_kernel_00_0            |    1 |
| bd_22c0_clk_hbm_adapt_0                    |    1 |
| bd_22c0_build_info_0                       |    1 |
| bd_22c0_auto_cc_0                          |    1 |
| bd_22c0_aclk_kernel_01_cont_adapt_0        |    1 |
| bd_22c0_aclk_kernel_01_adapt_0             |    1 |
| bd_22c0_aclk_kernel_00_cont_adapt_0        |    1 |
| bd_22c0_aclk_kernel_00_adapt_0             |    1 |
| bd_097b_user_debug_hub_0                   |    1 |
| bd_097b_user_debug_bridge_0                |    1 |
| bd_097b_build_info_0                       |    1 |
+--------------------------------------------+------+


12. SLR Connectivity
--------------------

+----------------------------------+-------+-------+-----------+-------+
|                                  |  Used | Fixed | Available | Util% |
+----------------------------------+-------+-------+-----------+-------+
| SLR2 <-> SLR1                    |  5713 |       |     23040 | 24.80 |
|   SLR1 -> SLR2                   |  2767 |       |           | 12.01 |
|     Using TX_REG only            |     0 |     0 |           |       |
|     Using RX_REG only            |     0 |     0 |           |       |
|     Using Both TX_REG and RX_REG |     0 |     0 |           |       |
|   SLR2 -> SLR1                   |  2946 |       |           | 12.79 |
|     Using TX_REG only            |     0 |     0 |           |       |
|     Using RX_REG only            |     0 |     0 |           |       |
|     Using Both TX_REG and RX_REG |     0 |     0 |           |       |
| SLR1 <-> SLR0                    |  6251 |       |     23040 | 27.13 |
|   SLR0 -> SLR1                   |  3178 |       |           | 13.79 |
|     Using TX_REG only            |     0 |     0 |           |       |
|     Using RX_REG only            |     0 |     0 |           |       |
|     Using Both TX_REG and RX_REG |     0 |     0 |           |       |
|   SLR1 -> SLR0                   |  3073 |       |           | 13.34 |
|     Using TX_REG only            |     0 |     0 |           |       |
|     Using RX_REG only            |     0 |     0 |           |       |
|     Using Both TX_REG and RX_REG |     0 |     0 |           |       |
+----------------------------------+-------+-------+-----------+-------+
| Total SLLs Used                  | 11964 |       |           |       |
+----------------------------------+-------+-------+-----------+-------+


13. SLR Connectivity Matrix
---------------------------

+-----------+------+------+------+
| FROM \ TO | SLR2 | SLR1 | SLR0 |
+-----------+------+------+------+
| SLR2      |    0 | 2809 |  137 |
| SLR1      | 2662 |    0 | 2936 |
| SLR0      |  105 | 3073 |    0 |
+-----------+------+------+------+


14. SLR CLB Logic and Dedicated Block Utilization
-------------------------------------------------

+----------------------------+--------+--------+--------+--------+--------+--------+
|          Site Type         |  SLR0  |  SLR1  |  SLR2  | SLR0 % | SLR1 % | SLR2 % |
+----------------------------+--------+--------+--------+--------+--------+--------+
| CLB                        |  45754 |  32888 |  27971 |  83.25 |  60.90 |  51.80 |
|   CLBL                     |  24206 |  17553 |  14904 |  82.67 |  59.95 |  50.90 |
|   CLBM                     |  21548 |  15335 |  13067 |  83.91 |  62.03 |  52.86 |
| CLB LUTs                   | 239188 | 163836 | 125135 |  54.40 |  37.93 |  28.97 |
|   LUT as Logic             | 230595 | 158134 | 121606 |  52.45 |  36.61 |  28.15 |
|     using O5 output only   |   2038 |   1359 |    818 |   0.46 |   0.31 |   0.19 |
|     using O6 output only   | 155954 | 110436 |  82211 |  35.47 |  25.56 |  19.03 |
|     using O5 and O6        |  72603 |  46339 |  38577 |  16.51 |  10.73 |   8.93 |
|   LUT as Memory            |   8593 |   5702 |   3529 |   4.18 |   2.88 |   1.78 |
|     LUT as Distributed RAM |   3888 |   4176 |   1464 |   1.89 |   2.11 |   0.74 |
|       using O5 output only |      0 |      0 |      0 |   0.00 |   0.00 |   0.00 |
|       using O6 output only |    584 |    558 |    176 |   0.28 |   0.28 |   0.09 |
|       using O5 and O6      |   3304 |   3618 |   1288 |   1.61 |   1.83 |   0.65 |
|     LUT as Shift Register  |   4705 |   1526 |   2065 |   2.29 |   0.77 |   1.04 |
|       using O5 output only |      0 |      0 |      0 |   0.00 |   0.00 |   0.00 |
|       using O6 output only |   3719 |   1333 |   1894 |   1.81 |   0.67 |   0.96 |
|       using O5 and O6      |    986 |    193 |    171 |   0.48 |   0.10 |   0.09 |
| CLB Registers              | 189724 | 136583 |  96603 |  21.58 |  15.81 |  11.18 |
| CARRY8                     |  33212 |  17108 |  16539 |  60.43 |  31.68 |  30.63 |
| F7 Muxes                   |   1224 |   1622 |    566 |   0.56 |   0.75 |   0.26 |
| F8 Muxes                   |    191 |    266 |      0 |   0.17 |   0.25 |   0.00 |
| F9 Muxes                   |      0 |      0 |      0 |   0.00 |   0.00 |   0.00 |
| Block RAM Tile             |    103 |  117.5 |   73.5 |  15.33 |  17.49 |  10.94 |
|   RAMB36/FIFO              |     89 |    112 |     68 |  13.24 |  16.67 |  10.12 |
|   RAMB18                   |     28 |     11 |     11 |   2.08 |   0.82 |   0.82 |
| URAM                       |      0 |      0 |      0 |   0.00 |   0.00 |   0.00 |
| DSPs                       |   1372 |    686 |    690 |  47.64 |  22.33 |  22.46 |
| Unique Control Sets        |   3704 |   4117 |   1691 |   3.37 |   3.81 |   1.57 |
+----------------------------+--------+--------+--------+--------+--------+--------+
* Note: Available Control Sets based on CLB Registers / 8


15. SLR IO Utilization
----------------------

+-----------+-----------+---------+------------+----------+------------+----------+-----+
| SLR Index | Used IOBs | (%)IOBs | Used IPADs | (%)IPADs | Used OPADs | (%)OPADs | GTs |
+-----------+-----------+---------+------------+----------+------------+----------+-----+
| SLR2      |         0 |    0.00 |          0 |     0.00 |          0 |     0.00 |   0 |
| SLR1      |         0 |    0.00 |          0 |     0.00 |          0 |     0.00 |   0 |
| SLR0      |        12 |    5.77 |          0 |     0.00 |          0 |     0.00 |  16 |
+-----------+-----------+---------+------------+----------+------------+----------+-----+
| Total     |        12 |         |          0 |          |          0 |          |  16 |
+-----------+-----------+---------+------------+----------+------------+----------+-----+


