Copyright 1986-2022 Xilinx, Inc. All Rights Reserved.
------------------------------------------------------------------------------------------------------------------------------------------------------------------------------------------------------------------------------------------------------------------------------------------------------------------------------------------------------------------------------------------------------
| Tool Version : Vivado v.2022.2 (lin64) Build 3671981 Fri Oct 14 04:59:54 MDT 2022
| Date         : Fri May 24 21:16:54 2024
| Host         : egl running 64-bit Ubuntu 20.04.4 LTS
| Command      : report_accelerator_utilization -kernels { kernel_wrapper:level0_i/ulp/kernel_wrapper_1/inst:kernel_wrapper_1 kernel_wrapper:level0_i/ulp/kernel_wrapper_2/inst:kernel_wrapper_2 kernel_wrapper:level0_i/ulp/kernel_wrapper_3/inst:kernel_wrapper_3 kernel_wrapper:level0_i/ulp/kernel_wrapper_4/inst:kernel_wrapper_4} -file kernel_util_synthed.rpt -name kernel_util_synthed -json
| Design       : level0_wrapper
| Device       : xcu55c
| Design State : Synthesized
------------------------------------------------------------------------------------------------------------------------------------------------------------------------------------------------------------------------------------------------------------------------------------------------------------------------------------------------------------------------------------------------------

Accelerator Utilization Design Information

Table of Contents
-----------------
1. System Utilization

1. System Utilization
---------------------

+---------------------+-------------------+------------------+-------------------+----------------+---------------+----------------+
| Name                | LUT               | LUTAsMem         | REG               | BRAM           | URAM          | DSP            |
+---------------------+-------------------+------------------+-------------------+----------------+---------------+----------------+
| Platform            |  143514 [ 11.01%] |  11390 [  1.90%] |  182654 [  7.01%] |  200 [  9.92%] |   0 [  0.00%] |    4 [  0.04%] |
| User Budget         | 1160166 [100.00%] | 589570 [100.00%] | 2424706 [100.00%] | 1816 [100.00%] | 960 [100.00%] | 9020 [100.00%] |
|    Used Resources   |  440924 [ 38.01%] |  10144 [  1.72%] |  255632 [ 10.54%] |   92 [  5.07%] |   0 [  0.00%] | 2744 [ 30.42%] |
|    Unused Resources |  719242 [ 61.99%] | 579426 [ 98.28%] | 2169074 [ 89.46%] | 1724 [ 94.93%] | 960 [100.00%] | 6276 [ 69.58%] |
| kernel_wrapper      |  440924 [ 38.01%] |  10144 [  1.72%] |  255632 [ 10.54%] |   92 [  5.07%] |   0 [  0.00%] | 2744 [ 30.42%] |
|    kernel_wrapper_1 |  110231 [  9.50%] |   2536 [  0.43%] |   63908 [  2.64%] |   23 [  1.27%] |   0 [  0.00%] |  686 [  7.61%] |
|    kernel_wrapper_2 |  110231 [  9.50%] |   2536 [  0.43%] |   63908 [  2.64%] |   23 [  1.27%] |   0 [  0.00%] |  686 [  7.61%] |
|    kernel_wrapper_3 |  110231 [  9.50%] |   2536 [  0.43%] |   63908 [  2.64%] |   23 [  1.27%] |   0 [  0.00%] |  686 [  7.61%] |
|    kernel_wrapper_4 |  110231 [  9.50%] |   2536 [  0.43%] |   63908 [  2.64%] |   23 [  1.27%] |   0 [  0.00%] |  686 [  7.61%] |
+---------------------+-------------------+------------------+-------------------+----------------+---------------+----------------+


