

================================================================
== Vitis HLS Report for 'dense_latency_ap_fixed_16_6_5_3_0_ap_fixed_16_6_5_3_0_config2_mult_s'
================================================================
* Date:           Fri May 24 19:21:11 2024

* Version:        2022.2 (Build 3670227 on Oct 13 2022)
* Project:        kernel_wrapper
* Solution:       solution (Vitis Kernel Flow Target)
* Product family: virtexuplus
* Target device:  xcu55c-fsvh2892-2L-e


================================================================
== Performance Estimates
================================================================
+ Timing: 
    * Summary: 
    +--------+---------+----------+------------+
    |  Clock |  Target | Estimated| Uncertainty|
    +--------+---------+----------+------------+
    |ap_clk  |  3.33 ns|  2.275 ns|     0.90 ns|
    +--------+---------+----------+------------+

+ Latency: 
    * Summary: 
    +---------+---------+----------+----------+-----+-----+---------+
    |  Latency (cycles) |  Latency (absolute) |  Interval | Pipeline|
    |   min   |   max   |    min   |    max   | min | max |   Type  |
    +---------+---------+----------+----------+-----+-----+---------+
    |        2|        2|  6.666 ns|  6.666 ns|    1|    1|      yes|
    +---------+---------+----------+----------+-----+-----+---------+

    + Detail: 
        * Instance: 
        N/A

        * Loop: 
        N/A



================================================================
== Utilization Estimates
================================================================
* Summary: 
+---------------------+---------+------+---------+---------+-----+
|         Name        | BRAM_18K|  DSP |    FF   |   LUT   | URAM|
+---------------------+---------+------+---------+---------+-----+
|DSP                  |        -|     -|        -|        -|    -|
|Expression           |        -|     -|        0|     6513|    -|
|FIFO                 |        -|     -|        -|        -|    -|
|Instance             |        -|    53|        0|      265|    -|
|Memory               |        -|     -|        -|        -|    -|
|Multiplexer          |        -|     -|        -|      224|    -|
|Register             |        -|     -|     2874|        -|    -|
+---------------------+---------+------+---------+---------+-----+
|Total                |        0|    53|     2874|     7002|    0|
+---------------------+---------+------+---------+---------+-----+
|Available SLR        |     1344|  3008|   869120|   434560|  320|
+---------------------+---------+------+---------+---------+-----+
|Utilization SLR (%)  |        0|     1|       ~0|        1|    0|
+---------------------+---------+------+---------+---------+-----+
|Available            |     4032|  9024|  2607360|  1303680|  960|
+---------------------+---------+------+---------+---------+-----+
|Utilization (%)      |        0|    ~0|       ~0|       ~0|    0|
+---------------------+---------+------+---------+---------+-----+

+ Detail: 
    * Instance: 
    +------------------------+--------------------+---------+----+---+----+-----+
    |        Instance        |       Module       | BRAM_18K| DSP| FF| LUT| URAM|
    +------------------------+--------------------+---------+----+---+----+-----+
    |mul_16s_5ns_21_1_0_U58  |mul_16s_5ns_21_1_0  |        0|   1|  0|   5|    0|
    |mul_16s_5s_21_1_0_U52   |mul_16s_5s_21_1_0   |        0|   1|  0|   5|    0|
    |mul_16s_5s_21_1_0_U70   |mul_16s_5s_21_1_0   |        0|   1|  0|   5|    0|
    |mul_16s_5s_21_1_0_U77   |mul_16s_5s_21_1_0   |        0|   1|  0|   5|    0|
    |mul_16s_6ns_21_1_0_U44  |mul_16s_6ns_21_1_0  |        0|   1|  0|   5|    0|
    |mul_16s_6ns_21_1_0_U47  |mul_16s_6ns_21_1_0  |        0|   1|  0|   5|    0|
    |mul_16s_6ns_21_1_0_U48  |mul_16s_6ns_21_1_0  |        0|   1|  0|   5|    0|
    |mul_16s_6ns_21_1_0_U51  |mul_16s_6ns_21_1_0  |        0|   1|  0|   5|    0|
    |mul_16s_6ns_21_1_0_U53  |mul_16s_6ns_21_1_0  |        0|   1|  0|   5|    0|
    |mul_16s_6ns_21_1_0_U60  |mul_16s_6ns_21_1_0  |        0|   1|  0|   5|    0|
    |mul_16s_6ns_21_1_0_U61  |mul_16s_6ns_21_1_0  |        0|   1|  0|   5|    0|
    |mul_16s_6ns_21_1_0_U62  |mul_16s_6ns_21_1_0  |        0|   1|  0|   5|    0|
    |mul_16s_6ns_21_1_0_U64  |mul_16s_6ns_21_1_0  |        0|   1|  0|   5|    0|
    |mul_16s_6ns_21_1_0_U68  |mul_16s_6ns_21_1_0  |        0|   1|  0|   5|    0|
    |mul_16s_6ns_21_1_0_U69  |mul_16s_6ns_21_1_0  |        0|   1|  0|   5|    0|
    |mul_16s_6ns_21_1_0_U71  |mul_16s_6ns_21_1_0  |        0|   1|  0|   5|    0|
    |mul_16s_6ns_21_1_0_U73  |mul_16s_6ns_21_1_0  |        0|   1|  0|   5|    0|
    |mul_16s_6ns_21_1_0_U74  |mul_16s_6ns_21_1_0  |        0|   1|  0|   5|    0|
    |mul_16s_6ns_21_1_0_U78  |mul_16s_6ns_21_1_0  |        0|   1|  0|   5|    0|
    |mul_16s_6ns_21_1_0_U84  |mul_16s_6ns_21_1_0  |        0|   1|  0|   5|    0|
    |mul_16s_6ns_21_1_0_U89  |mul_16s_6ns_21_1_0  |        0|   1|  0|   5|    0|
    |mul_16s_6ns_21_1_0_U91  |mul_16s_6ns_21_1_0  |        0|   1|  0|   5|    0|
    |mul_16s_6ns_21_1_0_U92  |mul_16s_6ns_21_1_0  |        0|   1|  0|   5|    0|
    |mul_16s_6ns_21_1_0_U94  |mul_16s_6ns_21_1_0  |        0|   1|  0|   5|    0|
    |mul_16s_6s_21_1_0_U42   |mul_16s_6s_21_1_0   |        0|   1|  0|   5|    0|
    |mul_16s_6s_21_1_0_U43   |mul_16s_6s_21_1_0   |        0|   1|  0|   5|    0|
    |mul_16s_6s_21_1_0_U45   |mul_16s_6s_21_1_0   |        0|   1|  0|   5|    0|
    |mul_16s_6s_21_1_0_U46   |mul_16s_6s_21_1_0   |        0|   1|  0|   5|    0|
    |mul_16s_6s_21_1_0_U49   |mul_16s_6s_21_1_0   |        0|   1|  0|   5|    0|
    |mul_16s_6s_21_1_0_U50   |mul_16s_6s_21_1_0   |        0|   1|  0|   5|    0|
    |mul_16s_6s_21_1_0_U54   |mul_16s_6s_21_1_0   |        0|   1|  0|   5|    0|
    |mul_16s_6s_21_1_0_U55   |mul_16s_6s_21_1_0   |        0|   1|  0|   5|    0|
    |mul_16s_6s_21_1_0_U56   |mul_16s_6s_21_1_0   |        0|   1|  0|   5|    0|
    |mul_16s_6s_21_1_0_U57   |mul_16s_6s_21_1_0   |        0|   1|  0|   5|    0|
    |mul_16s_6s_21_1_0_U59   |mul_16s_6s_21_1_0   |        0|   1|  0|   5|    0|
    |mul_16s_6s_21_1_0_U63   |mul_16s_6s_21_1_0   |        0|   1|  0|   5|    0|
    |mul_16s_6s_21_1_0_U65   |mul_16s_6s_21_1_0   |        0|   1|  0|   5|    0|
    |mul_16s_6s_21_1_0_U66   |mul_16s_6s_21_1_0   |        0|   1|  0|   5|    0|
    |mul_16s_6s_21_1_0_U67   |mul_16s_6s_21_1_0   |        0|   1|  0|   5|    0|
    |mul_16s_6s_21_1_0_U72   |mul_16s_6s_21_1_0   |        0|   1|  0|   5|    0|
    |mul_16s_6s_21_1_0_U75   |mul_16s_6s_21_1_0   |        0|   1|  0|   5|    0|
    |mul_16s_6s_21_1_0_U76   |mul_16s_6s_21_1_0   |        0|   1|  0|   5|    0|
    |mul_16s_6s_21_1_0_U79   |mul_16s_6s_21_1_0   |        0|   1|  0|   5|    0|
    |mul_16s_6s_21_1_0_U80   |mul_16s_6s_21_1_0   |        0|   1|  0|   5|    0|
    |mul_16s_6s_21_1_0_U81   |mul_16s_6s_21_1_0   |        0|   1|  0|   5|    0|
    |mul_16s_6s_21_1_0_U82   |mul_16s_6s_21_1_0   |        0|   1|  0|   5|    0|
    |mul_16s_6s_21_1_0_U83   |mul_16s_6s_21_1_0   |        0|   1|  0|   5|    0|
    |mul_16s_6s_21_1_0_U85   |mul_16s_6s_21_1_0   |        0|   1|  0|   5|    0|
    |mul_16s_6s_21_1_0_U86   |mul_16s_6s_21_1_0   |        0|   1|  0|   5|    0|
    |mul_16s_6s_21_1_0_U87   |mul_16s_6s_21_1_0   |        0|   1|  0|   5|    0|
    |mul_16s_6s_21_1_0_U88   |mul_16s_6s_21_1_0   |        0|   1|  0|   5|    0|
    |mul_16s_6s_21_1_0_U90   |mul_16s_6s_21_1_0   |        0|   1|  0|   5|    0|
    |mul_16s_6s_21_1_0_U93   |mul_16s_6s_21_1_0   |        0|   1|  0|   5|    0|
    +------------------------+--------------------+---------+----+---+----+-----+
    |Total                   |                    |        0|  53|  0| 265|    0|
    +------------------------+--------------------+---------+----+---+----+-----+

    * DSP: 
    N/A

    * Memory: 
    N/A

    * FIFO: 
    N/A

    * Expression: 
    +-----------------------------+----------+----+---+----+------------+------------+
    |        Variable Name        | Operation| DSP| FF| LUT| Bitwidth P0| Bitwidth P1|
    +-----------------------------+----------+----+---+----+------------+------------+
    |add_ln813_5022_fu_48159_p2   |         +|   0|  0|  16|          16|          16|
    |add_ln813_5023_fu_48889_p2   |         +|   0|  0|  16|          16|          16|
    |add_ln813_5024_fu_48893_p2   |         +|   0|  0|  16|          16|          16|
    |add_ln813_5025_fu_48898_p2   |         +|   0|  0|  16|          16|          16|
    |add_ln813_5026_fu_48903_p2   |         +|   0|  0|  23|          16|          16|
    |add_ln813_5027_fu_48907_p2   |         +|   0|  0|  16|          16|          16|
    |add_ln813_5028_fu_48912_p2   |         +|   0|  0|  16|          16|          10|
    |add_ln813_5029_fu_48917_p2   |         +|   0|  0|  16|          16|          16|
    |add_ln813_5030_fu_48922_p2   |         +|   0|  0|  16|          16|          16|
    |add_ln813_5031_fu_48928_p2   |         +|   0|  0|  16|          16|          16|
    |add_ln813_5032_fu_48934_p2   |         +|   0|  0|  23|          16|          16|
    |add_ln813_5033_fu_48939_p2   |         +|   0|  0|  16|          16|          16|
    |add_ln813_5034_fu_48943_p2   |         +|   0|  0|  16|          16|          16|
    |add_ln813_5035_fu_48948_p2   |         +|   0|  0|  16|          16|          16|
    |add_ln813_5036_fu_48954_p2   |         +|   0|  0|  16|          16|          16|
    |add_ln813_5037_fu_48958_p2   |         +|   0|  0|  16|          16|           9|
    |add_ln813_5038_fu_48963_p2   |         +|   0|  0|  16|          16|          16|
    |add_ln813_5039_fu_48968_p2   |         +|   0|  0|  16|          16|          16|
    |add_ln813_5040_fu_48974_p2   |         +|   0|  0|  16|          16|          16|
    |add_ln813_5041_fu_48980_p2   |         +|   0|  0|  16|          16|          16|
    |add_ln813_5042_fu_48984_p2   |         +|   0|  0|  16|          16|          16|
    |add_ln813_5043_fu_48165_p2   |         +|   0|  0|  23|          16|          16|
    |add_ln813_5044_fu_48990_p2   |         +|   0|  0|  23|          16|          16|
    |add_ln813_5045_fu_48994_p2   |         +|   0|  0|  16|          16|          16|
    |add_ln813_5046_fu_48171_p2   |         +|   0|  0|  23|          16|          16|
    |add_ln813_5047_fu_48177_p2   |         +|   0|  0|  16|          16|          16|
    |add_ln813_5048_fu_48183_p2   |         +|   0|  0|  16|          16|           8|
    |add_ln813_5049_fu_48189_p2   |         +|   0|  0|  16|          16|          16|
    |add_ln813_5050_fu_48195_p2   |         +|   0|  0|  16|          16|          16|
    |add_ln813_5051_fu_49000_p2   |         +|   0|  0|  16|          16|          16|
    |add_ln813_5052_fu_49005_p2   |         +|   0|  0|  16|          16|          16|
    |add_ln813_5053_fu_49009_p2   |         +|   0|  0|  16|          16|          16|
    |add_ln813_5054_fu_49015_p2   |         +|   0|  0|  16|          16|          16|
    |add_ln813_5055_fu_49020_p2   |         +|   0|  0|  16|          16|          16|
    |add_ln813_5056_fu_49025_p2   |         +|   0|  0|  16|          16|          16|
    |add_ln813_5057_fu_49031_p2   |         +|   0|  0|  23|          16|          16|
    |add_ln813_5058_fu_49035_p2   |         +|   0|  0|  16|          16|          16|
    |add_ln813_5059_fu_49040_p2   |         +|   0|  0|  16|          16|          16|
    |add_ln813_5060_fu_48201_p2   |         +|   0|  0|  23|          16|          10|
    |add_ln813_5061_fu_49044_p2   |         +|   0|  0|  16|          16|          16|
    |add_ln813_5062_fu_49049_p2   |         +|   0|  0|  16|          16|          16|
    |add_ln813_5063_fu_49055_p2   |         +|   0|  0|  16|          16|          16|
    |add_ln813_5064_fu_49061_p2   |         +|   0|  0|  16|          16|          16|
    |add_ln813_5065_fu_49065_p2   |         +|   0|  0|  16|          16|          16|
    |add_ln813_5066_fu_48207_p2   |         +|   0|  0|  16|          16|          16|
    |add_ln813_5067_fu_48213_p2   |         +|   0|  0|  16|          16|          16|
    |add_ln813_5068_fu_49070_p2   |         +|   0|  0|  16|          16|          16|
    |add_ln813_5069_fu_48219_p2   |         +|   0|  0|  23|          16|          16|
    |add_ln813_5070_fu_48225_p2   |         +|   0|  0|  16|          16|          16|
    |add_ln813_5071_fu_48231_p2   |         +|   0|  0|  16|          16|          16|
    |add_ln813_5072_fu_48237_p2   |         +|   0|  0|  23|          16|          10|
    |add_ln813_5073_fu_48242_p2   |         +|   0|  0|  16|          16|          16|
    |add_ln813_5074_fu_48248_p2   |         +|   0|  0|  16|          16|          16|
    |add_ln813_5075_fu_49075_p2   |         +|   0|  0|  16|          16|          16|
    |add_ln813_5076_fu_49080_p2   |         +|   0|  0|  16|          16|          16|
    |add_ln813_5077_fu_49085_p2   |         +|   0|  0|  23|          16|          16|
    |add_ln813_5078_fu_49089_p2   |         +|   0|  0|  16|          16|          16|
    |add_ln813_5079_fu_48254_p2   |         +|   0|  0|  16|          16|          16|
    |add_ln813_5080_fu_48260_p2   |         +|   0|  0|  16|          16|          16|
    |add_ln813_5081_fu_48266_p2   |         +|   0|  0|  16|          16|          16|
    |add_ln813_5082_fu_48272_p2   |         +|   0|  0|  16|          16|          16|
    |add_ln813_5083_fu_49095_p2   |         +|   0|  0|  16|          16|          16|
    |add_ln813_5084_fu_48278_p2   |         +|   0|  0|  23|          16|          16|
    |add_ln813_5085_fu_49100_p2   |         +|   0|  0|  16|          16|          16|
    |add_ln813_5086_fu_49104_p2   |         +|   0|  0|  16|          16|          16|
    |add_ln813_5087_fu_49109_p2   |         +|   0|  0|  16|          16|          16|
    |add_ln813_5088_fu_48284_p2   |         +|   0|  0|  16|          16|          16|
    |add_ln813_5089_fu_48289_p2   |         +|   0|  0|  16|          16|           8|
    |add_ln813_5090_fu_48295_p2   |         +|   0|  0|  16|          16|          16|
    |add_ln813_5091_fu_48301_p2   |         +|   0|  0|  16|          16|          16|
    |add_ln813_5092_fu_49114_p2   |         +|   0|  0|  16|          16|          16|
    |add_ln813_5093_fu_49119_p2   |         +|   0|  0|  16|          16|          16|
    |add_ln813_5094_fu_49125_p2   |         +|   0|  0|  16|          16|          16|
    |add_ln813_5095_fu_49130_p2   |         +|   0|  0|  16|          16|          16|
    |add_ln813_5096_fu_49135_p2   |         +|   0|  0|  16|          16|          16|
    |add_ln813_5097_fu_49139_p2   |         +|   0|  0|  16|          16|          16|
    |add_ln813_5098_fu_49144_p2   |         +|   0|  0|  16|          16|          16|
    |add_ln813_5099_fu_48307_p2   |         +|   0|  0|  23|          16|          16|
    |add_ln813_5100_fu_48313_p2   |         +|   0|  0|  16|          16|          16|
    |add_ln813_5101_fu_48319_p2   |         +|   0|  0|  16|          16|          10|
    |add_ln813_5102_fu_48324_p2   |         +|   0|  0|  16|          16|          16|
    |add_ln813_5103_fu_48330_p2   |         +|   0|  0|  16|          16|          16|
    |add_ln813_5104_fu_49150_p2   |         +|   0|  0|  16|          16|          16|
    |add_ln813_5105_fu_49155_p2   |         +|   0|  0|  16|          16|          16|
    |add_ln813_5106_fu_49159_p2   |         +|   0|  0|  16|          16|          16|
    |add_ln813_5107_fu_49164_p2   |         +|   0|  0|  16|          16|          16|
    |add_ln813_5108_fu_49169_p2   |         +|   0|  0|  23|          16|          16|
    |add_ln813_5109_fu_49173_p2   |         +|   0|  0|  16|          16|          16|
    |add_ln813_5110_fu_49179_p2   |         +|   0|  0|  16|          16|          16|
    |add_ln813_5111_fu_48336_p2   |         +|   0|  0|  23|          16|          16|
    |add_ln813_5112_fu_48342_p2   |         +|   0|  0|  16|          16|          16|
    |add_ln813_5113_fu_48348_p2   |         +|   0|  0|  16|          16|          16|
    |add_ln813_5114_fu_48354_p2   |         +|   0|  0|  23|          16|          10|
    |add_ln813_5115_fu_48360_p2   |         +|   0|  0|  16|          16|          16|
    |add_ln813_5116_fu_48366_p2   |         +|   0|  0|  16|          16|          16|
    |add_ln813_5117_fu_49185_p2   |         +|   0|  0|  16|          16|          16|
    |add_ln813_5118_fu_49190_p2   |         +|   0|  0|  16|          16|          16|
    |add_ln813_5119_fu_49194_p2   |         +|   0|  0|  23|          16|          16|
    |add_ln813_5120_fu_49198_p2   |         +|   0|  0|  16|          16|          16|
    |add_ln813_5121_fu_49204_p2   |         +|   0|  0|  16|          16|          16|
    |add_ln813_5122_fu_49208_p2   |         +|   0|  0|  23|          16|          16|
    |add_ln813_5123_fu_49212_p2   |         +|   0|  0|  16|          16|          16|
    |add_ln813_5124_fu_49218_p2   |         +|   0|  0|  16|          16|          16|
    |add_ln813_5125_fu_49224_p2   |         +|   0|  0|  23|          16|          16|
    |add_ln813_5126_fu_48372_p2   |         +|   0|  0|  23|          16|          16|
    |add_ln813_5127_fu_49228_p2   |         +|   0|  0|  16|          16|          16|
    |add_ln813_5128_fu_48378_p2   |         +|   0|  0|  16|          16|          16|
    |add_ln813_5129_fu_48384_p2   |         +|   0|  0|  23|          16|           8|
    |add_ln813_5130_fu_48390_p2   |         +|   0|  0|  16|          16|          16|
    |add_ln813_5131_fu_49233_p2   |         +|   0|  0|  16|          16|          16|
    |add_ln813_5132_fu_49238_p2   |         +|   0|  0|  16|          16|          16|
    |add_ln813_5133_fu_49244_p2   |         +|   0|  0|  16|          16|          16|
    |add_ln813_5134_fu_49249_p2   |         +|   0|  0|  16|          16|          16|
    |add_ln813_5135_fu_48396_p2   |         +|   0|  0|  16|          16|          16|
    |add_ln813_5136_fu_48402_p2   |         +|   0|  0|  16|          16|          16|
    |add_ln813_5137_fu_49254_p2   |         +|   0|  0|  16|          16|          16|
    |add_ln813_5138_fu_49259_p2   |         +|   0|  0|  23|          16|          16|
    |add_ln813_5139_fu_49263_p2   |         +|   0|  0|  16|          16|          16|
    |add_ln813_5140_fu_48408_p2   |         +|   0|  0|  16|          16|          16|
    |add_ln813_5141_fu_48414_p2   |         +|   0|  0|  23|          16|           9|
    |add_ln813_5142_fu_48419_p2   |         +|   0|  0|  16|          16|          16|
    |add_ln813_5143_fu_49268_p2   |         +|   0|  0|  16|          16|          16|
    |add_ln813_5144_fu_49273_p2   |         +|   0|  0|  16|          16|          16|
    |add_ln813_5145_fu_49279_p2   |         +|   0|  0|  16|          16|          16|
    |add_ln813_5146_fu_48425_p2   |         +|   0|  0|  23|          16|          16|
    |add_ln813_5147_fu_49283_p2   |         +|   0|  0|  16|          16|          16|
    |add_ln813_5148_fu_49288_p2   |         +|   0|  0|  16|          16|          16|
    |add_ln813_5149_fu_49292_p2   |         +|   0|  0|  23|          16|          16|
    |add_ln813_5150_fu_49296_p2   |         +|   0|  0|  16|          16|          16|
    |add_ln813_5151_fu_49302_p2   |         +|   0|  0|  16|          16|          16|
    |add_ln813_5152_fu_49308_p2   |         +|   0|  0|  23|          16|          16|
    |add_ln813_5153_fu_48431_p2   |         +|   0|  0|  23|          16|          16|
    |add_ln813_5154_fu_49312_p2   |         +|   0|  0|  16|          16|          16|
    |add_ln813_5155_fu_48437_p2   |         +|   0|  0|  16|          16|          16|
    |add_ln813_5156_fu_48442_p2   |         +|   0|  0|  16|          16|           8|
    |add_ln813_5157_fu_48448_p2   |         +|   0|  0|  16|          16|          16|
    |add_ln813_5158_fu_48454_p2   |         +|   0|  0|  16|          16|          16|
    |add_ln813_5159_fu_49317_p2   |         +|   0|  0|  16|          16|          16|
    |add_ln813_5160_fu_49322_p2   |         +|   0|  0|  16|          16|          16|
    |add_ln813_5161_fu_49328_p2   |         +|   0|  0|  16|          16|          16|
    |add_ln813_5162_fu_49333_p2   |         +|   0|  0|  23|          16|          16|
    |add_ln813_5163_fu_49337_p2   |         +|   0|  0|  16|          16|          16|
    |add_ln813_5164_fu_49343_p2   |         +|   0|  0|  16|          16|          16|
    |add_ln813_5165_fu_49347_p2   |         +|   0|  0|  23|          16|          16|
    |add_ln813_5166_fu_49351_p2   |         +|   0|  0|  16|          16|          16|
    |add_ln813_5167_fu_49357_p2   |         +|   0|  0|  16|          16|          16|
    |add_ln813_5168_fu_49363_p2   |         +|   0|  0|  23|          16|          16|
    |add_ln813_5169_fu_49367_p2   |         +|   0|  0|  23|          16|          16|
    |add_ln813_5170_fu_49371_p2   |         +|   0|  0|  16|          16|          16|
    |add_ln813_5171_fu_48460_p2   |         +|   0|  0|  16|          16|          16|
    |add_ln813_5172_fu_48466_p2   |         +|   0|  0|  16|          16|           8|
    |add_ln813_5173_fu_48472_p2   |         +|   0|  0|  16|          16|          16|
    |add_ln813_5174_fu_48478_p2   |         +|   0|  0|  16|          16|          16|
    |add_ln813_5175_fu_49377_p2   |         +|   0|  0|  16|          16|          16|
    |add_ln813_5176_fu_49382_p2   |         +|   0|  0|  16|          16|          16|
    |add_ln813_5177_fu_49388_p2   |         +|   0|  0|  16|          16|          16|
    |add_ln813_5178_fu_49393_p2   |         +|   0|  0|  16|          16|          16|
    |add_ln813_5179_fu_49398_p2   |         +|   0|  0|  16|          16|          16|
    |add_ln813_5180_fu_49402_p2   |         +|   0|  0|  23|          16|          16|
    |add_ln813_5181_fu_49406_p2   |         +|   0|  0|  16|          16|          16|
    |add_ln813_5182_fu_49412_p2   |         +|   0|  0|  16|          16|          16|
    |add_ln813_5183_fu_49418_p2   |         +|   0|  0|  23|          16|          16|
    |add_ln813_5184_fu_48484_p2   |         +|   0|  0|  23|          16|          16|
    |add_ln813_5185_fu_49422_p2   |         +|   0|  0|  16|          16|          16|
    |add_ln813_5186_fu_49427_p2   |         +|   0|  0|  16|          16|          16|
    |add_ln813_5187_fu_48490_p2   |         +|   0|  0|  23|          16|           9|
    |add_ln813_5188_fu_49431_p2   |         +|   0|  0|  16|          16|          16|
    |add_ln813_5189_fu_49436_p2   |         +|   0|  0|  16|          16|          16|
    |add_ln813_5190_fu_49442_p2   |         +|   0|  0|  16|          16|          16|
    |add_ln813_5191_fu_49448_p2   |         +|   0|  0|  16|          16|          16|
    |add_ln813_5192_fu_49454_p2   |         +|   0|  0|  23|          16|          16|
    |add_ln813_5193_fu_49458_p2   |         +|   0|  0|  16|          16|          16|
    |add_ln813_5194_fu_49464_p2   |         +|   0|  0|  16|          16|          16|
    |add_ln813_5195_fu_49468_p2   |         +|   0|  0|  23|          16|          16|
    |add_ln813_5196_fu_49472_p2   |         +|   0|  0|  16|          16|          16|
    |add_ln813_5197_fu_49478_p2   |         +|   0|  0|  16|          16|          16|
    |add_ln813_5198_fu_48496_p2   |         +|   0|  0|  23|          16|          16|
    |add_ln813_5199_fu_48501_p2   |         +|   0|  0|  23|          16|          16|
    |add_ln813_5200_fu_48506_p2   |         +|   0|  0|  16|          16|          16|
    |add_ln813_5201_fu_48512_p2   |         +|   0|  0|  16|          16|          16|
    |add_ln813_5202_fu_48518_p2   |         +|   0|  0|  23|          16|          10|
    |add_ln813_5203_fu_48524_p2   |         +|   0|  0|  16|          16|          16|
    |add_ln813_5204_fu_48530_p2   |         +|   0|  0|  16|          16|          16|
    |add_ln813_5205_fu_49484_p2   |         +|   0|  0|  16|          16|          16|
    |add_ln813_5206_fu_49489_p2   |         +|   0|  0|  16|          16|          16|
    |add_ln813_5207_fu_49494_p2   |         +|   0|  0|  16|          16|          16|
    |add_ln813_5208_fu_49499_p2   |         +|   0|  0|  16|          16|          16|
    |add_ln813_5209_fu_49503_p2   |         +|   0|  0|  16|          16|          16|
    |add_ln813_5210_fu_49508_p2   |         +|   0|  0|  16|          16|          16|
    |add_ln813_5211_fu_49514_p2   |         +|   0|  0|  23|          16|          16|
    |add_ln813_5212_fu_49518_p2   |         +|   0|  0|  16|          16|          16|
    |add_ln813_5213_fu_49523_p2   |         +|   0|  0|  16|          16|           9|
    |add_ln813_5214_fu_49528_p2   |         +|   0|  0|  16|          16|          16|
    |add_ln813_5215_fu_49533_p2   |         +|   0|  0|  16|          16|          16|
    |add_ln813_5216_fu_49539_p2   |         +|   0|  0|  16|          16|          16|
    |add_ln813_5217_fu_49545_p2   |         +|   0|  0|  16|          16|          16|
    |add_ln813_5218_fu_49551_p2   |         +|   0|  0|  16|          16|          16|
    |add_ln813_5219_fu_49555_p2   |         +|   0|  0|  16|          16|          16|
    |add_ln813_5220_fu_49560_p2   |         +|   0|  0|  16|          16|          16|
    |add_ln813_5221_fu_49566_p2   |         +|   0|  0|  16|          16|          16|
    |add_ln813_5222_fu_49570_p2   |         +|   0|  0|  23|          16|          16|
    |add_ln813_5223_fu_49574_p2   |         +|   0|  0|  16|          16|          16|
    |add_ln813_5224_fu_49580_p2   |         +|   0|  0|  16|          16|          16|
    |add_ln813_5225_fu_49586_p2   |         +|   0|  0|  23|          16|          16|
    |add_ln813_5226_fu_49590_p2   |         +|   0|  0|  16|          16|          16|
    |add_ln813_5227_fu_49594_p2   |         +|   0|  0|  16|          16|          16|
    |add_ln813_5228_fu_49599_p2   |         +|   0|  0|  16|          16|          16|
    |add_ln813_5229_fu_48536_p2   |         +|   0|  0|  23|          16|          16|
    |add_ln813_5230_fu_48542_p2   |         +|   0|  0|  16|          16|          16|
    |add_ln813_5231_fu_48548_p2   |         +|   0|  0|  16|          16|           7|
    |add_ln813_5232_fu_48554_p2   |         +|   0|  0|  16|          16|          16|
    |add_ln813_5233_fu_48560_p2   |         +|   0|  0|  16|          16|          16|
    |add_ln813_5234_fu_49605_p2   |         +|   0|  0|  16|          16|          16|
    |add_ln813_5235_fu_49610_p2   |         +|   0|  0|  16|          16|          16|
    |add_ln813_fu_48153_p2        |         +|   0|  0|  16|          16|          16|
    |r_V_3454_fu_45798_p2         |         +|   0|  0|  28|          21|          21|
    |r_V_3456_fu_48823_p2         |         +|   0|  0|  28|          21|          21|
    |r_V_3468_fu_46187_p2         |         +|   0|  0|  28|          21|          21|
    |r_V_3470_fu_46240_p2         |         +|   0|  0|  28|          21|          21|
    |r_V_3476_fu_46367_p2         |         +|   0|  0|  28|          21|          21|
    |r_V_3480_fu_46513_p2         |         +|   0|  0|  28|          21|          21|
    |r_V_3489_fu_46762_p2         |         +|   0|  0|  28|          21|          21|
    |r_V_3497_fu_47087_p2         |         +|   0|  0|  28|          21|          21|
    |r_V_3520_fu_47698_p2         |         +|   0|  0|  28|          21|          21|
    |r_V_3521_fu_47714_p2         |         +|   0|  0|  28|          21|          21|
    |r_V_3525_fu_47863_p2         |         +|   0|  0|  28|          21|          21|
    |r_V_3526_fu_47889_p2         |         +|   0|  0|  28|          21|          21|
    |r_V_3533_fu_48086_p2         |         +|   0|  0|  28|          21|          21|
    |r_V_3436_fu_48600_p2         |         -|   0|  0|  28|          21|          21|
    |r_V_3437_fu_48627_p2         |         -|   0|  0|  28|          21|          21|
    |r_V_3438_fu_48654_p2         |         -|   0|  0|  28|           1|          21|
    |r_V_3439_fu_48677_p2         |         -|   0|  0|  28|           1|          21|
    |r_V_3440_fu_48711_p2         |         -|   0|  0|  28|          21|          21|
    |r_V_3441_fu_48727_p2         |         -|   0|  0|  28|          21|          21|
    |r_V_3442_fu_48742_p2         |         -|   0|  0|  28|           1|          21|
    |r_V_3443_fu_48758_p2         |         -|   0|  0|  28|          21|          21|
    |r_V_3445_fu_45541_p2         |         -|   0|  0|  28|           1|          21|
    |r_V_3446_fu_45575_p2         |         -|   0|  0|  21|          21|          21|
    |r_V_3447_fu_45610_p2         |         -|   0|  0|  28|           1|          21|
    |r_V_3449_fu_48785_p2         |         -|   0|  0|  28|           1|          21|
    |r_V_3450_fu_45656_p2         |         -|   0|  0|  28|          21|          21|
    |r_V_3451_fu_45700_p2         |         -|   0|  0|  28|          21|          21|
    |r_V_3452_fu_45716_p2         |         -|   0|  0|  28|           1|          21|
    |r_V_3453_fu_45758_p2         |         -|   0|  0|  28|          21|          21|
    |r_V_3455_fu_45841_p2         |         -|   0|  0|  28|          21|          21|
    |r_V_3457_fu_45867_p2         |         -|   0|  0|  28|          21|          21|
    |r_V_3458_fu_45883_p2         |         -|   0|  0|  28|           1|          21|
    |r_V_3459_fu_45911_p2         |         -|   0|  0|  28|          21|          21|
    |r_V_3460_fu_45944_p2         |         -|   0|  0|  28|          21|          21|
    |r_V_3461_fu_45960_p2         |         -|   0|  0|  28|           1|          21|
    |r_V_3462_fu_46000_p2         |         -|   0|  0|  28|          21|          21|
    |r_V_3463_fu_46026_p2         |         -|   0|  0|  28|          21|          21|
    |r_V_3464_fu_46071_p2         |         -|   0|  0|  28|          21|          21|
    |r_V_3465_fu_46097_p2         |         -|   0|  0|  28|          21|          21|
    |r_V_3466_fu_46125_p2         |         -|   0|  0|  28|          21|          21|
    |r_V_3467_fu_46171_p2         |         -|   0|  0|  21|          21|          21|
    |r_V_3469_fu_46203_p2         |         -|   0|  0|  28|           1|          21|
    |r_V_3471_fu_46268_p2         |         -|   0|  0|  28|          21|          21|
    |r_V_3472_fu_48857_p2         |         -|   0|  0|  28|          21|          21|
    |r_V_3473_fu_48873_p2         |         -|   0|  0|  28|           1|          21|
    |r_V_3474_fu_46311_p2         |         -|   0|  0|  28|           1|          21|
    |r_V_3475_fu_46327_p2         |         -|   0|  0|  28|          21|          21|
    |r_V_3477_fu_46393_p2         |         -|   0|  0|  28|          21|          21|
    |r_V_3478_fu_46429_p2         |         -|   0|  0|  28|           1|          21|
    |r_V_3479_fu_46475_p2         |         -|   0|  0|  28|          21|          21|
    |r_V_3482_fu_46545_p2         |         -|   0|  0|  28|          21|          21|
    |r_V_3484_fu_46588_p2         |         -|   0|  0|  28|          21|          21|
    |r_V_3485_fu_46633_p2         |         -|   0|  0|  28|          21|          21|
    |r_V_3486_fu_46649_p2         |         -|   0|  0|  28|           1|          21|
    |r_V_3487_fu_46694_p2         |         -|   0|  0|  28|          21|          21|
    |r_V_3488_fu_46722_p2         |         -|   0|  0|  28|          21|          21|
    |r_V_3490_fu_46840_p2         |         -|   0|  0|  21|          21|          21|
    |r_V_3491_fu_46887_p2         |         -|   0|  0|  28|          21|          21|
    |r_V_3492_fu_46925_p2         |         -|   0|  0|  28|          21|          21|
    |r_V_3493_fu_46951_p2         |         -|   0|  0|  28|           1|          21|
    |r_V_3494_fu_46967_p2         |         -|   0|  0|  28|          21|          21|
    |r_V_3495_fu_47013_p2         |         -|   0|  0|  28|          21|          21|
    |r_V_3496_fu_47039_p2         |         -|   0|  0|  28|           1|          21|
    |r_V_3498_fu_47129_p2         |         -|   0|  0|  28|           1|          21|
    |r_V_3499_fu_47145_p2         |         -|   0|  0|  28|          21|          21|
    |r_V_3500_fu_47173_p2         |         -|   0|  0|  28|          21|          21|
    |r_V_3501_fu_47201_p2         |         -|   0|  0|  28|           1|          21|
    |r_V_3502_fu_47250_p2         |         -|   0|  0|  28|          21|          21|
    |r_V_3503_fu_47284_p2         |         -|   0|  0|  28|          21|          21|
    |r_V_3504_fu_47300_p2         |         -|   0|  0|  28|           1|          21|
    |r_V_3505_fu_47328_p2         |         -|   0|  0|  28|          21|          21|
    |r_V_3506_fu_47361_p2         |         -|   0|  0|  28|           1|          21|
    |r_V_3507_fu_47377_p2         |         -|   0|  0|  28|          21|          21|
    |r_V_3508_fu_47405_p2         |         -|   0|  0|  28|          21|          21|
    |r_V_3509_fu_47443_p2         |         -|   0|  0|  28|          21|          21|
    |r_V_3510_fu_47471_p2         |         -|   0|  0|  28|          21|          21|
    |r_V_3511_fu_47494_p2         |         -|   0|  0|  28|           1|          21|
    |r_V_3512_fu_47521_p2         |         -|   0|  0|  28|          21|          21|
    |r_V_3513_fu_47536_p2         |         -|   0|  0|  28|          21|          21|
    |r_V_3514_fu_47561_p2         |         -|   0|  0|  28|          21|          21|
    |r_V_3515_fu_47593_p2         |         -|   0|  0|  28|          21|          21|
    |r_V_3516_fu_47609_p2         |         -|   0|  0|  28|          21|          21|
    |r_V_3517_fu_47624_p2         |         -|   0|  0|  28|           1|          21|
    |r_V_3519_fu_47658_p2         |         -|   0|  0|  28|           1|          21|
    |r_V_3522_fu_47730_p2         |         -|   0|  0|  28|          21|          21|
    |r_V_3523_fu_47801_p2         |         -|   0|  0|  28|          21|          21|
    |r_V_3524_fu_47825_p2         |         -|   0|  0|  28|           1|          21|
    |r_V_3527_fu_47922_p2         |         -|   0|  0|  28|          21|          21|
    |r_V_3528_fu_47965_p2         |         -|   0|  0|  21|          21|          21|
    |r_V_3529_fu_47981_p2         |         -|   0|  0|  28|           1|          21|
    |r_V_3530_fu_48000_p2         |         -|   0|  0|  28|          21|          21|
    |r_V_3531_fu_48043_p2         |         -|   0|  0|  28|          21|          21|
    |r_V_3532_fu_48059_p2         |         -|   0|  0|  28|           1|          21|
    |r_V_3534_fu_48101_p2         |         -|   0|  0|  28|          21|          21|
    |r_V_3535_fu_48127_p2         |         -|   0|  0|  28|          21|          21|
    |r_V_fu_48573_p2              |         -|   0|  0|  28|           1|          21|
    |sub_ln1273_1900_fu_46153_p2  |         -|   0|  0|  21|           1|          21|
    |sub_ln1273_1917_fu_46822_p2  |         -|   0|  0|  21|           1|          21|
    |sub_ln1273_1939_fu_45275_p2  |         -|   0|  0|  28|           1|          21|
    |sub_ln1273_1951_fu_47948_p2  |         -|   0|  0|  21|           1|          21|
    |sub_ln1273_fu_45569_p2       |         -|   0|  0|  21|           1|          21|
    +-----------------------------+----------+----+---+----+------------+------------+
    |Total                        |          |   0|  0|6513|        4921|        5448|
    +-----------------------------+----------+----+---+----+------------+------------+

    * Multiplexer: 
    +--------------+----+-----------+-----+-----------+
    |     Name     | LUT| Input Size| Bits| Total Bits|
    +--------------+----+-----------+-----+-----------+
    |ap_return_0   |  14|          3|   16|         48|
    |ap_return_1   |  14|          3|   16|         48|
    |ap_return_10  |  14|          3|   16|         48|
    |ap_return_11  |  14|          3|   16|         48|
    |ap_return_12  |  14|          3|   16|         48|
    |ap_return_13  |  14|          3|   16|         48|
    |ap_return_14  |  14|          3|   16|         48|
    |ap_return_15  |  14|          3|   16|         48|
    |ap_return_2   |  14|          3|   16|         48|
    |ap_return_3   |  14|          3|   16|         48|
    |ap_return_4   |  14|          3|   16|         48|
    |ap_return_5   |  14|          3|   16|         48|
    |ap_return_6   |  14|          3|   16|         48|
    |ap_return_7   |  14|          3|   16|         48|
    |ap_return_8   |  14|          3|   16|         48|
    |ap_return_9   |  14|          3|   16|         48|
    +--------------+----+-----------+-----+-----------+
    |Total         | 224|         48|  256|        768|
    +--------------+----+-----------+-----+-----------+

    * Register: 
    +----------------------------------------------------------------------------------------------+----+----+-----+-----------+
    |                                             Name                                             | FF | LUT| Bits| Const Bits|
    +----------------------------------------------------------------------------------------------+----+----+-----+-----------+
    |a_V_246_reg_49834                                                                             |  16|   0|   16|          0|
    |a_V_247_reg_49860                                                                             |  16|   0|   16|          0|
    |a_V_249_reg_49897                                                                             |  16|   0|   16|          0|
    |a_V_251_reg_49960                                                                             |  16|   0|   16|          0|
    |a_V_254_reg_50029                                                                             |  16|   0|   16|          0|
    |a_V_266_reg_49712                                                                             |  16|   0|   16|          0|
    |a_V_267_reg_49736                                                                             |  16|   0|   16|          0|
    |a_V_270_reg_49762                                                                             |  16|   0|   16|          0|
    |a_V_271_reg_49786                                                                             |  16|   0|   16|          0|
    |a_V_reg_49811                                                                                 |  16|   0|   16|          0|
    |add_ln813_5022_reg_50323                                                                      |  16|   0|   16|          0|
    |add_ln813_5043_reg_50328                                                                      |  16|   0|   16|          0|
    |add_ln813_5050_reg_50334                                                                      |  16|   0|   16|          0|
    |add_ln813_5060_reg_50339                                                                      |  16|   0|   16|          0|
    |add_ln813_5067_reg_50344                                                                      |  16|   0|   16|          0|
    |add_ln813_5074_reg_50349                                                                      |  16|   0|   16|          0|
    |add_ln813_5082_reg_50354                                                                      |  16|   0|   16|          0|
    |add_ln813_5084_reg_50359                                                                      |  16|   0|   16|          0|
    |add_ln813_5091_reg_50364                                                                      |  16|   0|   16|          0|
    |add_ln813_5103_reg_50369                                                                      |  16|   0|   16|          0|
    |add_ln813_5116_reg_50374                                                                      |  16|   0|   16|          0|
    |add_ln813_5126_reg_50379                                                                      |  16|   0|   16|          0|
    |add_ln813_5130_reg_50384                                                                      |  16|   0|   16|          0|
    |add_ln813_5136_reg_50389                                                                      |  16|   0|   16|          0|
    |add_ln813_5142_reg_50394                                                                      |  16|   0|   16|          0|
    |add_ln813_5146_reg_50399                                                                      |  16|   0|   16|          0|
    |add_ln813_5153_reg_50404                                                                      |  16|   0|   16|          0|
    |add_ln813_5158_reg_50409                                                                      |  16|   0|   16|          0|
    |add_ln813_5174_reg_50414                                                                      |  16|   0|   16|          0|
    |add_ln813_5184_reg_50419                                                                      |  16|   0|   16|          0|
    |add_ln813_5187_reg_50424                                                                      |  16|   0|   16|          0|
    |add_ln813_5204_reg_50429                                                                      |  16|   0|   16|          0|
    |add_ln813_5233_reg_50434                                                                      |  16|   0|   16|          0|
    |ap_ce_reg                                                                                     |   1|   0|    1|          0|
    |ap_return_0_int_reg                                                                           |  16|   0|   16|          0|
    |ap_return_10_int_reg                                                                          |  16|   0|   16|          0|
    |ap_return_11_int_reg                                                                          |  16|   0|   16|          0|
    |ap_return_12_int_reg                                                                          |  16|   0|   16|          0|
    |ap_return_13_int_reg                                                                          |  16|   0|   16|          0|
    |ap_return_14_int_reg                                                                          |  16|   0|   16|          0|
    |ap_return_15_int_reg                                                                          |  16|   0|   16|          0|
    |ap_return_1_int_reg                                                                           |  16|   0|   16|          0|
    |ap_return_2_int_reg                                                                           |  16|   0|   16|          0|
    |ap_return_3_int_reg                                                                           |  16|   0|   16|          0|
    |ap_return_4_int_reg                                                                           |  16|   0|   16|          0|
    |ap_return_5_int_reg                                                                           |  16|   0|   16|          0|
    |ap_return_6_int_reg                                                                           |  16|   0|   16|          0|
    |ap_return_7_int_reg                                                                           |  16|   0|   16|          0|
    |ap_return_8_int_reg                                                                           |  16|   0|   16|          0|
    |ap_return_9_int_reg                                                                           |  16|   0|   16|          0|
    |mult_V_2547_reg_49818                                                                         |  16|   0|   16|          0|
    |mult_V_2548_reg_49824                                                                         |  16|   0|   16|          0|
    |mult_V_2550_reg_49829                                                                         |  16|   0|   16|          0|
    |mult_V_2552_reg_49840                                                                         |  16|   0|   16|          0|
    |mult_V_2553_reg_49845                                                                         |  16|   0|   16|          0|
    |mult_V_2554_reg_49850                                                                         |  16|   0|   16|          0|
    |mult_V_2556_reg_49855                                                                         |  16|   0|   16|          0|
    |mult_V_2560_reg_49871                                                                         |  16|   0|   16|          0|
    |mult_V_2563_reg_49876                                                                         |  16|   0|   16|          0|
    |mult_V_2564_reg_49881                                                                         |  16|   0|   16|          0|
    |mult_V_2565_reg_49886                                                                         |  16|   0|   16|          0|
    |mult_V_2566_reg_49892                                                                         |  16|   0|   16|          0|
    |mult_V_2567_reg_49902                                                                         |  16|   0|   16|          0|
    |mult_V_2568_reg_49907                                                                         |  16|   0|   16|          0|
    |mult_V_2569_reg_49912                                                                         |  16|   0|   16|          0|
    |mult_V_2570_reg_49917                                                                         |  16|   0|   16|          0|
    |mult_V_2572_reg_49922                                                                         |  16|   0|   16|          0|
    |mult_V_2573_reg_49928                                                                         |  16|   0|   16|          0|
    |mult_V_2574_reg_49933                                                                         |  16|   0|   16|          0|
    |mult_V_2575_reg_49938                                                                         |  16|   0|   16|          0|
    |mult_V_2577_reg_49944                                                                         |  16|   0|   16|          0|
    |mult_V_2578_reg_49949                                                                         |  16|   0|   16|          0|
    |mult_V_2579_reg_49955                                                                         |  16|   0|   16|          0|
    |mult_V_2580_reg_49966                                                                         |  16|   0|   16|          0|
    |mult_V_2582_reg_49972                                                                         |  16|   0|   16|          0|
    |mult_V_2583_reg_49977                                                                         |  16|   0|   16|          0|
    |mult_V_2584_reg_49982                                                                         |  16|   0|   16|          0|
    |mult_V_2585_reg_49988                                                                         |  16|   0|   16|          0|
    |mult_V_2586_reg_49993                                                                         |  16|   0|   16|          0|
    |mult_V_2589_reg_49999                                                                         |  16|   0|   16|          0|
    |mult_V_2590_reg_50004                                                                         |  16|   0|   16|          0|
    |mult_V_2591_reg_50009                                                                         |  16|   0|   16|          0|
    |mult_V_2592_reg_50014                                                                         |  16|   0|   16|          0|
    |mult_V_2595_reg_50019                                                                         |  16|   0|   16|          0|
    |mult_V_2597_reg_50024                                                                         |  16|   0|   16|          0|
    |mult_V_2599_reg_50035                                                                         |  16|   0|   16|          0|
    |mult_V_2602_reg_50040                                                                         |  16|   0|   16|          0|
    |mult_V_2603_reg_50045                                                                         |  16|   0|   16|          0|
    |mult_V_2604_reg_50050                                                                         |  16|   0|   16|          0|
    |mult_V_2606_reg_50056                                                                         |  16|   0|   16|          0|
    |mult_V_2607_reg_50061                                                                         |  16|   0|   16|          0|
    |mult_V_2609_reg_50066                                                                         |  16|   0|   16|          0|
    |mult_V_2610_reg_50071                                                                         |  16|   0|   16|          0|
    |mult_V_2611_reg_50076                                                                         |  16|   0|   16|          0|
    |mult_V_2612_reg_50081                                                                         |  16|   0|   16|          0|
    |mult_V_2613_reg_50088                                                                         |  16|   0|   16|          0|
    |mult_V_2614_reg_50093                                                                         |  16|   0|   16|          0|
    |mult_V_2615_reg_50098                                                                         |  16|   0|   16|          0|
    |mult_V_2616_reg_50104                                                                         |  16|   0|   16|          0|
    |mult_V_2617_reg_50109                                                                         |  16|   0|   16|          0|
    |mult_V_2618_reg_50117                                                                         |  16|   0|   16|          0|
    |mult_V_2619_reg_50122                                                                         |  16|   0|   16|          0|
    |mult_V_2620_reg_50129                                                                         |  16|   0|   16|          0|
    |mult_V_2621_reg_50134                                                                         |  16|   0|   16|          0|
    |mult_V_2622_reg_50141                                                                         |  16|   0|   16|          0|
    |mult_V_2623_reg_50146                                                                         |  16|   0|   16|          0|
    |mult_V_2624_reg_50151                                                                         |  16|   0|   16|          0|
    |mult_V_2625_reg_50156                                                                         |  16|   0|   16|          0|
    |mult_V_2627_reg_50161                                                                         |  16|   0|   16|          0|
    |mult_V_2630_reg_50167                                                                         |  16|   0|   16|          0|
    |mult_V_2632_reg_50172                                                                         |  16|   0|   16|          0|
    |mult_V_2633_reg_50177                                                                         |  16|   0|   16|          0|
    |mult_V_2634_reg_50184                                                                         |  16|   0|   16|          0|
    |mult_V_2635_reg_50189                                                                         |  16|   0|   16|          0|
    |mult_V_2637_reg_50194                                                                         |  16|   0|   16|          0|
    |mult_V_2638_reg_50199                                                                         |  16|   0|   16|          0|
    |mult_V_2639_reg_50206                                                                         |  16|   0|   16|          0|
    |mult_V_2640_reg_50211                                                                         |  16|   0|   16|          0|
    |mult_V_2642_reg_50216                                                                         |  16|   0|   16|          0|
    |mult_V_2643_reg_50221                                                                         |  16|   0|   16|          0|
    |mult_V_2644_reg_50228                                                                         |  16|   0|   16|          0|
    |mult_V_2647_reg_50235                                                                         |  16|   0|   16|          0|
    |mult_V_2648_reg_50240                                                                         |  16|   0|   16|          0|
    |mult_V_2649_reg_50245                                                                         |  16|   0|   16|          0|
    |mult_V_2650_reg_50250                                                                         |  16|   0|   16|          0|
    |mult_V_2652_reg_50256                                                                         |  16|   0|   16|          0|
    |mult_V_2655_reg_50263                                                                         |  16|   0|   16|          0|
    |mult_V_2658_reg_50268                                                                         |  16|   0|   16|          0|
    |mult_V_2660_reg_50273                                                                         |  16|   0|   16|          0|
    |mult_V_2661_reg_49731                                                                         |  16|   0|   16|          0|
    |mult_V_2662_reg_50278                                                                         |  16|   0|   16|          0|
    |mult_V_2664_reg_49747                                                                         |  16|   0|   16|          0|
    |mult_V_2666_reg_50283                                                                         |  16|   0|   16|          0|
    |mult_V_2668_reg_49752                                                                         |  16|   0|   16|          0|
    |mult_V_2669_reg_49757                                                                         |  16|   0|   16|          0|
    |mult_V_2674_reg_50288                                                                         |  16|   0|   16|          0|
    |mult_V_2675_reg_50293                                                                         |  16|   0|   16|          0|
    |mult_V_2678_reg_50298                                                                         |  16|   0|   16|          0|
    |mult_V_2680_reg_50303                                                                         |  16|   0|   16|          0|
    |mult_V_2682_reg_50308                                                                         |  16|   0|   16|          0|
    |mult_V_2686_reg_49776                                                                         |  15|   0|   15|          0|
    |mult_V_2688_reg_50313                                                                         |  16|   0|   16|          0|
    |mult_V_2689_reg_49781                                                                         |  16|   0|   16|          0|
    |mult_V_2691_reg_49801                                                                         |  16|   0|   16|          0|
    |mult_V_2694_reg_49806                                                                         |  16|   0|   16|          0|
    |mult_V_2697_reg_50318                                                                         |  16|   0|   16|          0|
    |p_ZZN4nnet24compute_output_buffer_2dINS_5arrayI8ap_fixedILi16ELi6EL9ap_q_mode5EL9_10_int_reg  |  16|   0|   16|          0|
    |p_ZZN4nnet24compute_output_buffer_2dINS_5arrayI8ap_fixedILi16ELi6EL9ap_q_mode5EL9_11_int_reg  |  16|   0|   16|          0|
    |p_ZZN4nnet24compute_output_buffer_2dINS_5arrayI8ap_fixedILi16ELi6EL9ap_q_mode5EL9_12_int_reg  |  16|   0|   16|          0|
    |p_ZZN4nnet24compute_output_buffer_2dINS_5arrayI8ap_fixedILi16ELi6EL9ap_q_mode5EL9_13_int_reg  |  16|   0|   16|          0|
    |p_ZZN4nnet24compute_output_buffer_2dINS_5arrayI8ap_fixedILi16ELi6EL9ap_q_mode5EL9_14_int_reg  |  16|   0|   16|          0|
    |p_ZZN4nnet24compute_output_buffer_2dINS_5arrayI8ap_fixedILi16ELi6EL9ap_q_mode5EL9_15_int_reg  |  16|   0|   16|          0|
    |p_ZZN4nnet24compute_output_buffer_2dINS_5arrayI8ap_fixedILi16ELi6EL9ap_q_mode5EL9_16_int_reg  |  16|   0|   16|          0|
    |p_ZZN4nnet24compute_output_buffer_2dINS_5arrayI8ap_fixedILi16ELi6EL9ap_q_mode5EL9_1_int_reg   |  16|   0|   16|          0|
    |p_ZZN4nnet24compute_output_buffer_2dINS_5arrayI8ap_fixedILi16ELi6EL9ap_q_mode5EL9_2_int_reg   |  16|   0|   16|          0|
    |p_ZZN4nnet24compute_output_buffer_2dINS_5arrayI8ap_fixedILi16ELi6EL9ap_q_mode5EL9_3_int_reg   |  16|   0|   16|          0|
    |p_ZZN4nnet24compute_output_buffer_2dINS_5arrayI8ap_fixedILi16ELi6EL9ap_q_mode5EL9_4_int_reg   |  16|   0|   16|          0|
    |p_ZZN4nnet24compute_output_buffer_2dINS_5arrayI8ap_fixedILi16ELi6EL9ap_q_mode5EL9_5_int_reg   |  16|   0|   16|          0|
    |p_ZZN4nnet24compute_output_buffer_2dINS_5arrayI8ap_fixedILi16ELi6EL9ap_q_mode5EL9_6_int_reg   |  16|   0|   16|          0|
    |p_ZZN4nnet24compute_output_buffer_2dINS_5arrayI8ap_fixedILi16ELi6EL9ap_q_mode5EL9_7_int_reg   |  16|   0|   16|          0|
    |p_ZZN4nnet24compute_output_buffer_2dINS_5arrayI8ap_fixedILi16ELi6EL9ap_q_mode5EL9_8_int_reg   |  16|   0|   16|          0|
    |p_ZZN4nnet24compute_output_buffer_2dINS_5arrayI8ap_fixedILi16ELi6EL9ap_q_mode5EL9_9_int_reg   |  16|   0|   16|          0|
    |p_ZZN4nnet24compute_output_buffer_2dINS_5arrayI8ap_fixedILi16ELi6EL9ap_q_mode5EL9_int_reg     |  16|   0|   16|          0|
    |sext_ln1270_reg_49866                                                                         |  21|   0|   21|          0|
    |sext_ln1273_1374_reg_49718                                                                    |  21|   0|   21|          0|
    |sext_ln1273_1377_reg_49742                                                                    |  21|   0|   21|          0|
    |sext_ln1273_1386_reg_49769                                                                    |  21|   0|   21|          0|
    |sext_ln1273_1389_reg_49794                                                                    |  21|   0|   21|          0|
    |sub_ln1273_1939_reg_49725                                                                     |  17|   0|   21|          4|
    |void_compute_output_buffer_2d_array_const_ap_shift_reg_n_chan_stream_weig_1_int_reg           |  16|   0|   16|          0|
    |void_compute_output_buffer_2d_array_const_ap_shift_reg_n_chan_stream_weig_2_int_reg           |  16|   0|   16|          0|
    |void_compute_output_buffer_2d_array_const_ap_shift_reg_n_chan_stream_weig_3_int_reg           |  16|   0|   16|          0|
    |void_compute_output_buffer_2d_array_const_ap_shift_reg_n_chan_stream_weig_4_int_reg           |  16|   0|   16|          0|
    |void_compute_output_buffer_2d_array_const_ap_shift_reg_n_chan_stream_weig_5_int_reg           |  16|   0|   16|          0|
    |void_compute_output_buffer_2d_array_const_ap_shift_reg_n_chan_stream_weig_6_int_reg           |  16|   0|   16|          0|
    |void_compute_output_buffer_2d_array_const_ap_shift_reg_n_chan_stream_weig_7_int_reg           |  16|   0|   16|          0|
    |void_compute_output_buffer_2d_array_const_ap_shift_reg_n_chan_stream_weig_8_int_reg           |  16|   0|   16|          0|
    |void_compute_output_buffer_2d_array_const_ap_shift_reg_n_chan_stream_weig_9_int_reg           |  16|   0|   16|          0|
    |void_compute_output_buffer_2d_array_const_ap_shift_reg_n_chan_stream_weig_int_reg             |  16|   0|   16|          0|
    +----------------------------------------------------------------------------------------------+----+----+-----+-----------+
    |Total                                                                                         |2874|   0| 2878|          4|
    +----------------------------------------------------------------------------------------------+----+----+-----+-----------+



================================================================
== Interface
================================================================
* Summary: 
+--------------------------------------------------------------------------------------+-----+-----+------------+--------------------------------------------------------------------------------------+--------------+
|                                       RTL Ports                                      | Dir | Bits|  Protocol  |                                     Source Object                                    |    C Type    |
+--------------------------------------------------------------------------------------+-----+-----+------------+--------------------------------------------------------------------------------------+--------------+
|ap_clk                                                                                |   in|    1|  ap_ctrl_hs|       dense_latency<ap_fixed<16, 6, 5, 3, 0>, ap_fixed<16, 6, 5, 3, 0>, config2_mult>|  return value|
|ap_rst                                                                                |   in|    1|  ap_ctrl_hs|       dense_latency<ap_fixed<16, 6, 5, 3, 0>, ap_fixed<16, 6, 5, 3, 0>, config2_mult>|  return value|
|ap_return_0                                                                           |  out|   16|  ap_ctrl_hs|       dense_latency<ap_fixed<16, 6, 5, 3, 0>, ap_fixed<16, 6, 5, 3, 0>, config2_mult>|  return value|
|ap_return_1                                                                           |  out|   16|  ap_ctrl_hs|       dense_latency<ap_fixed<16, 6, 5, 3, 0>, ap_fixed<16, 6, 5, 3, 0>, config2_mult>|  return value|
|ap_return_2                                                                           |  out|   16|  ap_ctrl_hs|       dense_latency<ap_fixed<16, 6, 5, 3, 0>, ap_fixed<16, 6, 5, 3, 0>, config2_mult>|  return value|
|ap_return_3                                                                           |  out|   16|  ap_ctrl_hs|       dense_latency<ap_fixed<16, 6, 5, 3, 0>, ap_fixed<16, 6, 5, 3, 0>, config2_mult>|  return value|
|ap_return_4                                                                           |  out|   16|  ap_ctrl_hs|       dense_latency<ap_fixed<16, 6, 5, 3, 0>, ap_fixed<16, 6, 5, 3, 0>, config2_mult>|  return value|
|ap_return_5                                                                           |  out|   16|  ap_ctrl_hs|       dense_latency<ap_fixed<16, 6, 5, 3, 0>, ap_fixed<16, 6, 5, 3, 0>, config2_mult>|  return value|
|ap_return_6                                                                           |  out|   16|  ap_ctrl_hs|       dense_latency<ap_fixed<16, 6, 5, 3, 0>, ap_fixed<16, 6, 5, 3, 0>, config2_mult>|  return value|
|ap_return_7                                                                           |  out|   16|  ap_ctrl_hs|       dense_latency<ap_fixed<16, 6, 5, 3, 0>, ap_fixed<16, 6, 5, 3, 0>, config2_mult>|  return value|
|ap_return_8                                                                           |  out|   16|  ap_ctrl_hs|       dense_latency<ap_fixed<16, 6, 5, 3, 0>, ap_fixed<16, 6, 5, 3, 0>, config2_mult>|  return value|
|ap_return_9                                                                           |  out|   16|  ap_ctrl_hs|       dense_latency<ap_fixed<16, 6, 5, 3, 0>, ap_fixed<16, 6, 5, 3, 0>, config2_mult>|  return value|
|ap_return_10                                                                          |  out|   16|  ap_ctrl_hs|       dense_latency<ap_fixed<16, 6, 5, 3, 0>, ap_fixed<16, 6, 5, 3, 0>, config2_mult>|  return value|
|ap_return_11                                                                          |  out|   16|  ap_ctrl_hs|       dense_latency<ap_fixed<16, 6, 5, 3, 0>, ap_fixed<16, 6, 5, 3, 0>, config2_mult>|  return value|
|ap_return_12                                                                          |  out|   16|  ap_ctrl_hs|       dense_latency<ap_fixed<16, 6, 5, 3, 0>, ap_fixed<16, 6, 5, 3, 0>, config2_mult>|  return value|
|ap_return_13                                                                          |  out|   16|  ap_ctrl_hs|       dense_latency<ap_fixed<16, 6, 5, 3, 0>, ap_fixed<16, 6, 5, 3, 0>, config2_mult>|  return value|
|ap_return_14                                                                          |  out|   16|  ap_ctrl_hs|       dense_latency<ap_fixed<16, 6, 5, 3, 0>, ap_fixed<16, 6, 5, 3, 0>, config2_mult>|  return value|
|ap_return_15                                                                          |  out|   16|  ap_ctrl_hs|       dense_latency<ap_fixed<16, 6, 5, 3, 0>, ap_fixed<16, 6, 5, 3, 0>, config2_mult>|  return value|
|ap_ce                                                                                 |   in|    1|  ap_ctrl_hs|       dense_latency<ap_fixed<16, 6, 5, 3, 0>, ap_fixed<16, 6, 5, 3, 0>, config2_mult>|  return value|
|void_compute_output_buffer_2d_array_const_ap_shift_reg_n_chan_stream_weig_9           |   in|   16|     ap_none|           void_compute_output_buffer_2d_array_const_ap_shift_reg_n_chan_stream_weig_9|       pointer|
|void_compute_output_buffer_2d_array_const_ap_shift_reg_n_chan_stream_weig_8           |   in|   16|     ap_none|           void_compute_output_buffer_2d_array_const_ap_shift_reg_n_chan_stream_weig_8|       pointer|
|void_compute_output_buffer_2d_array_const_ap_shift_reg_n_chan_stream_weig_7           |   in|   16|     ap_none|           void_compute_output_buffer_2d_array_const_ap_shift_reg_n_chan_stream_weig_7|       pointer|
|void_compute_output_buffer_2d_array_const_ap_shift_reg_n_chan_stream_weig_6           |   in|   16|     ap_none|           void_compute_output_buffer_2d_array_const_ap_shift_reg_n_chan_stream_weig_6|       pointer|
|void_compute_output_buffer_2d_array_const_ap_shift_reg_n_chan_stream_weig_5           |   in|   16|     ap_none|           void_compute_output_buffer_2d_array_const_ap_shift_reg_n_chan_stream_weig_5|       pointer|
|void_compute_output_buffer_2d_array_const_ap_shift_reg_n_chan_stream_weig_4           |   in|   16|     ap_none|           void_compute_output_buffer_2d_array_const_ap_shift_reg_n_chan_stream_weig_4|       pointer|
|void_compute_output_buffer_2d_array_const_ap_shift_reg_n_chan_stream_weig_3           |   in|   16|     ap_none|           void_compute_output_buffer_2d_array_const_ap_shift_reg_n_chan_stream_weig_3|       pointer|
|void_compute_output_buffer_2d_array_const_ap_shift_reg_n_chan_stream_weig_2           |   in|   16|     ap_none|           void_compute_output_buffer_2d_array_const_ap_shift_reg_n_chan_stream_weig_2|       pointer|
|void_compute_output_buffer_2d_array_const_ap_shift_reg_n_chan_stream_weig_1           |   in|   16|     ap_none|           void_compute_output_buffer_2d_array_const_ap_shift_reg_n_chan_stream_weig_1|       pointer|
|void_compute_output_buffer_2d_array_const_ap_shift_reg_n_chan_stream_weig             |   in|   16|     ap_none|             void_compute_output_buffer_2d_array_const_ap_shift_reg_n_chan_stream_weig|       pointer|
|p_ZZN4nnet24compute_output_buffer_2dINS_5arrayI8ap_fixedILi16ELi6EL9ap_q_mode5EL9_16  |   in|   16|     ap_none|  p_ZZN4nnet24compute_output_buffer_2dINS_5arrayI8ap_fixedILi16ELi6EL9ap_q_mode5EL9_16|       pointer|
|p_ZZN4nnet24compute_output_buffer_2dINS_5arrayI8ap_fixedILi16ELi6EL9ap_q_mode5EL9_15  |   in|   16|     ap_none|  p_ZZN4nnet24compute_output_buffer_2dINS_5arrayI8ap_fixedILi16ELi6EL9ap_q_mode5EL9_15|       pointer|
|p_ZZN4nnet24compute_output_buffer_2dINS_5arrayI8ap_fixedILi16ELi6EL9ap_q_mode5EL9_14  |   in|   16|     ap_none|  p_ZZN4nnet24compute_output_buffer_2dINS_5arrayI8ap_fixedILi16ELi6EL9ap_q_mode5EL9_14|       pointer|
|p_ZZN4nnet24compute_output_buffer_2dINS_5arrayI8ap_fixedILi16ELi6EL9ap_q_mode5EL9_13  |   in|   16|     ap_none|  p_ZZN4nnet24compute_output_buffer_2dINS_5arrayI8ap_fixedILi16ELi6EL9ap_q_mode5EL9_13|       pointer|
|p_ZZN4nnet24compute_output_buffer_2dINS_5arrayI8ap_fixedILi16ELi6EL9ap_q_mode5EL9_12  |   in|   16|     ap_none|  p_ZZN4nnet24compute_output_buffer_2dINS_5arrayI8ap_fixedILi16ELi6EL9ap_q_mode5EL9_12|       pointer|
|p_ZZN4nnet24compute_output_buffer_2dINS_5arrayI8ap_fixedILi16ELi6EL9ap_q_mode5EL9_11  |   in|   16|     ap_none|  p_ZZN4nnet24compute_output_buffer_2dINS_5arrayI8ap_fixedILi16ELi6EL9ap_q_mode5EL9_11|       pointer|
|p_ZZN4nnet24compute_output_buffer_2dINS_5arrayI8ap_fixedILi16ELi6EL9ap_q_mode5EL9_10  |   in|   16|     ap_none|  p_ZZN4nnet24compute_output_buffer_2dINS_5arrayI8ap_fixedILi16ELi6EL9ap_q_mode5EL9_10|       pointer|
|p_ZZN4nnet24compute_output_buffer_2dINS_5arrayI8ap_fixedILi16ELi6EL9ap_q_mode5EL9_9   |   in|   16|     ap_none|   p_ZZN4nnet24compute_output_buffer_2dINS_5arrayI8ap_fixedILi16ELi6EL9ap_q_mode5EL9_9|       pointer|
|p_ZZN4nnet24compute_output_buffer_2dINS_5arrayI8ap_fixedILi16ELi6EL9ap_q_mode5EL9_8   |   in|   16|     ap_none|   p_ZZN4nnet24compute_output_buffer_2dINS_5arrayI8ap_fixedILi16ELi6EL9ap_q_mode5EL9_8|       pointer|
|p_ZZN4nnet24compute_output_buffer_2dINS_5arrayI8ap_fixedILi16ELi6EL9ap_q_mode5EL9_7   |   in|   16|     ap_none|   p_ZZN4nnet24compute_output_buffer_2dINS_5arrayI8ap_fixedILi16ELi6EL9ap_q_mode5EL9_7|       pointer|
|p_ZZN4nnet24compute_output_buffer_2dINS_5arrayI8ap_fixedILi16ELi6EL9ap_q_mode5EL9_6   |   in|   16|     ap_none|   p_ZZN4nnet24compute_output_buffer_2dINS_5arrayI8ap_fixedILi16ELi6EL9ap_q_mode5EL9_6|       pointer|
|p_ZZN4nnet24compute_output_buffer_2dINS_5arrayI8ap_fixedILi16ELi6EL9ap_q_mode5EL9_5   |   in|   16|     ap_none|   p_ZZN4nnet24compute_output_buffer_2dINS_5arrayI8ap_fixedILi16ELi6EL9ap_q_mode5EL9_5|       pointer|
|p_ZZN4nnet24compute_output_buffer_2dINS_5arrayI8ap_fixedILi16ELi6EL9ap_q_mode5EL9_4   |   in|   16|     ap_none|   p_ZZN4nnet24compute_output_buffer_2dINS_5arrayI8ap_fixedILi16ELi6EL9ap_q_mode5EL9_4|       pointer|
|p_ZZN4nnet24compute_output_buffer_2dINS_5arrayI8ap_fixedILi16ELi6EL9ap_q_mode5EL9_3   |   in|   16|     ap_none|   p_ZZN4nnet24compute_output_buffer_2dINS_5arrayI8ap_fixedILi16ELi6EL9ap_q_mode5EL9_3|       pointer|
|p_ZZN4nnet24compute_output_buffer_2dINS_5arrayI8ap_fixedILi16ELi6EL9ap_q_mode5EL9_2   |   in|   16|     ap_none|   p_ZZN4nnet24compute_output_buffer_2dINS_5arrayI8ap_fixedILi16ELi6EL9ap_q_mode5EL9_2|       pointer|
|p_ZZN4nnet24compute_output_buffer_2dINS_5arrayI8ap_fixedILi16ELi6EL9ap_q_mode5EL9_1   |   in|   16|     ap_none|   p_ZZN4nnet24compute_output_buffer_2dINS_5arrayI8ap_fixedILi16ELi6EL9ap_q_mode5EL9_1|       pointer|
|p_ZZN4nnet24compute_output_buffer_2dINS_5arrayI8ap_fixedILi16ELi6EL9ap_q_mode5EL9     |   in|   16|     ap_none|     p_ZZN4nnet24compute_output_buffer_2dINS_5arrayI8ap_fixedILi16ELi6EL9ap_q_mode5EL9|       pointer|
+--------------------------------------------------------------------------------------+-----+-----+------------+--------------------------------------------------------------------------------------+--------------+

