

================================================================
== Vitis HLS Report for 'relu_ap_fixed_16_6_5_3_0_ap_ufixed_6_0_4_0_0_relu_config4_s'
================================================================
* Date:           Sun May 19 05:00:32 2024

* Version:        2022.2 (Build 3670227 on Oct 13 2022)
* Project:        kernel_wrapper
* Solution:       solution (Vitis Kernel Flow Target)
* Product family: virtexuplus
* Target device:  xcu55c-fsvh2892-2L-e


================================================================
== Performance Estimates
================================================================
+ Timing: 
    * Summary: 
    +--------+---------+----------+------------+
    |  Clock |  Target | Estimated| Uncertainty|
    +--------+---------+----------+------------+
    |ap_clk  |  3.33 ns|  1.792 ns|     0.90 ns|
    +--------+---------+----------+------------+

+ Latency: 
    * Summary: 
    +---------+---------+----------+----------+-----+-----+---------+
    |  Latency (cycles) |  Latency (absolute) |  Interval | Pipeline|
    |   min   |   max   |    min   |    max   | min | max |   Type  |
    +---------+---------+----------+----------+-----+-----+---------+
    |        0|        0|      0 ns|      0 ns|    1|    1|      yes|
    +---------+---------+----------+----------+-----+-----+---------+

    + Detail: 
        * Instance: 
        N/A

        * Loop: 
        N/A



================================================================
== Utilization Estimates
================================================================
* Summary: 
+---------------------+---------+------+---------+---------+-----+
|         Name        | BRAM_18K|  DSP |    FF   |   LUT   | URAM|
+---------------------+---------+------+---------+---------+-----+
|DSP                  |        -|     -|        -|        -|    -|
|Expression           |        -|     -|        0|     4514|    -|
|FIFO                 |        -|     -|        -|        -|    -|
|Instance             |        -|     -|        -|        -|    -|
|Memory               |        -|     -|        -|        -|    -|
|Multiplexer          |        -|     -|        -|        -|    -|
|Register             |        -|     -|        -|        -|    -|
+---------------------+---------+------+---------+---------+-----+
|Total                |        0|     0|        0|     4514|    0|
+---------------------+---------+------+---------+---------+-----+
|Available SLR        |     1344|  3008|   869120|   434560|  320|
+---------------------+---------+------+---------+---------+-----+
|Utilization SLR (%)  |        0|     0|        0|        1|    0|
+---------------------+---------+------+---------+---------+-----+
|Available            |     4032|  9024|  2607360|  1303680|  960|
+---------------------+---------+------+---------+---------+-----+
|Utilization (%)      |        0|     0|        0|       ~0|    0|
+---------------------+---------+------+---------+---------+-----+

+ Detail: 
    * Instance: 
    N/A

    * DSP: 
    N/A

    * Memory: 
    N/A

    * FIFO: 
    N/A

    * Expression: 
    +--------------------------------+----------+----+---+----+------------+------------+
    |          Variable Name         | Operation| DSP| FF| LUT| Bitwidth P0| Bitwidth P1|
    +--------------------------------+----------+----+---+----+------------+------------+
    |p_Val2_101_fu_3406_p2           |         +|   0|  0|  13|           6|           6|
    |p_Val2_103_fu_3540_p2           |         +|   0|  0|  13|           6|           6|
    |p_Val2_105_fu_3674_p2           |         +|   0|  0|  13|           6|           6|
    |p_Val2_107_fu_3808_p2           |         +|   0|  0|  13|           6|           6|
    |p_Val2_109_fu_3942_p2           |         +|   0|  0|  13|           6|           6|
    |p_Val2_111_fu_4076_p2           |         +|   0|  0|  13|           6|           6|
    |p_Val2_113_fu_4210_p2           |         +|   0|  0|  13|           6|           6|
    |p_Val2_115_fu_4344_p2           |         +|   0|  0|  13|           6|           6|
    |p_Val2_117_fu_4478_p2           |         +|   0|  0|  13|           6|           6|
    |p_Val2_119_fu_4612_p2           |         +|   0|  0|  13|           6|           6|
    |p_Val2_121_fu_4746_p2           |         +|   0|  0|  13|           6|           6|
    |p_Val2_123_fu_4880_p2           |         +|   0|  0|  13|           6|           6|
    |p_Val2_125_fu_5014_p2           |         +|   0|  0|  13|           6|           6|
    |p_Val2_127_fu_5148_p2           |         +|   0|  0|  13|           6|           6|
    |p_Val2_129_fu_5282_p2           |         +|   0|  0|  13|           6|           6|
    |p_Val2_131_fu_5416_p2           |         +|   0|  0|  13|           6|           6|
    |p_Val2_133_fu_5550_p2           |         +|   0|  0|  13|           6|           6|
    |p_Val2_135_fu_5684_p2           |         +|   0|  0|  13|           6|           6|
    |p_Val2_137_fu_5818_p2           |         +|   0|  0|  13|           6|           6|
    |p_Val2_139_fu_5952_p2           |         +|   0|  0|  13|           6|           6|
    |p_Val2_141_fu_6086_p2           |         +|   0|  0|  13|           6|           6|
    |p_Val2_143_fu_6220_p2           |         +|   0|  0|  13|           6|           6|
    |p_Val2_145_fu_6354_p2           |         +|   0|  0|  13|           6|           6|
    |p_Val2_147_fu_6488_p2           |         +|   0|  0|  13|           6|           6|
    |p_Val2_149_fu_6622_p2           |         +|   0|  0|  13|           6|           6|
    |p_Val2_151_fu_6756_p2           |         +|   0|  0|  13|           6|           6|
    |p_Val2_153_fu_6890_p2           |         +|   0|  0|  13|           6|           6|
    |p_Val2_155_fu_7024_p2           |         +|   0|  0|  13|           6|           6|
    |p_Val2_157_fu_7158_p2           |         +|   0|  0|  13|           6|           6|
    |p_Val2_159_fu_7292_p2           |         +|   0|  0|  13|           6|           6|
    |p_Val2_161_fu_7426_p2           |         +|   0|  0|  13|           6|           6|
    |p_Val2_163_fu_7560_p2           |         +|   0|  0|  13|           6|           6|
    |p_Val2_165_fu_7694_p2           |         +|   0|  0|  13|           6|           6|
    |p_Val2_167_fu_7828_p2           |         +|   0|  0|  13|           6|           6|
    |p_Val2_169_fu_7962_p2           |         +|   0|  0|  13|           6|           6|
    |p_Val2_171_fu_8096_p2           |         +|   0|  0|  13|           6|           6|
    |p_Val2_173_fu_8230_p2           |         +|   0|  0|  13|           6|           6|
    |p_Val2_175_fu_8364_p2           |         +|   0|  0|  13|           6|           6|
    |p_Val2_177_fu_8498_p2           |         +|   0|  0|  13|           6|           6|
    |p_Val2_179_fu_8632_p2           |         +|   0|  0|  13|           6|           6|
    |p_Val2_59_fu_592_p2             |         +|   0|  0|  13|           6|           6|
    |p_Val2_61_fu_726_p2             |         +|   0|  0|  13|           6|           6|
    |p_Val2_63_fu_860_p2             |         +|   0|  0|  13|           6|           6|
    |p_Val2_65_fu_994_p2             |         +|   0|  0|  13|           6|           6|
    |p_Val2_67_fu_1128_p2            |         +|   0|  0|  13|           6|           6|
    |p_Val2_69_fu_1262_p2            |         +|   0|  0|  13|           6|           6|
    |p_Val2_71_fu_1396_p2            |         +|   0|  0|  13|           6|           6|
    |p_Val2_73_fu_1530_p2            |         +|   0|  0|  13|           6|           6|
    |p_Val2_75_fu_1664_p2            |         +|   0|  0|  13|           6|           6|
    |p_Val2_77_fu_1798_p2            |         +|   0|  0|  13|           6|           6|
    |p_Val2_79_fu_1932_p2            |         +|   0|  0|  13|           6|           6|
    |p_Val2_81_fu_2066_p2            |         +|   0|  0|  13|           6|           6|
    |p_Val2_83_fu_2200_p2            |         +|   0|  0|  13|           6|           6|
    |p_Val2_85_fu_2334_p2            |         +|   0|  0|  13|           6|           6|
    |p_Val2_87_fu_2468_p2            |         +|   0|  0|  13|           6|           6|
    |p_Val2_89_fu_2602_p2            |         +|   0|  0|  13|           6|           6|
    |p_Val2_91_fu_2736_p2            |         +|   0|  0|  13|           6|           6|
    |p_Val2_93_fu_2870_p2            |         +|   0|  0|  13|           6|           6|
    |p_Val2_95_fu_3004_p2            |         +|   0|  0|  13|           6|           6|
    |p_Val2_97_fu_3138_p2            |         +|   0|  0|  13|           6|           6|
    |p_Val2_99_fu_3272_p2            |         +|   0|  0|  13|           6|           6|
    |and_ln374_27_fu_716_p2          |       and|   0|  0|   2|           1|           1|
    |and_ln374_28_fu_850_p2          |       and|   0|  0|   2|           1|           1|
    |and_ln374_29_fu_984_p2          |       and|   0|  0|   2|           1|           1|
    |and_ln374_30_fu_1118_p2         |       and|   0|  0|   2|           1|           1|
    |and_ln374_31_fu_1252_p2         |       and|   0|  0|   2|           1|           1|
    |and_ln374_32_fu_1386_p2         |       and|   0|  0|   2|           1|           1|
    |and_ln374_33_fu_1520_p2         |       and|   0|  0|   2|           1|           1|
    |and_ln374_34_fu_1654_p2         |       and|   0|  0|   2|           1|           1|
    |and_ln374_35_fu_1788_p2         |       and|   0|  0|   2|           1|           1|
    |and_ln374_36_fu_1922_p2         |       and|   0|  0|   2|           1|           1|
    |and_ln374_37_fu_2056_p2         |       and|   0|  0|   2|           1|           1|
    |and_ln374_38_fu_2190_p2         |       and|   0|  0|   2|           1|           1|
    |and_ln374_39_fu_2324_p2         |       and|   0|  0|   2|           1|           1|
    |and_ln374_40_fu_2458_p2         |       and|   0|  0|   2|           1|           1|
    |and_ln374_41_fu_2592_p2         |       and|   0|  0|   2|           1|           1|
    |and_ln374_42_fu_2726_p2         |       and|   0|  0|   2|           1|           1|
    |and_ln374_43_fu_2860_p2         |       and|   0|  0|   2|           1|           1|
    |and_ln374_44_fu_2994_p2         |       and|   0|  0|   2|           1|           1|
    |and_ln374_45_fu_3128_p2         |       and|   0|  0|   2|           1|           1|
    |and_ln374_46_fu_3262_p2         |       and|   0|  0|   2|           1|           1|
    |and_ln374_47_fu_3396_p2         |       and|   0|  0|   2|           1|           1|
    |and_ln374_48_fu_3530_p2         |       and|   0|  0|   2|           1|           1|
    |and_ln374_49_fu_3664_p2         |       and|   0|  0|   2|           1|           1|
    |and_ln374_50_fu_3798_p2         |       and|   0|  0|   2|           1|           1|
    |and_ln374_51_fu_3932_p2         |       and|   0|  0|   2|           1|           1|
    |and_ln374_52_fu_4066_p2         |       and|   0|  0|   2|           1|           1|
    |and_ln374_53_fu_4200_p2         |       and|   0|  0|   2|           1|           1|
    |and_ln374_54_fu_4334_p2         |       and|   0|  0|   2|           1|           1|
    |and_ln374_55_fu_4468_p2         |       and|   0|  0|   2|           1|           1|
    |and_ln374_56_fu_4602_p2         |       and|   0|  0|   2|           1|           1|
    |and_ln374_57_fu_4736_p2         |       and|   0|  0|   2|           1|           1|
    |and_ln374_58_fu_4870_p2         |       and|   0|  0|   2|           1|           1|
    |and_ln374_59_fu_5004_p2         |       and|   0|  0|   2|           1|           1|
    |and_ln374_60_fu_5138_p2         |       and|   0|  0|   2|           1|           1|
    |and_ln374_61_fu_5272_p2         |       and|   0|  0|   2|           1|           1|
    |and_ln374_62_fu_5406_p2         |       and|   0|  0|   2|           1|           1|
    |and_ln374_63_fu_5540_p2         |       and|   0|  0|   2|           1|           1|
    |and_ln374_64_fu_5674_p2         |       and|   0|  0|   2|           1|           1|
    |and_ln374_65_fu_5808_p2         |       and|   0|  0|   2|           1|           1|
    |and_ln374_66_fu_5942_p2         |       and|   0|  0|   2|           1|           1|
    |and_ln374_67_fu_6076_p2         |       and|   0|  0|   2|           1|           1|
    |and_ln374_68_fu_6210_p2         |       and|   0|  0|   2|           1|           1|
    |and_ln374_69_fu_6344_p2         |       and|   0|  0|   2|           1|           1|
    |and_ln374_70_fu_6478_p2         |       and|   0|  0|   2|           1|           1|
    |and_ln374_71_fu_6612_p2         |       and|   0|  0|   2|           1|           1|
    |and_ln374_72_fu_6746_p2         |       and|   0|  0|   2|           1|           1|
    |and_ln374_73_fu_6880_p2         |       and|   0|  0|   2|           1|           1|
    |and_ln374_74_fu_7014_p2         |       and|   0|  0|   2|           1|           1|
    |and_ln374_75_fu_7148_p2         |       and|   0|  0|   2|           1|           1|
    |and_ln374_76_fu_7282_p2         |       and|   0|  0|   2|           1|           1|
    |and_ln374_77_fu_7416_p2         |       and|   0|  0|   2|           1|           1|
    |and_ln374_78_fu_7550_p2         |       and|   0|  0|   2|           1|           1|
    |and_ln374_79_fu_7684_p2         |       and|   0|  0|   2|           1|           1|
    |and_ln374_80_fu_7818_p2         |       and|   0|  0|   2|           1|           1|
    |and_ln374_81_fu_7952_p2         |       and|   0|  0|   2|           1|           1|
    |and_ln374_82_fu_8086_p2         |       and|   0|  0|   2|           1|           1|
    |and_ln374_83_fu_8220_p2         |       and|   0|  0|   2|           1|           1|
    |and_ln374_84_fu_8354_p2         |       and|   0|  0|   2|           1|           1|
    |and_ln374_85_fu_8488_p2         |       and|   0|  0|   2|           1|           1|
    |and_ln374_86_fu_8622_p2         |       and|   0|  0|   2|           1|           1|
    |and_ln374_fu_582_p2             |       and|   0|  0|   2|           1|           1|
    |Range1_all_ones_27_fu_742_p2    |      icmp|   0|  0|  10|           6|           2|
    |Range1_all_ones_28_fu_876_p2    |      icmp|   0|  0|  10|           6|           2|
    |Range1_all_ones_29_fu_1010_p2   |      icmp|   0|  0|  10|           6|           2|
    |Range1_all_ones_30_fu_1144_p2   |      icmp|   0|  0|  10|           6|           2|
    |Range1_all_ones_31_fu_1278_p2   |      icmp|   0|  0|  10|           6|           2|
    |Range1_all_ones_32_fu_1412_p2   |      icmp|   0|  0|  10|           6|           2|
    |Range1_all_ones_33_fu_1546_p2   |      icmp|   0|  0|  10|           6|           2|
    |Range1_all_ones_34_fu_1680_p2   |      icmp|   0|  0|  10|           6|           2|
    |Range1_all_ones_35_fu_1814_p2   |      icmp|   0|  0|  10|           6|           2|
    |Range1_all_ones_36_fu_1948_p2   |      icmp|   0|  0|  10|           6|           2|
    |Range1_all_ones_37_fu_2082_p2   |      icmp|   0|  0|  10|           6|           2|
    |Range1_all_ones_38_fu_2216_p2   |      icmp|   0|  0|  10|           6|           2|
    |Range1_all_ones_39_fu_2350_p2   |      icmp|   0|  0|  10|           6|           2|
    |Range1_all_ones_40_fu_2484_p2   |      icmp|   0|  0|  10|           6|           2|
    |Range1_all_ones_41_fu_2618_p2   |      icmp|   0|  0|  10|           6|           2|
    |Range1_all_ones_42_fu_2752_p2   |      icmp|   0|  0|  10|           6|           2|
    |Range1_all_ones_43_fu_2886_p2   |      icmp|   0|  0|  10|           6|           2|
    |Range1_all_ones_44_fu_3020_p2   |      icmp|   0|  0|  10|           6|           2|
    |Range1_all_ones_45_fu_3154_p2   |      icmp|   0|  0|  10|           6|           2|
    |Range1_all_ones_46_fu_3288_p2   |      icmp|   0|  0|  10|           6|           2|
    |Range1_all_ones_47_fu_3422_p2   |      icmp|   0|  0|  10|           6|           2|
    |Range1_all_ones_48_fu_3556_p2   |      icmp|   0|  0|  10|           6|           2|
    |Range1_all_ones_49_fu_3690_p2   |      icmp|   0|  0|  10|           6|           2|
    |Range1_all_ones_50_fu_3824_p2   |      icmp|   0|  0|  10|           6|           2|
    |Range1_all_ones_51_fu_3958_p2   |      icmp|   0|  0|  10|           6|           2|
    |Range1_all_ones_52_fu_4092_p2   |      icmp|   0|  0|  10|           6|           2|
    |Range1_all_ones_53_fu_4226_p2   |      icmp|   0|  0|  10|           6|           2|
    |Range1_all_ones_54_fu_4360_p2   |      icmp|   0|  0|  10|           6|           2|
    |Range1_all_ones_55_fu_4494_p2   |      icmp|   0|  0|  10|           6|           2|
    |Range1_all_ones_56_fu_4628_p2   |      icmp|   0|  0|  10|           6|           2|
    |Range1_all_ones_57_fu_4762_p2   |      icmp|   0|  0|  10|           6|           2|
    |Range1_all_ones_58_fu_4896_p2   |      icmp|   0|  0|  10|           6|           2|
    |Range1_all_ones_59_fu_5030_p2   |      icmp|   0|  0|  10|           6|           2|
    |Range1_all_ones_60_fu_5164_p2   |      icmp|   0|  0|  10|           6|           2|
    |Range1_all_ones_61_fu_5298_p2   |      icmp|   0|  0|  10|           6|           2|
    |Range1_all_ones_62_fu_5432_p2   |      icmp|   0|  0|  10|           6|           2|
    |Range1_all_ones_63_fu_5566_p2   |      icmp|   0|  0|  10|           6|           2|
    |Range1_all_ones_64_fu_5700_p2   |      icmp|   0|  0|  10|           6|           2|
    |Range1_all_ones_65_fu_5834_p2   |      icmp|   0|  0|  10|           6|           2|
    |Range1_all_ones_66_fu_5968_p2   |      icmp|   0|  0|  10|           6|           2|
    |Range1_all_ones_67_fu_6102_p2   |      icmp|   0|  0|  10|           6|           2|
    |Range1_all_ones_68_fu_6236_p2   |      icmp|   0|  0|  10|           6|           2|
    |Range1_all_ones_69_fu_6370_p2   |      icmp|   0|  0|  10|           6|           2|
    |Range1_all_ones_70_fu_6504_p2   |      icmp|   0|  0|  10|           6|           2|
    |Range1_all_ones_71_fu_6638_p2   |      icmp|   0|  0|  10|           6|           2|
    |Range1_all_ones_72_fu_6772_p2   |      icmp|   0|  0|  10|           6|           2|
    |Range1_all_ones_73_fu_6906_p2   |      icmp|   0|  0|  10|           6|           2|
    |Range1_all_ones_74_fu_7040_p2   |      icmp|   0|  0|  10|           6|           2|
    |Range1_all_ones_75_fu_7174_p2   |      icmp|   0|  0|  10|           6|           2|
    |Range1_all_ones_76_fu_7308_p2   |      icmp|   0|  0|  10|           6|           2|
    |Range1_all_ones_77_fu_7442_p2   |      icmp|   0|  0|  10|           6|           2|
    |Range1_all_ones_78_fu_7576_p2   |      icmp|   0|  0|  10|           6|           2|
    |Range1_all_ones_79_fu_7710_p2   |      icmp|   0|  0|  10|           6|           2|
    |Range1_all_ones_80_fu_7844_p2   |      icmp|   0|  0|  10|           6|           2|
    |Range1_all_ones_81_fu_7978_p2   |      icmp|   0|  0|  10|           6|           2|
    |Range1_all_ones_82_fu_8112_p2   |      icmp|   0|  0|  10|           6|           2|
    |Range1_all_ones_83_fu_8246_p2   |      icmp|   0|  0|  10|           6|           2|
    |Range1_all_ones_84_fu_8380_p2   |      icmp|   0|  0|  10|           6|           2|
    |Range1_all_ones_85_fu_8514_p2   |      icmp|   0|  0|  10|           6|           2|
    |Range1_all_ones_86_fu_8648_p2   |      icmp|   0|  0|  10|           6|           2|
    |Range1_all_ones_fu_608_p2       |      icmp|   0|  0|  10|           6|           2|
    |Range1_all_zeros_27_fu_748_p2   |      icmp|   0|  0|  10|           6|           1|
    |Range1_all_zeros_28_fu_882_p2   |      icmp|   0|  0|  10|           6|           1|
    |Range1_all_zeros_29_fu_1016_p2  |      icmp|   0|  0|  10|           6|           1|
    |Range1_all_zeros_30_fu_1150_p2  |      icmp|   0|  0|  10|           6|           1|
    |Range1_all_zeros_31_fu_1284_p2  |      icmp|   0|  0|  10|           6|           1|
    |Range1_all_zeros_32_fu_1418_p2  |      icmp|   0|  0|  10|           6|           1|
    |Range1_all_zeros_33_fu_1552_p2  |      icmp|   0|  0|  10|           6|           1|
    |Range1_all_zeros_34_fu_1686_p2  |      icmp|   0|  0|  10|           6|           1|
    |Range1_all_zeros_35_fu_1820_p2  |      icmp|   0|  0|  10|           6|           1|
    |Range1_all_zeros_36_fu_1954_p2  |      icmp|   0|  0|  10|           6|           1|
    |Range1_all_zeros_37_fu_2088_p2  |      icmp|   0|  0|  10|           6|           1|
    |Range1_all_zeros_38_fu_2222_p2  |      icmp|   0|  0|  10|           6|           1|
    |Range1_all_zeros_39_fu_2356_p2  |      icmp|   0|  0|  10|           6|           1|
    |Range1_all_zeros_40_fu_2490_p2  |      icmp|   0|  0|  10|           6|           1|
    |Range1_all_zeros_41_fu_2624_p2  |      icmp|   0|  0|  10|           6|           1|
    |Range1_all_zeros_42_fu_2758_p2  |      icmp|   0|  0|  10|           6|           1|
    |Range1_all_zeros_43_fu_2892_p2  |      icmp|   0|  0|  10|           6|           1|
    |Range1_all_zeros_44_fu_3026_p2  |      icmp|   0|  0|  10|           6|           1|
    |Range1_all_zeros_45_fu_3160_p2  |      icmp|   0|  0|  10|           6|           1|
    |Range1_all_zeros_46_fu_3294_p2  |      icmp|   0|  0|  10|           6|           1|
    |Range1_all_zeros_47_fu_3428_p2  |      icmp|   0|  0|  10|           6|           1|
    |Range1_all_zeros_48_fu_3562_p2  |      icmp|   0|  0|  10|           6|           1|
    |Range1_all_zeros_49_fu_3696_p2  |      icmp|   0|  0|  10|           6|           1|
    |Range1_all_zeros_50_fu_3830_p2  |      icmp|   0|  0|  10|           6|           1|
    |Range1_all_zeros_51_fu_3964_p2  |      icmp|   0|  0|  10|           6|           1|
    |Range1_all_zeros_52_fu_4098_p2  |      icmp|   0|  0|  10|           6|           1|
    |Range1_all_zeros_53_fu_4232_p2  |      icmp|   0|  0|  10|           6|           1|
    |Range1_all_zeros_54_fu_4366_p2  |      icmp|   0|  0|  10|           6|           1|
    |Range1_all_zeros_55_fu_4500_p2  |      icmp|   0|  0|  10|           6|           1|
    |Range1_all_zeros_56_fu_4634_p2  |      icmp|   0|  0|  10|           6|           1|
    |Range1_all_zeros_57_fu_4768_p2  |      icmp|   0|  0|  10|           6|           1|
    |Range1_all_zeros_58_fu_4902_p2  |      icmp|   0|  0|  10|           6|           1|
    |Range1_all_zeros_59_fu_5036_p2  |      icmp|   0|  0|  10|           6|           1|
    |Range1_all_zeros_60_fu_5170_p2  |      icmp|   0|  0|  10|           6|           1|
    |Range1_all_zeros_61_fu_5304_p2  |      icmp|   0|  0|  10|           6|           1|
    |Range1_all_zeros_62_fu_5438_p2  |      icmp|   0|  0|  10|           6|           1|
    |Range1_all_zeros_63_fu_5572_p2  |      icmp|   0|  0|  10|           6|           1|
    |Range1_all_zeros_64_fu_5706_p2  |      icmp|   0|  0|  10|           6|           1|
    |Range1_all_zeros_65_fu_5840_p2  |      icmp|   0|  0|  10|           6|           1|
    |Range1_all_zeros_66_fu_5974_p2  |      icmp|   0|  0|  10|           6|           1|
    |Range1_all_zeros_67_fu_6108_p2  |      icmp|   0|  0|  10|           6|           1|
    |Range1_all_zeros_68_fu_6242_p2  |      icmp|   0|  0|  10|           6|           1|
    |Range1_all_zeros_69_fu_6376_p2  |      icmp|   0|  0|  10|           6|           1|
    |Range1_all_zeros_70_fu_6510_p2  |      icmp|   0|  0|  10|           6|           1|
    |Range1_all_zeros_71_fu_6644_p2  |      icmp|   0|  0|  10|           6|           1|
    |Range1_all_zeros_72_fu_6778_p2  |      icmp|   0|  0|  10|           6|           1|
    |Range1_all_zeros_73_fu_6912_p2  |      icmp|   0|  0|  10|           6|           1|
    |Range1_all_zeros_74_fu_7046_p2  |      icmp|   0|  0|  10|           6|           1|
    |Range1_all_zeros_75_fu_7180_p2  |      icmp|   0|  0|  10|           6|           1|
    |Range1_all_zeros_76_fu_7314_p2  |      icmp|   0|  0|  10|           6|           1|
    |Range1_all_zeros_77_fu_7448_p2  |      icmp|   0|  0|  10|           6|           1|
    |Range1_all_zeros_78_fu_7582_p2  |      icmp|   0|  0|  10|           6|           1|
    |Range1_all_zeros_79_fu_7716_p2  |      icmp|   0|  0|  10|           6|           1|
    |Range1_all_zeros_80_fu_7850_p2  |      icmp|   0|  0|  10|           6|           1|
    |Range1_all_zeros_81_fu_7984_p2  |      icmp|   0|  0|  10|           6|           1|
    |Range1_all_zeros_82_fu_8118_p2  |      icmp|   0|  0|  10|           6|           1|
    |Range1_all_zeros_83_fu_8252_p2  |      icmp|   0|  0|  10|           6|           1|
    |Range1_all_zeros_84_fu_8386_p2  |      icmp|   0|  0|  10|           6|           1|
    |Range1_all_zeros_85_fu_8520_p2  |      icmp|   0|  0|  10|           6|           1|
    |Range1_all_zeros_86_fu_8654_p2  |      icmp|   0|  0|  10|           6|           1|
    |Range1_all_zeros_fu_614_p2      |      icmp|   0|  0|  10|           6|           1|
    |icmp_ln1649_27_fu_660_p2        |      icmp|   0|  0|  13|          16|           1|
    |icmp_ln1649_28_fu_794_p2        |      icmp|   0|  0|  13|          16|           1|
    |icmp_ln1649_29_fu_928_p2        |      icmp|   0|  0|  13|          16|           1|
    |icmp_ln1649_30_fu_1062_p2       |      icmp|   0|  0|  13|          16|           1|
    |icmp_ln1649_31_fu_1196_p2       |      icmp|   0|  0|  13|          16|           1|
    |icmp_ln1649_32_fu_1330_p2       |      icmp|   0|  0|  13|          16|           1|
    |icmp_ln1649_33_fu_1464_p2       |      icmp|   0|  0|  13|          16|           1|
    |icmp_ln1649_34_fu_1598_p2       |      icmp|   0|  0|  13|          16|           1|
    |icmp_ln1649_35_fu_1732_p2       |      icmp|   0|  0|  13|          16|           1|
    |icmp_ln1649_36_fu_1866_p2       |      icmp|   0|  0|  13|          16|           1|
    |icmp_ln1649_37_fu_2000_p2       |      icmp|   0|  0|  13|          16|           1|
    |icmp_ln1649_38_fu_2134_p2       |      icmp|   0|  0|  13|          16|           1|
    |icmp_ln1649_39_fu_2268_p2       |      icmp|   0|  0|  13|          16|           1|
    |icmp_ln1649_40_fu_2402_p2       |      icmp|   0|  0|  13|          16|           1|
    |icmp_ln1649_41_fu_2536_p2       |      icmp|   0|  0|  13|          16|           1|
    |icmp_ln1649_42_fu_2670_p2       |      icmp|   0|  0|  13|          16|           1|
    |icmp_ln1649_43_fu_2804_p2       |      icmp|   0|  0|  13|          16|           1|
    |icmp_ln1649_44_fu_2938_p2       |      icmp|   0|  0|  13|          16|           1|
    |icmp_ln1649_45_fu_3072_p2       |      icmp|   0|  0|  13|          16|           1|
    |icmp_ln1649_46_fu_3206_p2       |      icmp|   0|  0|  13|          16|           1|
    |icmp_ln1649_47_fu_3340_p2       |      icmp|   0|  0|  13|          16|           1|
    |icmp_ln1649_48_fu_3474_p2       |      icmp|   0|  0|  13|          16|           1|
    |icmp_ln1649_49_fu_3608_p2       |      icmp|   0|  0|  13|          16|           1|
    |icmp_ln1649_50_fu_3742_p2       |      icmp|   0|  0|  13|          16|           1|
    |icmp_ln1649_51_fu_3876_p2       |      icmp|   0|  0|  13|          16|           1|
    |icmp_ln1649_52_fu_4010_p2       |      icmp|   0|  0|  13|          16|           1|
    |icmp_ln1649_53_fu_4144_p2       |      icmp|   0|  0|  13|          16|           1|
    |icmp_ln1649_54_fu_4278_p2       |      icmp|   0|  0|  13|          16|           1|
    |icmp_ln1649_55_fu_4412_p2       |      icmp|   0|  0|  13|          16|           1|
    |icmp_ln1649_56_fu_4546_p2       |      icmp|   0|  0|  13|          16|           1|
    |icmp_ln1649_57_fu_4680_p2       |      icmp|   0|  0|  13|          16|           1|
    |icmp_ln1649_58_fu_4814_p2       |      icmp|   0|  0|  13|          16|           1|
    |icmp_ln1649_59_fu_4948_p2       |      icmp|   0|  0|  13|          16|           1|
    |icmp_ln1649_60_fu_5082_p2       |      icmp|   0|  0|  13|          16|           1|
    |icmp_ln1649_61_fu_5216_p2       |      icmp|   0|  0|  13|          16|           1|
    |icmp_ln1649_62_fu_5350_p2       |      icmp|   0|  0|  13|          16|           1|
    |icmp_ln1649_63_fu_5484_p2       |      icmp|   0|  0|  13|          16|           1|
    |icmp_ln1649_64_fu_5618_p2       |      icmp|   0|  0|  13|          16|           1|
    |icmp_ln1649_65_fu_5752_p2       |      icmp|   0|  0|  13|          16|           1|
    |icmp_ln1649_66_fu_5886_p2       |      icmp|   0|  0|  13|          16|           1|
    |icmp_ln1649_67_fu_6020_p2       |      icmp|   0|  0|  13|          16|           1|
    |icmp_ln1649_68_fu_6154_p2       |      icmp|   0|  0|  13|          16|           1|
    |icmp_ln1649_69_fu_6288_p2       |      icmp|   0|  0|  13|          16|           1|
    |icmp_ln1649_70_fu_6422_p2       |      icmp|   0|  0|  13|          16|           1|
    |icmp_ln1649_71_fu_6556_p2       |      icmp|   0|  0|  13|          16|           1|
    |icmp_ln1649_72_fu_6690_p2       |      icmp|   0|  0|  13|          16|           1|
    |icmp_ln1649_73_fu_6824_p2       |      icmp|   0|  0|  13|          16|           1|
    |icmp_ln1649_74_fu_6958_p2       |      icmp|   0|  0|  13|          16|           1|
    |icmp_ln1649_75_fu_7092_p2       |      icmp|   0|  0|  13|          16|           1|
    |icmp_ln1649_76_fu_7226_p2       |      icmp|   0|  0|  13|          16|           1|
    |icmp_ln1649_77_fu_7360_p2       |      icmp|   0|  0|  13|          16|           1|
    |icmp_ln1649_78_fu_7494_p2       |      icmp|   0|  0|  13|          16|           1|
    |icmp_ln1649_79_fu_7628_p2       |      icmp|   0|  0|  13|          16|           1|
    |icmp_ln1649_80_fu_7762_p2       |      icmp|   0|  0|  13|          16|           1|
    |icmp_ln1649_81_fu_7896_p2       |      icmp|   0|  0|  13|          16|           1|
    |icmp_ln1649_82_fu_8030_p2       |      icmp|   0|  0|  13|          16|           1|
    |icmp_ln1649_83_fu_8164_p2       |      icmp|   0|  0|  13|          16|           1|
    |icmp_ln1649_84_fu_8298_p2       |      icmp|   0|  0|  13|          16|           1|
    |icmp_ln1649_85_fu_8432_p2       |      icmp|   0|  0|  13|          16|           1|
    |icmp_ln1649_86_fu_8566_p2       |      icmp|   0|  0|  13|          16|           1|
    |icmp_ln1649_fu_526_p2           |      icmp|   0|  0|  13|          16|           1|
    |r_27_fu_696_p2                  |      icmp|   0|  0|   8|           3|           1|
    |r_28_fu_830_p2                  |      icmp|   0|  0|   8|           3|           1|
    |r_29_fu_964_p2                  |      icmp|   0|  0|   8|           3|           1|
    |r_30_fu_1098_p2                 |      icmp|   0|  0|   8|           3|           1|
    |r_31_fu_1232_p2                 |      icmp|   0|  0|   8|           3|           1|
    |r_32_fu_1366_p2                 |      icmp|   0|  0|   8|           3|           1|
    |r_33_fu_1500_p2                 |      icmp|   0|  0|   8|           3|           1|
    |r_34_fu_1634_p2                 |      icmp|   0|  0|   8|           3|           1|
    |r_35_fu_1768_p2                 |      icmp|   0|  0|   8|           3|           1|
    |r_36_fu_1902_p2                 |      icmp|   0|  0|   8|           3|           1|
    |r_37_fu_2036_p2                 |      icmp|   0|  0|   8|           3|           1|
    |r_38_fu_2170_p2                 |      icmp|   0|  0|   8|           3|           1|
    |r_39_fu_2304_p2                 |      icmp|   0|  0|   8|           3|           1|
    |r_40_fu_2438_p2                 |      icmp|   0|  0|   8|           3|           1|
    |r_41_fu_2572_p2                 |      icmp|   0|  0|   8|           3|           1|
    |r_42_fu_2706_p2                 |      icmp|   0|  0|   8|           3|           1|
    |r_43_fu_2840_p2                 |      icmp|   0|  0|   8|           3|           1|
    |r_44_fu_2974_p2                 |      icmp|   0|  0|   8|           3|           1|
    |r_45_fu_3108_p2                 |      icmp|   0|  0|   8|           3|           1|
    |r_46_fu_3242_p2                 |      icmp|   0|  0|   8|           3|           1|
    |r_47_fu_3376_p2                 |      icmp|   0|  0|   8|           3|           1|
    |r_48_fu_3510_p2                 |      icmp|   0|  0|   8|           3|           1|
    |r_49_fu_3644_p2                 |      icmp|   0|  0|   8|           3|           1|
    |r_50_fu_3778_p2                 |      icmp|   0|  0|   8|           3|           1|
    |r_51_fu_3912_p2                 |      icmp|   0|  0|   8|           3|           1|
    |r_52_fu_4046_p2                 |      icmp|   0|  0|   8|           3|           1|
    |r_53_fu_4180_p2                 |      icmp|   0|  0|   8|           3|           1|
    |r_54_fu_4314_p2                 |      icmp|   0|  0|   8|           3|           1|
    |r_55_fu_4448_p2                 |      icmp|   0|  0|   8|           3|           1|
    |r_56_fu_4582_p2                 |      icmp|   0|  0|   8|           3|           1|
    |r_57_fu_4716_p2                 |      icmp|   0|  0|   8|           3|           1|
    |r_58_fu_4850_p2                 |      icmp|   0|  0|   8|           3|           1|
    |r_59_fu_4984_p2                 |      icmp|   0|  0|   8|           3|           1|
    |r_60_fu_5118_p2                 |      icmp|   0|  0|   8|           3|           1|
    |r_61_fu_5252_p2                 |      icmp|   0|  0|   8|           3|           1|
    |r_62_fu_5386_p2                 |      icmp|   0|  0|   8|           3|           1|
    |r_63_fu_5520_p2                 |      icmp|   0|  0|   8|           3|           1|
    |r_64_fu_5654_p2                 |      icmp|   0|  0|   8|           3|           1|
    |r_65_fu_5788_p2                 |      icmp|   0|  0|   8|           3|           1|
    |r_66_fu_5922_p2                 |      icmp|   0|  0|   8|           3|           1|
    |r_67_fu_6056_p2                 |      icmp|   0|  0|   8|           3|           1|
    |r_68_fu_6190_p2                 |      icmp|   0|  0|   8|           3|           1|
    |r_69_fu_6324_p2                 |      icmp|   0|  0|   8|           3|           1|
    |r_70_fu_6458_p2                 |      icmp|   0|  0|   8|           3|           1|
    |r_71_fu_6592_p2                 |      icmp|   0|  0|   8|           3|           1|
    |r_72_fu_6726_p2                 |      icmp|   0|  0|   8|           3|           1|
    |r_73_fu_6860_p2                 |      icmp|   0|  0|   8|           3|           1|
    |r_74_fu_6994_p2                 |      icmp|   0|  0|   8|           3|           1|
    |r_75_fu_7128_p2                 |      icmp|   0|  0|   8|           3|           1|
    |r_76_fu_7262_p2                 |      icmp|   0|  0|   8|           3|           1|
    |r_77_fu_7396_p2                 |      icmp|   0|  0|   8|           3|           1|
    |r_78_fu_7530_p2                 |      icmp|   0|  0|   8|           3|           1|
    |r_79_fu_7664_p2                 |      icmp|   0|  0|   8|           3|           1|
    |r_80_fu_7798_p2                 |      icmp|   0|  0|   8|           3|           1|
    |r_81_fu_7932_p2                 |      icmp|   0|  0|   8|           3|           1|
    |r_82_fu_8066_p2                 |      icmp|   0|  0|   8|           3|           1|
    |r_83_fu_8200_p2                 |      icmp|   0|  0|   8|           3|           1|
    |r_84_fu_8334_p2                 |      icmp|   0|  0|   8|           3|           1|
    |r_85_fu_8468_p2                 |      icmp|   0|  0|   8|           3|           1|
    |r_86_fu_8602_p2                 |      icmp|   0|  0|   8|           3|           1|
    |r_fu_562_p2                     |      icmp|   0|  0|   8|           3|           1|
    |or_ln374_27_fu_710_p2           |        or|   0|  0|   2|           1|           1|
    |or_ln374_28_fu_844_p2           |        or|   0|  0|   2|           1|           1|
    |or_ln374_29_fu_978_p2           |        or|   0|  0|   2|           1|           1|
    |or_ln374_30_fu_1112_p2          |        or|   0|  0|   2|           1|           1|
    |or_ln374_31_fu_1246_p2          |        or|   0|  0|   2|           1|           1|
    |or_ln374_32_fu_1380_p2          |        or|   0|  0|   2|           1|           1|
    |or_ln374_33_fu_1514_p2          |        or|   0|  0|   2|           1|           1|
    |or_ln374_34_fu_1648_p2          |        or|   0|  0|   2|           1|           1|
    |or_ln374_35_fu_1782_p2          |        or|   0|  0|   2|           1|           1|
    |or_ln374_36_fu_1916_p2          |        or|   0|  0|   2|           1|           1|
    |or_ln374_37_fu_2050_p2          |        or|   0|  0|   2|           1|           1|
    |or_ln374_38_fu_2184_p2          |        or|   0|  0|   2|           1|           1|
    |or_ln374_39_fu_2318_p2          |        or|   0|  0|   2|           1|           1|
    |or_ln374_40_fu_2452_p2          |        or|   0|  0|   2|           1|           1|
    |or_ln374_41_fu_2586_p2          |        or|   0|  0|   2|           1|           1|
    |or_ln374_42_fu_2720_p2          |        or|   0|  0|   2|           1|           1|
    |or_ln374_43_fu_2854_p2          |        or|   0|  0|   2|           1|           1|
    |or_ln374_44_fu_2988_p2          |        or|   0|  0|   2|           1|           1|
    |or_ln374_45_fu_3122_p2          |        or|   0|  0|   2|           1|           1|
    |or_ln374_46_fu_3256_p2          |        or|   0|  0|   2|           1|           1|
    |or_ln374_47_fu_3390_p2          |        or|   0|  0|   2|           1|           1|
    |or_ln374_48_fu_3524_p2          |        or|   0|  0|   2|           1|           1|
    |or_ln374_49_fu_3658_p2          |        or|   0|  0|   2|           1|           1|
    |or_ln374_50_fu_3792_p2          |        or|   0|  0|   2|           1|           1|
    |or_ln374_51_fu_3926_p2          |        or|   0|  0|   2|           1|           1|
    |or_ln374_52_fu_4060_p2          |        or|   0|  0|   2|           1|           1|
    |or_ln374_53_fu_4194_p2          |        or|   0|  0|   2|           1|           1|
    |or_ln374_54_fu_4328_p2          |        or|   0|  0|   2|           1|           1|
    |or_ln374_55_fu_4462_p2          |        or|   0|  0|   2|           1|           1|
    |or_ln374_56_fu_4596_p2          |        or|   0|  0|   2|           1|           1|
    |or_ln374_57_fu_4730_p2          |        or|   0|  0|   2|           1|           1|
    |or_ln374_58_fu_4864_p2          |        or|   0|  0|   2|           1|           1|
    |or_ln374_59_fu_4998_p2          |        or|   0|  0|   2|           1|           1|
    |or_ln374_60_fu_5132_p2          |        or|   0|  0|   2|           1|           1|
    |or_ln374_61_fu_5266_p2          |        or|   0|  0|   2|           1|           1|
    |or_ln374_62_fu_5400_p2          |        or|   0|  0|   2|           1|           1|
    |or_ln374_63_fu_5534_p2          |        or|   0|  0|   2|           1|           1|
    |or_ln374_64_fu_5668_p2          |        or|   0|  0|   2|           1|           1|
    |or_ln374_65_fu_5802_p2          |        or|   0|  0|   2|           1|           1|
    |or_ln374_66_fu_5936_p2          |        or|   0|  0|   2|           1|           1|
    |or_ln374_67_fu_6070_p2          |        or|   0|  0|   2|           1|           1|
    |or_ln374_68_fu_6204_p2          |        or|   0|  0|   2|           1|           1|
    |or_ln374_69_fu_6338_p2          |        or|   0|  0|   2|           1|           1|
    |or_ln374_70_fu_6472_p2          |        or|   0|  0|   2|           1|           1|
    |or_ln374_71_fu_6606_p2          |        or|   0|  0|   2|           1|           1|
    |or_ln374_72_fu_6740_p2          |        or|   0|  0|   2|           1|           1|
    |or_ln374_73_fu_6874_p2          |        or|   0|  0|   2|           1|           1|
    |or_ln374_74_fu_7008_p2          |        or|   0|  0|   2|           1|           1|
    |or_ln374_75_fu_7142_p2          |        or|   0|  0|   2|           1|           1|
    |or_ln374_76_fu_7276_p2          |        or|   0|  0|   2|           1|           1|
    |or_ln374_77_fu_7410_p2          |        or|   0|  0|   2|           1|           1|
    |or_ln374_78_fu_7544_p2          |        or|   0|  0|   2|           1|           1|
    |or_ln374_79_fu_7678_p2          |        or|   0|  0|   2|           1|           1|
    |or_ln374_80_fu_7812_p2          |        or|   0|  0|   2|           1|           1|
    |or_ln374_81_fu_7946_p2          |        or|   0|  0|   2|           1|           1|
    |or_ln374_82_fu_8080_p2          |        or|   0|  0|   2|           1|           1|
    |or_ln374_83_fu_8214_p2          |        or|   0|  0|   2|           1|           1|
    |or_ln374_84_fu_8348_p2          |        or|   0|  0|   2|           1|           1|
    |or_ln374_85_fu_8482_p2          |        or|   0|  0|   2|           1|           1|
    |or_ln374_86_fu_8616_p2          |        or|   0|  0|   2|           1|           1|
    |or_ln374_fu_576_p2              |        or|   0|  0|   2|           1|           1|
    |deleted_zeros_27_fu_770_p3      |    select|   0|  0|   2|           1|           1|
    |deleted_zeros_28_fu_904_p3      |    select|   0|  0|   2|           1|           1|
    |deleted_zeros_29_fu_1038_p3     |    select|   0|  0|   2|           1|           1|
    |deleted_zeros_30_fu_1172_p3     |    select|   0|  0|   2|           1|           1|
    |deleted_zeros_31_fu_1306_p3     |    select|   0|  0|   2|           1|           1|
    |deleted_zeros_32_fu_1440_p3     |    select|   0|  0|   2|           1|           1|
    |deleted_zeros_33_fu_1574_p3     |    select|   0|  0|   2|           1|           1|
    |deleted_zeros_34_fu_1708_p3     |    select|   0|  0|   2|           1|           1|
    |deleted_zeros_35_fu_1842_p3     |    select|   0|  0|   2|           1|           1|
    |deleted_zeros_36_fu_1976_p3     |    select|   0|  0|   2|           1|           1|
    |deleted_zeros_37_fu_2110_p3     |    select|   0|  0|   2|           1|           1|
    |deleted_zeros_38_fu_2244_p3     |    select|   0|  0|   2|           1|           1|
    |deleted_zeros_39_fu_2378_p3     |    select|   0|  0|   2|           1|           1|
    |deleted_zeros_40_fu_2512_p3     |    select|   0|  0|   2|           1|           1|
    |deleted_zeros_41_fu_2646_p3     |    select|   0|  0|   2|           1|           1|
    |deleted_zeros_42_fu_2780_p3     |    select|   0|  0|   2|           1|           1|
    |deleted_zeros_43_fu_2914_p3     |    select|   0|  0|   2|           1|           1|
    |deleted_zeros_44_fu_3048_p3     |    select|   0|  0|   2|           1|           1|
    |deleted_zeros_45_fu_3182_p3     |    select|   0|  0|   2|           1|           1|
    |deleted_zeros_46_fu_3316_p3     |    select|   0|  0|   2|           1|           1|
    |deleted_zeros_47_fu_3450_p3     |    select|   0|  0|   2|           1|           1|
    |deleted_zeros_48_fu_3584_p3     |    select|   0|  0|   2|           1|           1|
    |deleted_zeros_49_fu_3718_p3     |    select|   0|  0|   2|           1|           1|
    |deleted_zeros_50_fu_3852_p3     |    select|   0|  0|   2|           1|           1|
    |deleted_zeros_51_fu_3986_p3     |    select|   0|  0|   2|           1|           1|
    |deleted_zeros_52_fu_4120_p3     |    select|   0|  0|   2|           1|           1|
    |deleted_zeros_53_fu_4254_p3     |    select|   0|  0|   2|           1|           1|
    |deleted_zeros_54_fu_4388_p3     |    select|   0|  0|   2|           1|           1|
    |deleted_zeros_55_fu_4522_p3     |    select|   0|  0|   2|           1|           1|
    |deleted_zeros_56_fu_4656_p3     |    select|   0|  0|   2|           1|           1|
    |deleted_zeros_57_fu_4790_p3     |    select|   0|  0|   2|           1|           1|
    |deleted_zeros_58_fu_4924_p3     |    select|   0|  0|   2|           1|           1|
    |deleted_zeros_59_fu_5058_p3     |    select|   0|  0|   2|           1|           1|
    |deleted_zeros_60_fu_5192_p3     |    select|   0|  0|   2|           1|           1|
    |deleted_zeros_61_fu_5326_p3     |    select|   0|  0|   2|           1|           1|
    |deleted_zeros_62_fu_5460_p3     |    select|   0|  0|   2|           1|           1|
    |deleted_zeros_63_fu_5594_p3     |    select|   0|  0|   2|           1|           1|
    |deleted_zeros_64_fu_5728_p3     |    select|   0|  0|   2|           1|           1|
    |deleted_zeros_65_fu_5862_p3     |    select|   0|  0|   2|           1|           1|
    |deleted_zeros_66_fu_5996_p3     |    select|   0|  0|   2|           1|           1|
    |deleted_zeros_67_fu_6130_p3     |    select|   0|  0|   2|           1|           1|
    |deleted_zeros_68_fu_6264_p3     |    select|   0|  0|   2|           1|           1|
    |deleted_zeros_69_fu_6398_p3     |    select|   0|  0|   2|           1|           1|
    |deleted_zeros_70_fu_6532_p3     |    select|   0|  0|   2|           1|           1|
    |deleted_zeros_71_fu_6666_p3     |    select|   0|  0|   2|           1|           1|
    |deleted_zeros_72_fu_6800_p3     |    select|   0|  0|   2|           1|           1|
    |deleted_zeros_73_fu_6934_p3     |    select|   0|  0|   2|           1|           1|
    |deleted_zeros_74_fu_7068_p3     |    select|   0|  0|   2|           1|           1|
    |deleted_zeros_75_fu_7202_p3     |    select|   0|  0|   2|           1|           1|
    |deleted_zeros_76_fu_7336_p3     |    select|   0|  0|   2|           1|           1|
    |deleted_zeros_77_fu_7470_p3     |    select|   0|  0|   2|           1|           1|
    |deleted_zeros_78_fu_7604_p3     |    select|   0|  0|   2|           1|           1|
    |deleted_zeros_79_fu_7738_p3     |    select|   0|  0|   2|           1|           1|
    |deleted_zeros_80_fu_7872_p3     |    select|   0|  0|   2|           1|           1|
    |deleted_zeros_81_fu_8006_p3     |    select|   0|  0|   2|           1|           1|
    |deleted_zeros_82_fu_8140_p3     |    select|   0|  0|   2|           1|           1|
    |deleted_zeros_83_fu_8274_p3     |    select|   0|  0|   2|           1|           1|
    |deleted_zeros_84_fu_8408_p3     |    select|   0|  0|   2|           1|           1|
    |deleted_zeros_85_fu_8542_p3     |    select|   0|  0|   2|           1|           1|
    |deleted_zeros_86_fu_8676_p3     |    select|   0|  0|   2|           1|           1|
    |deleted_zeros_fu_636_p3         |    select|   0|  0|   2|           1|           1|
    |select_ln1649_27_fu_786_p3      |    select|   0|  0|   6|           1|           6|
    |select_ln1649_28_fu_920_p3      |    select|   0|  0|   6|           1|           6|
    |select_ln1649_29_fu_1054_p3     |    select|   0|  0|   6|           1|           6|
    |select_ln1649_30_fu_1188_p3     |    select|   0|  0|   6|           1|           6|
    |select_ln1649_31_fu_1322_p3     |    select|   0|  0|   6|           1|           6|
    |select_ln1649_32_fu_1456_p3     |    select|   0|  0|   6|           1|           6|
    |select_ln1649_33_fu_1590_p3     |    select|   0|  0|   6|           1|           6|
    |select_ln1649_34_fu_1724_p3     |    select|   0|  0|   6|           1|           6|
    |select_ln1649_35_fu_1858_p3     |    select|   0|  0|   6|           1|           6|
    |select_ln1649_36_fu_1992_p3     |    select|   0|  0|   6|           1|           6|
    |select_ln1649_37_fu_2126_p3     |    select|   0|  0|   6|           1|           6|
    |select_ln1649_38_fu_2260_p3     |    select|   0|  0|   6|           1|           6|
    |select_ln1649_39_fu_2394_p3     |    select|   0|  0|   6|           1|           6|
    |select_ln1649_40_fu_2528_p3     |    select|   0|  0|   6|           1|           6|
    |select_ln1649_41_fu_2662_p3     |    select|   0|  0|   6|           1|           6|
    |select_ln1649_42_fu_2796_p3     |    select|   0|  0|   6|           1|           6|
    |select_ln1649_43_fu_2930_p3     |    select|   0|  0|   6|           1|           6|
    |select_ln1649_44_fu_3064_p3     |    select|   0|  0|   6|           1|           6|
    |select_ln1649_45_fu_3198_p3     |    select|   0|  0|   6|           1|           6|
    |select_ln1649_46_fu_3332_p3     |    select|   0|  0|   6|           1|           6|
    |select_ln1649_47_fu_3466_p3     |    select|   0|  0|   6|           1|           6|
    |select_ln1649_48_fu_3600_p3     |    select|   0|  0|   6|           1|           6|
    |select_ln1649_49_fu_3734_p3     |    select|   0|  0|   6|           1|           6|
    |select_ln1649_50_fu_3868_p3     |    select|   0|  0|   6|           1|           6|
    |select_ln1649_51_fu_4002_p3     |    select|   0|  0|   6|           1|           6|
    |select_ln1649_52_fu_4136_p3     |    select|   0|  0|   6|           1|           6|
    |select_ln1649_53_fu_4270_p3     |    select|   0|  0|   6|           1|           6|
    |select_ln1649_54_fu_4404_p3     |    select|   0|  0|   6|           1|           6|
    |select_ln1649_55_fu_4538_p3     |    select|   0|  0|   6|           1|           6|
    |select_ln1649_56_fu_4672_p3     |    select|   0|  0|   6|           1|           6|
    |select_ln1649_57_fu_4806_p3     |    select|   0|  0|   6|           1|           6|
    |select_ln1649_58_fu_4940_p3     |    select|   0|  0|   6|           1|           6|
    |select_ln1649_59_fu_5074_p3     |    select|   0|  0|   6|           1|           6|
    |select_ln1649_60_fu_5208_p3     |    select|   0|  0|   6|           1|           6|
    |select_ln1649_61_fu_5342_p3     |    select|   0|  0|   6|           1|           6|
    |select_ln1649_62_fu_5476_p3     |    select|   0|  0|   6|           1|           6|
    |select_ln1649_63_fu_5610_p3     |    select|   0|  0|   6|           1|           6|
    |select_ln1649_64_fu_5744_p3     |    select|   0|  0|   6|           1|           6|
    |select_ln1649_65_fu_5878_p3     |    select|   0|  0|   6|           1|           6|
    |select_ln1649_66_fu_6012_p3     |    select|   0|  0|   6|           1|           6|
    |select_ln1649_67_fu_6146_p3     |    select|   0|  0|   6|           1|           6|
    |select_ln1649_68_fu_6280_p3     |    select|   0|  0|   6|           1|           6|
    |select_ln1649_69_fu_6414_p3     |    select|   0|  0|   6|           1|           6|
    |select_ln1649_70_fu_6548_p3     |    select|   0|  0|   6|           1|           6|
    |select_ln1649_71_fu_6682_p3     |    select|   0|  0|   6|           1|           6|
    |select_ln1649_72_fu_6816_p3     |    select|   0|  0|   6|           1|           6|
    |select_ln1649_73_fu_6950_p3     |    select|   0|  0|   6|           1|           6|
    |select_ln1649_74_fu_7084_p3     |    select|   0|  0|   6|           1|           6|
    |select_ln1649_75_fu_7218_p3     |    select|   0|  0|   6|           1|           6|
    |select_ln1649_76_fu_7352_p3     |    select|   0|  0|   6|           1|           6|
    |select_ln1649_77_fu_7486_p3     |    select|   0|  0|   6|           1|           6|
    |select_ln1649_78_fu_7620_p3     |    select|   0|  0|   6|           1|           6|
    |select_ln1649_79_fu_7754_p3     |    select|   0|  0|   6|           1|           6|
    |select_ln1649_80_fu_7888_p3     |    select|   0|  0|   6|           1|           6|
    |select_ln1649_81_fu_8022_p3     |    select|   0|  0|   6|           1|           6|
    |select_ln1649_82_fu_8156_p3     |    select|   0|  0|   6|           1|           6|
    |select_ln1649_83_fu_8290_p3     |    select|   0|  0|   6|           1|           6|
    |select_ln1649_84_fu_8424_p3     |    select|   0|  0|   6|           1|           6|
    |select_ln1649_85_fu_8558_p3     |    select|   0|  0|   6|           1|           6|
    |select_ln1649_86_fu_8692_p3     |    select|   0|  0|   6|           1|           6|
    |select_ln1649_fu_652_p3         |    select|   0|  0|   6|           1|           6|
    |select_ln302_27_fu_778_p3       |    select|   0|  0|   6|           1|           6|
    |select_ln302_28_fu_912_p3       |    select|   0|  0|   6|           1|           6|
    |select_ln302_29_fu_1046_p3      |    select|   0|  0|   6|           1|           6|
    |select_ln302_30_fu_1180_p3      |    select|   0|  0|   6|           1|           6|
    |select_ln302_31_fu_1314_p3      |    select|   0|  0|   6|           1|           6|
    |select_ln302_32_fu_1448_p3      |    select|   0|  0|   6|           1|           6|
    |select_ln302_33_fu_1582_p3      |    select|   0|  0|   6|           1|           6|
    |select_ln302_34_fu_1716_p3      |    select|   0|  0|   6|           1|           6|
    |select_ln302_35_fu_1850_p3      |    select|   0|  0|   6|           1|           6|
    |select_ln302_36_fu_1984_p3      |    select|   0|  0|   6|           1|           6|
    |select_ln302_37_fu_2118_p3      |    select|   0|  0|   6|           1|           6|
    |select_ln302_38_fu_2252_p3      |    select|   0|  0|   6|           1|           6|
    |select_ln302_39_fu_2386_p3      |    select|   0|  0|   6|           1|           6|
    |select_ln302_40_fu_2520_p3      |    select|   0|  0|   6|           1|           6|
    |select_ln302_41_fu_2654_p3      |    select|   0|  0|   6|           1|           6|
    |select_ln302_42_fu_2788_p3      |    select|   0|  0|   6|           1|           6|
    |select_ln302_43_fu_2922_p3      |    select|   0|  0|   6|           1|           6|
    |select_ln302_44_fu_3056_p3      |    select|   0|  0|   6|           1|           6|
    |select_ln302_45_fu_3190_p3      |    select|   0|  0|   6|           1|           6|
    |select_ln302_46_fu_3324_p3      |    select|   0|  0|   6|           1|           6|
    |select_ln302_47_fu_3458_p3      |    select|   0|  0|   6|           1|           6|
    |select_ln302_48_fu_3592_p3      |    select|   0|  0|   6|           1|           6|
    |select_ln302_49_fu_3726_p3      |    select|   0|  0|   6|           1|           6|
    |select_ln302_50_fu_3860_p3      |    select|   0|  0|   6|           1|           6|
    |select_ln302_51_fu_3994_p3      |    select|   0|  0|   6|           1|           6|
    |select_ln302_52_fu_4128_p3      |    select|   0|  0|   6|           1|           6|
    |select_ln302_53_fu_4262_p3      |    select|   0|  0|   6|           1|           6|
    |select_ln302_54_fu_4396_p3      |    select|   0|  0|   6|           1|           6|
    |select_ln302_55_fu_4530_p3      |    select|   0|  0|   6|           1|           6|
    |select_ln302_56_fu_4664_p3      |    select|   0|  0|   6|           1|           6|
    |select_ln302_57_fu_4798_p3      |    select|   0|  0|   6|           1|           6|
    |select_ln302_58_fu_4932_p3      |    select|   0|  0|   6|           1|           6|
    |select_ln302_59_fu_5066_p3      |    select|   0|  0|   6|           1|           6|
    |select_ln302_60_fu_5200_p3      |    select|   0|  0|   6|           1|           6|
    |select_ln302_61_fu_5334_p3      |    select|   0|  0|   6|           1|           6|
    |select_ln302_62_fu_5468_p3      |    select|   0|  0|   6|           1|           6|
    |select_ln302_63_fu_5602_p3      |    select|   0|  0|   6|           1|           6|
    |select_ln302_64_fu_5736_p3      |    select|   0|  0|   6|           1|           6|
    |select_ln302_65_fu_5870_p3      |    select|   0|  0|   6|           1|           6|
    |select_ln302_66_fu_6004_p3      |    select|   0|  0|   6|           1|           6|
    |select_ln302_67_fu_6138_p3      |    select|   0|  0|   6|           1|           6|
    |select_ln302_68_fu_6272_p3      |    select|   0|  0|   6|           1|           6|
    |select_ln302_69_fu_6406_p3      |    select|   0|  0|   6|           1|           6|
    |select_ln302_70_fu_6540_p3      |    select|   0|  0|   6|           1|           6|
    |select_ln302_71_fu_6674_p3      |    select|   0|  0|   6|           1|           6|
    |select_ln302_72_fu_6808_p3      |    select|   0|  0|   6|           1|           6|
    |select_ln302_73_fu_6942_p3      |    select|   0|  0|   6|           1|           6|
    |select_ln302_74_fu_7076_p3      |    select|   0|  0|   6|           1|           6|
    |select_ln302_75_fu_7210_p3      |    select|   0|  0|   6|           1|           6|
    |select_ln302_76_fu_7344_p3      |    select|   0|  0|   6|           1|           6|
    |select_ln302_77_fu_7478_p3      |    select|   0|  0|   6|           1|           6|
    |select_ln302_78_fu_7612_p3      |    select|   0|  0|   6|           1|           6|
    |select_ln302_79_fu_7746_p3      |    select|   0|  0|   6|           1|           6|
    |select_ln302_80_fu_7880_p3      |    select|   0|  0|   6|           1|           6|
    |select_ln302_81_fu_8014_p3      |    select|   0|  0|   6|           1|           6|
    |select_ln302_82_fu_8148_p3      |    select|   0|  0|   6|           1|           6|
    |select_ln302_83_fu_8282_p3      |    select|   0|  0|   6|           1|           6|
    |select_ln302_84_fu_8416_p3      |    select|   0|  0|   6|           1|           6|
    |select_ln302_85_fu_8550_p3      |    select|   0|  0|   6|           1|           6|
    |select_ln302_86_fu_8684_p3      |    select|   0|  0|   6|           1|           6|
    |select_ln302_fu_644_p3          |    select|   0|  0|   6|           1|           6|
    |select_ln888_27_fu_762_p3       |    select|   0|  0|   2|           1|           1|
    |select_ln888_28_fu_896_p3       |    select|   0|  0|   2|           1|           1|
    |select_ln888_29_fu_1030_p3      |    select|   0|  0|   2|           1|           1|
    |select_ln888_30_fu_1164_p3      |    select|   0|  0|   2|           1|           1|
    |select_ln888_31_fu_1298_p3      |    select|   0|  0|   2|           1|           1|
    |select_ln888_32_fu_1432_p3      |    select|   0|  0|   2|           1|           1|
    |select_ln888_33_fu_1566_p3      |    select|   0|  0|   2|           1|           1|
    |select_ln888_34_fu_1700_p3      |    select|   0|  0|   2|           1|           1|
    |select_ln888_35_fu_1834_p3      |    select|   0|  0|   2|           1|           1|
    |select_ln888_36_fu_1968_p3      |    select|   0|  0|   2|           1|           1|
    |select_ln888_37_fu_2102_p3      |    select|   0|  0|   2|           1|           1|
    |select_ln888_38_fu_2236_p3      |    select|   0|  0|   2|           1|           1|
    |select_ln888_39_fu_2370_p3      |    select|   0|  0|   2|           1|           1|
    |select_ln888_40_fu_2504_p3      |    select|   0|  0|   2|           1|           1|
    |select_ln888_41_fu_2638_p3      |    select|   0|  0|   2|           1|           1|
    |select_ln888_42_fu_2772_p3      |    select|   0|  0|   2|           1|           1|
    |select_ln888_43_fu_2906_p3      |    select|   0|  0|   2|           1|           1|
    |select_ln888_44_fu_3040_p3      |    select|   0|  0|   2|           1|           1|
    |select_ln888_45_fu_3174_p3      |    select|   0|  0|   2|           1|           1|
    |select_ln888_46_fu_3308_p3      |    select|   0|  0|   2|           1|           1|
    |select_ln888_47_fu_3442_p3      |    select|   0|  0|   2|           1|           1|
    |select_ln888_48_fu_3576_p3      |    select|   0|  0|   2|           1|           1|
    |select_ln888_49_fu_3710_p3      |    select|   0|  0|   2|           1|           1|
    |select_ln888_50_fu_3844_p3      |    select|   0|  0|   2|           1|           1|
    |select_ln888_51_fu_3978_p3      |    select|   0|  0|   2|           1|           1|
    |select_ln888_52_fu_4112_p3      |    select|   0|  0|   2|           1|           1|
    |select_ln888_53_fu_4246_p3      |    select|   0|  0|   2|           1|           1|
    |select_ln888_54_fu_4380_p3      |    select|   0|  0|   2|           1|           1|
    |select_ln888_55_fu_4514_p3      |    select|   0|  0|   2|           1|           1|
    |select_ln888_56_fu_4648_p3      |    select|   0|  0|   2|           1|           1|
    |select_ln888_57_fu_4782_p3      |    select|   0|  0|   2|           1|           1|
    |select_ln888_58_fu_4916_p3      |    select|   0|  0|   2|           1|           1|
    |select_ln888_59_fu_5050_p3      |    select|   0|  0|   2|           1|           1|
    |select_ln888_60_fu_5184_p3      |    select|   0|  0|   2|           1|           1|
    |select_ln888_61_fu_5318_p3      |    select|   0|  0|   2|           1|           1|
    |select_ln888_62_fu_5452_p3      |    select|   0|  0|   2|           1|           1|
    |select_ln888_63_fu_5586_p3      |    select|   0|  0|   2|           1|           1|
    |select_ln888_64_fu_5720_p3      |    select|   0|  0|   2|           1|           1|
    |select_ln888_65_fu_5854_p3      |    select|   0|  0|   2|           1|           1|
    |select_ln888_66_fu_5988_p3      |    select|   0|  0|   2|           1|           1|
    |select_ln888_67_fu_6122_p3      |    select|   0|  0|   2|           1|           1|
    |select_ln888_68_fu_6256_p3      |    select|   0|  0|   2|           1|           1|
    |select_ln888_69_fu_6390_p3      |    select|   0|  0|   2|           1|           1|
    |select_ln888_70_fu_6524_p3      |    select|   0|  0|   2|           1|           1|
    |select_ln888_71_fu_6658_p3      |    select|   0|  0|   2|           1|           1|
    |select_ln888_72_fu_6792_p3      |    select|   0|  0|   2|           1|           1|
    |select_ln888_73_fu_6926_p3      |    select|   0|  0|   2|           1|           1|
    |select_ln888_74_fu_7060_p3      |    select|   0|  0|   2|           1|           1|
    |select_ln888_75_fu_7194_p3      |    select|   0|  0|   2|           1|           1|
    |select_ln888_76_fu_7328_p3      |    select|   0|  0|   2|           1|           1|
    |select_ln888_77_fu_7462_p3      |    select|   0|  0|   2|           1|           1|
    |select_ln888_78_fu_7596_p3      |    select|   0|  0|   2|           1|           1|
    |select_ln888_79_fu_7730_p3      |    select|   0|  0|   2|           1|           1|
    |select_ln888_80_fu_7864_p3      |    select|   0|  0|   2|           1|           1|
    |select_ln888_81_fu_7998_p3      |    select|   0|  0|   2|           1|           1|
    |select_ln888_82_fu_8132_p3      |    select|   0|  0|   2|           1|           1|
    |select_ln888_83_fu_8266_p3      |    select|   0|  0|   2|           1|           1|
    |select_ln888_84_fu_8400_p3      |    select|   0|  0|   2|           1|           1|
    |select_ln888_85_fu_8534_p3      |    select|   0|  0|   2|           1|           1|
    |select_ln888_86_fu_8668_p3      |    select|   0|  0|   2|           1|           1|
    |select_ln888_fu_628_p3          |    select|   0|  0|   2|           1|           1|
    +--------------------------------+----------+----+---+----+------------+------------+
    |Total                           |          |   0|  0|4514|        2623|        1647|
    +--------------------------------+----------+----+---+----+------------+------------+

    * Multiplexer: 
    N/A

    * Register: 
    N/A



================================================================
== Interface
================================================================
* Summary: 
+--------------+-----+-----+------------+------------------------------------------------------------------------+--------------+
|   RTL Ports  | Dir | Bits|  Protocol  |                              Source Object                             |    C Type    |
+--------------+-----+-----+------------+------------------------------------------------------------------------+--------------+
|ap_ready      |  out|    1|  ap_ctrl_hs|  relu<ap_fixed<16, 6, 5, 3, 0>, ap_ufixed<6, 0, 4, 0, 0>, relu_config4>|  return value|
|ap_return_0   |  out|    6|  ap_ctrl_hs|  relu<ap_fixed<16, 6, 5, 3, 0>, ap_ufixed<6, 0, 4, 0, 0>, relu_config4>|  return value|
|ap_return_1   |  out|    6|  ap_ctrl_hs|  relu<ap_fixed<16, 6, 5, 3, 0>, ap_ufixed<6, 0, 4, 0, 0>, relu_config4>|  return value|
|ap_return_2   |  out|    6|  ap_ctrl_hs|  relu<ap_fixed<16, 6, 5, 3, 0>, ap_ufixed<6, 0, 4, 0, 0>, relu_config4>|  return value|
|ap_return_3   |  out|    6|  ap_ctrl_hs|  relu<ap_fixed<16, 6, 5, 3, 0>, ap_ufixed<6, 0, 4, 0, 0>, relu_config4>|  return value|
|ap_return_4   |  out|    6|  ap_ctrl_hs|  relu<ap_fixed<16, 6, 5, 3, 0>, ap_ufixed<6, 0, 4, 0, 0>, relu_config4>|  return value|
|ap_return_5   |  out|    6|  ap_ctrl_hs|  relu<ap_fixed<16, 6, 5, 3, 0>, ap_ufixed<6, 0, 4, 0, 0>, relu_config4>|  return value|
|ap_return_6   |  out|    6|  ap_ctrl_hs|  relu<ap_fixed<16, 6, 5, 3, 0>, ap_ufixed<6, 0, 4, 0, 0>, relu_config4>|  return value|
|ap_return_7   |  out|    6|  ap_ctrl_hs|  relu<ap_fixed<16, 6, 5, 3, 0>, ap_ufixed<6, 0, 4, 0, 0>, relu_config4>|  return value|
|ap_return_8   |  out|    6|  ap_ctrl_hs|  relu<ap_fixed<16, 6, 5, 3, 0>, ap_ufixed<6, 0, 4, 0, 0>, relu_config4>|  return value|
|ap_return_9   |  out|    6|  ap_ctrl_hs|  relu<ap_fixed<16, 6, 5, 3, 0>, ap_ufixed<6, 0, 4, 0, 0>, relu_config4>|  return value|
|ap_return_10  |  out|    6|  ap_ctrl_hs|  relu<ap_fixed<16, 6, 5, 3, 0>, ap_ufixed<6, 0, 4, 0, 0>, relu_config4>|  return value|
|ap_return_11  |  out|    6|  ap_ctrl_hs|  relu<ap_fixed<16, 6, 5, 3, 0>, ap_ufixed<6, 0, 4, 0, 0>, relu_config4>|  return value|
|ap_return_12  |  out|    6|  ap_ctrl_hs|  relu<ap_fixed<16, 6, 5, 3, 0>, ap_ufixed<6, 0, 4, 0, 0>, relu_config4>|  return value|
|ap_return_13  |  out|    6|  ap_ctrl_hs|  relu<ap_fixed<16, 6, 5, 3, 0>, ap_ufixed<6, 0, 4, 0, 0>, relu_config4>|  return value|
|ap_return_14  |  out|    6|  ap_ctrl_hs|  relu<ap_fixed<16, 6, 5, 3, 0>, ap_ufixed<6, 0, 4, 0, 0>, relu_config4>|  return value|
|ap_return_15  |  out|    6|  ap_ctrl_hs|  relu<ap_fixed<16, 6, 5, 3, 0>, ap_ufixed<6, 0, 4, 0, 0>, relu_config4>|  return value|
|ap_return_16  |  out|    6|  ap_ctrl_hs|  relu<ap_fixed<16, 6, 5, 3, 0>, ap_ufixed<6, 0, 4, 0, 0>, relu_config4>|  return value|
|ap_return_17  |  out|    6|  ap_ctrl_hs|  relu<ap_fixed<16, 6, 5, 3, 0>, ap_ufixed<6, 0, 4, 0, 0>, relu_config4>|  return value|
|ap_return_18  |  out|    6|  ap_ctrl_hs|  relu<ap_fixed<16, 6, 5, 3, 0>, ap_ufixed<6, 0, 4, 0, 0>, relu_config4>|  return value|
|ap_return_19  |  out|    6|  ap_ctrl_hs|  relu<ap_fixed<16, 6, 5, 3, 0>, ap_ufixed<6, 0, 4, 0, 0>, relu_config4>|  return value|
|ap_return_20  |  out|    6|  ap_ctrl_hs|  relu<ap_fixed<16, 6, 5, 3, 0>, ap_ufixed<6, 0, 4, 0, 0>, relu_config4>|  return value|
|ap_return_21  |  out|    6|  ap_ctrl_hs|  relu<ap_fixed<16, 6, 5, 3, 0>, ap_ufixed<6, 0, 4, 0, 0>, relu_config4>|  return value|
|ap_return_22  |  out|    6|  ap_ctrl_hs|  relu<ap_fixed<16, 6, 5, 3, 0>, ap_ufixed<6, 0, 4, 0, 0>, relu_config4>|  return value|
|ap_return_23  |  out|    6|  ap_ctrl_hs|  relu<ap_fixed<16, 6, 5, 3, 0>, ap_ufixed<6, 0, 4, 0, 0>, relu_config4>|  return value|
|ap_return_24  |  out|    6|  ap_ctrl_hs|  relu<ap_fixed<16, 6, 5, 3, 0>, ap_ufixed<6, 0, 4, 0, 0>, relu_config4>|  return value|
|ap_return_25  |  out|    6|  ap_ctrl_hs|  relu<ap_fixed<16, 6, 5, 3, 0>, ap_ufixed<6, 0, 4, 0, 0>, relu_config4>|  return value|
|ap_return_26  |  out|    6|  ap_ctrl_hs|  relu<ap_fixed<16, 6, 5, 3, 0>, ap_ufixed<6, 0, 4, 0, 0>, relu_config4>|  return value|
|ap_return_27  |  out|    6|  ap_ctrl_hs|  relu<ap_fixed<16, 6, 5, 3, 0>, ap_ufixed<6, 0, 4, 0, 0>, relu_config4>|  return value|
|ap_return_28  |  out|    6|  ap_ctrl_hs|  relu<ap_fixed<16, 6, 5, 3, 0>, ap_ufixed<6, 0, 4, 0, 0>, relu_config4>|  return value|
|ap_return_29  |  out|    6|  ap_ctrl_hs|  relu<ap_fixed<16, 6, 5, 3, 0>, ap_ufixed<6, 0, 4, 0, 0>, relu_config4>|  return value|
|ap_return_30  |  out|    6|  ap_ctrl_hs|  relu<ap_fixed<16, 6, 5, 3, 0>, ap_ufixed<6, 0, 4, 0, 0>, relu_config4>|  return value|
|ap_return_31  |  out|    6|  ap_ctrl_hs|  relu<ap_fixed<16, 6, 5, 3, 0>, ap_ufixed<6, 0, 4, 0, 0>, relu_config4>|  return value|
|ap_return_32  |  out|    6|  ap_ctrl_hs|  relu<ap_fixed<16, 6, 5, 3, 0>, ap_ufixed<6, 0, 4, 0, 0>, relu_config4>|  return value|
|ap_return_33  |  out|    6|  ap_ctrl_hs|  relu<ap_fixed<16, 6, 5, 3, 0>, ap_ufixed<6, 0, 4, 0, 0>, relu_config4>|  return value|
|ap_return_34  |  out|    6|  ap_ctrl_hs|  relu<ap_fixed<16, 6, 5, 3, 0>, ap_ufixed<6, 0, 4, 0, 0>, relu_config4>|  return value|
|ap_return_35  |  out|    6|  ap_ctrl_hs|  relu<ap_fixed<16, 6, 5, 3, 0>, ap_ufixed<6, 0, 4, 0, 0>, relu_config4>|  return value|
|ap_return_36  |  out|    6|  ap_ctrl_hs|  relu<ap_fixed<16, 6, 5, 3, 0>, ap_ufixed<6, 0, 4, 0, 0>, relu_config4>|  return value|
|ap_return_37  |  out|    6|  ap_ctrl_hs|  relu<ap_fixed<16, 6, 5, 3, 0>, ap_ufixed<6, 0, 4, 0, 0>, relu_config4>|  return value|
|ap_return_38  |  out|    6|  ap_ctrl_hs|  relu<ap_fixed<16, 6, 5, 3, 0>, ap_ufixed<6, 0, 4, 0, 0>, relu_config4>|  return value|
|ap_return_39  |  out|    6|  ap_ctrl_hs|  relu<ap_fixed<16, 6, 5, 3, 0>, ap_ufixed<6, 0, 4, 0, 0>, relu_config4>|  return value|
|ap_return_40  |  out|    6|  ap_ctrl_hs|  relu<ap_fixed<16, 6, 5, 3, 0>, ap_ufixed<6, 0, 4, 0, 0>, relu_config4>|  return value|
|ap_return_41  |  out|    6|  ap_ctrl_hs|  relu<ap_fixed<16, 6, 5, 3, 0>, ap_ufixed<6, 0, 4, 0, 0>, relu_config4>|  return value|
|ap_return_42  |  out|    6|  ap_ctrl_hs|  relu<ap_fixed<16, 6, 5, 3, 0>, ap_ufixed<6, 0, 4, 0, 0>, relu_config4>|  return value|
|ap_return_43  |  out|    6|  ap_ctrl_hs|  relu<ap_fixed<16, 6, 5, 3, 0>, ap_ufixed<6, 0, 4, 0, 0>, relu_config4>|  return value|
|ap_return_44  |  out|    6|  ap_ctrl_hs|  relu<ap_fixed<16, 6, 5, 3, 0>, ap_ufixed<6, 0, 4, 0, 0>, relu_config4>|  return value|
|ap_return_45  |  out|    6|  ap_ctrl_hs|  relu<ap_fixed<16, 6, 5, 3, 0>, ap_ufixed<6, 0, 4, 0, 0>, relu_config4>|  return value|
|ap_return_46  |  out|    6|  ap_ctrl_hs|  relu<ap_fixed<16, 6, 5, 3, 0>, ap_ufixed<6, 0, 4, 0, 0>, relu_config4>|  return value|
|ap_return_47  |  out|    6|  ap_ctrl_hs|  relu<ap_fixed<16, 6, 5, 3, 0>, ap_ufixed<6, 0, 4, 0, 0>, relu_config4>|  return value|
|ap_return_48  |  out|    6|  ap_ctrl_hs|  relu<ap_fixed<16, 6, 5, 3, 0>, ap_ufixed<6, 0, 4, 0, 0>, relu_config4>|  return value|
|ap_return_49  |  out|    6|  ap_ctrl_hs|  relu<ap_fixed<16, 6, 5, 3, 0>, ap_ufixed<6, 0, 4, 0, 0>, relu_config4>|  return value|
|ap_return_50  |  out|    6|  ap_ctrl_hs|  relu<ap_fixed<16, 6, 5, 3, 0>, ap_ufixed<6, 0, 4, 0, 0>, relu_config4>|  return value|
|ap_return_51  |  out|    6|  ap_ctrl_hs|  relu<ap_fixed<16, 6, 5, 3, 0>, ap_ufixed<6, 0, 4, 0, 0>, relu_config4>|  return value|
|ap_return_52  |  out|    6|  ap_ctrl_hs|  relu<ap_fixed<16, 6, 5, 3, 0>, ap_ufixed<6, 0, 4, 0, 0>, relu_config4>|  return value|
|ap_return_53  |  out|    6|  ap_ctrl_hs|  relu<ap_fixed<16, 6, 5, 3, 0>, ap_ufixed<6, 0, 4, 0, 0>, relu_config4>|  return value|
|ap_return_54  |  out|    6|  ap_ctrl_hs|  relu<ap_fixed<16, 6, 5, 3, 0>, ap_ufixed<6, 0, 4, 0, 0>, relu_config4>|  return value|
|ap_return_55  |  out|    6|  ap_ctrl_hs|  relu<ap_fixed<16, 6, 5, 3, 0>, ap_ufixed<6, 0, 4, 0, 0>, relu_config4>|  return value|
|ap_return_56  |  out|    6|  ap_ctrl_hs|  relu<ap_fixed<16, 6, 5, 3, 0>, ap_ufixed<6, 0, 4, 0, 0>, relu_config4>|  return value|
|ap_return_57  |  out|    6|  ap_ctrl_hs|  relu<ap_fixed<16, 6, 5, 3, 0>, ap_ufixed<6, 0, 4, 0, 0>, relu_config4>|  return value|
|ap_return_58  |  out|    6|  ap_ctrl_hs|  relu<ap_fixed<16, 6, 5, 3, 0>, ap_ufixed<6, 0, 4, 0, 0>, relu_config4>|  return value|
|ap_return_59  |  out|    6|  ap_ctrl_hs|  relu<ap_fixed<16, 6, 5, 3, 0>, ap_ufixed<6, 0, 4, 0, 0>, relu_config4>|  return value|
|ap_return_60  |  out|    6|  ap_ctrl_hs|  relu<ap_fixed<16, 6, 5, 3, 0>, ap_ufixed<6, 0, 4, 0, 0>, relu_config4>|  return value|
|p_read        |   in|   16|     ap_none|                                                                  p_read|        scalar|
|p_read1       |   in|   16|     ap_none|                                                                 p_read1|        scalar|
|p_read2       |   in|   16|     ap_none|                                                                 p_read2|        scalar|
|p_read3       |   in|   16|     ap_none|                                                                 p_read3|        scalar|
|p_read4       |   in|   16|     ap_none|                                                                 p_read4|        scalar|
|p_read5       |   in|   16|     ap_none|                                                                 p_read5|        scalar|
|p_read7       |   in|   16|     ap_none|                                                                 p_read7|        scalar|
|p_read8       |   in|   16|     ap_none|                                                                 p_read8|        scalar|
|p_read9       |   in|   16|     ap_none|                                                                 p_read9|        scalar|
|p_read10      |   in|   16|     ap_none|                                                                p_read10|        scalar|
|p_read11      |   in|   16|     ap_none|                                                                p_read11|        scalar|
|p_read13      |   in|   16|     ap_none|                                                                p_read13|        scalar|
|p_read14      |   in|   16|     ap_none|                                                                p_read14|        scalar|
|p_read15      |   in|   16|     ap_none|                                                                p_read15|        scalar|
|p_read16      |   in|   16|     ap_none|                                                                p_read16|        scalar|
|p_read17      |   in|   16|     ap_none|                                                                p_read17|        scalar|
|p_read18      |   in|   16|     ap_none|                                                                p_read18|        scalar|
|p_read19      |   in|   16|     ap_none|                                                                p_read19|        scalar|
|p_read20      |   in|   16|     ap_none|                                                                p_read20|        scalar|
|p_read21      |   in|   16|     ap_none|                                                                p_read21|        scalar|
|p_read22      |   in|   16|     ap_none|                                                                p_read22|        scalar|
|p_read23      |   in|   16|     ap_none|                                                                p_read23|        scalar|
|p_read24      |   in|   16|     ap_none|                                                                p_read24|        scalar|
|p_read25      |   in|   16|     ap_none|                                                                p_read25|        scalar|
|p_read26      |   in|   16|     ap_none|                                                                p_read26|        scalar|
|p_read27      |   in|   16|     ap_none|                                                                p_read27|        scalar|
|p_read28      |   in|   16|     ap_none|                                                                p_read28|        scalar|
|p_read30      |   in|   16|     ap_none|                                                                p_read30|        scalar|
|p_read31      |   in|   16|     ap_none|                                                                p_read31|        scalar|
|p_read32      |   in|   16|     ap_none|                                                                p_read32|        scalar|
|p_read33      |   in|   16|     ap_none|                                                                p_read33|        scalar|
|p_read34      |   in|   16|     ap_none|                                                                p_read34|        scalar|
|p_read35      |   in|   16|     ap_none|                                                                p_read35|        scalar|
|p_read36      |   in|   16|     ap_none|                                                                p_read36|        scalar|
|p_read37      |   in|   16|     ap_none|                                                                p_read37|        scalar|
|p_read38      |   in|   16|     ap_none|                                                                p_read38|        scalar|
|p_read39      |   in|   16|     ap_none|                                                                p_read39|        scalar|
|p_read40      |   in|   16|     ap_none|                                                                p_read40|        scalar|
|p_read41      |   in|   16|     ap_none|                                                                p_read41|        scalar|
|p_read42      |   in|   16|     ap_none|                                                                p_read42|        scalar|
|p_read43      |   in|   16|     ap_none|                                                                p_read43|        scalar|
|p_read44      |   in|   16|     ap_none|                                                                p_read44|        scalar|
|p_read45      |   in|   16|     ap_none|                                                                p_read45|        scalar|
|p_read46      |   in|   16|     ap_none|                                                                p_read46|        scalar|
|p_read47      |   in|   16|     ap_none|                                                                p_read47|        scalar|
|p_read48      |   in|   16|     ap_none|                                                                p_read48|        scalar|
|p_read49      |   in|   16|     ap_none|                                                                p_read49|        scalar|
|p_read50      |   in|   16|     ap_none|                                                                p_read50|        scalar|
|p_read51      |   in|   16|     ap_none|                                                                p_read51|        scalar|
|p_read52      |   in|   16|     ap_none|                                                                p_read52|        scalar|
|p_read53      |   in|   16|     ap_none|                                                                p_read53|        scalar|
|p_read54      |   in|   16|     ap_none|                                                                p_read54|        scalar|
|p_read55      |   in|   16|     ap_none|                                                                p_read55|        scalar|
|p_read56      |   in|   16|     ap_none|                                                                p_read56|        scalar|
|p_read57      |   in|   16|     ap_none|                                                                p_read57|        scalar|
|p_read58      |   in|   16|     ap_none|                                                                p_read58|        scalar|
|p_read59      |   in|   16|     ap_none|                                                                p_read59|        scalar|
|p_read60      |   in|   16|     ap_none|                                                                p_read60|        scalar|
|p_read61      |   in|   16|     ap_none|                                                                p_read61|        scalar|
|p_read62      |   in|   16|     ap_none|                                                                p_read62|        scalar|
|p_read63      |   in|   16|     ap_none|                                                                p_read63|        scalar|
+--------------+-----+-----+------------+------------------------------------------------------------------------+--------------+

