

================================================================
== Vitis HLS Report for 'relu_ap_fixed_16_6_5_3_0_ap_ufixed_6_0_4_0_0_relu_config7_s'
================================================================
* Date:           Sun May 19 05:00:54 2024

* Version:        2022.2 (Build 3670227 on Oct 13 2022)
* Project:        kernel_wrapper
* Solution:       solution (Vitis Kernel Flow Target)
* Product family: virtexuplus
* Target device:  xcu55c-fsvh2892-2L-e


================================================================
== Performance Estimates
================================================================
+ Timing: 
    * Summary: 
    +--------+---------+----------+------------+
    |  Clock |  Target | Estimated| Uncertainty|
    +--------+---------+----------+------------+
    |ap_clk  |  3.33 ns|  1.792 ns|     0.90 ns|
    +--------+---------+----------+------------+

+ Latency: 
    * Summary: 
    +---------+---------+----------+----------+-----+-----+---------+
    |  Latency (cycles) |  Latency (absolute) |  Interval | Pipeline|
    |   min   |   max   |    min   |    max   | min | max |   Type  |
    +---------+---------+----------+----------+-----+-----+---------+
    |        0|        0|      0 ns|      0 ns|    1|    1|      yes|
    +---------+---------+----------+----------+-----+-----+---------+

    + Detail: 
        * Instance: 
        N/A

        * Loop: 
        N/A



================================================================
== Utilization Estimates
================================================================
* Summary: 
+---------------------+---------+------+---------+---------+-----+
|         Name        | BRAM_18K|  DSP |    FF   |   LUT   | URAM|
+---------------------+---------+------+---------+---------+-----+
|DSP                  |        -|     -|        -|        -|    -|
|Expression           |        -|     -|        0|     1998|    -|
|FIFO                 |        -|     -|        -|        -|    -|
|Instance             |        -|     -|        -|        -|    -|
|Memory               |        -|     -|        -|        -|    -|
|Multiplexer          |        -|     -|        -|        -|    -|
|Register             |        -|     -|        -|        -|    -|
+---------------------+---------+------+---------+---------+-----+
|Total                |        0|     0|        0|     1998|    0|
+---------------------+---------+------+---------+---------+-----+
|Available SLR        |     1344|  3008|   869120|   434560|  320|
+---------------------+---------+------+---------+---------+-----+
|Utilization SLR (%)  |        0|     0|        0|       ~0|    0|
+---------------------+---------+------+---------+---------+-----+
|Available            |     4032|  9024|  2607360|  1303680|  960|
+---------------------+---------+------+---------+---------+-----+
|Utilization (%)      |        0|     0|        0|       ~0|    0|
+---------------------+---------+------+---------+---------+-----+

+ Detail: 
    * Instance: 
    N/A

    * DSP: 
    N/A

    * Memory: 
    N/A

    * FIFO: 
    N/A

    * Expression: 
    +--------------------------------+----------+----+---+----+------------+------------+
    |          Variable Name         | Operation| DSP| FF| LUT| Bitwidth P0| Bitwidth P1|
    +--------------------------------+----------+----+---+----+------------+------------+
    |p_Val2_10_fu_588_p2             |         +|   0|  0|  13|           6|           6|
    |p_Val2_12_fu_722_p2             |         +|   0|  0|  13|           6|           6|
    |p_Val2_14_fu_856_p2             |         +|   0|  0|  13|           6|           6|
    |p_Val2_16_fu_990_p2             |         +|   0|  0|  13|           6|           6|
    |p_Val2_18_fu_1124_p2            |         +|   0|  0|  13|           6|           6|
    |p_Val2_20_fu_1258_p2            |         +|   0|  0|  13|           6|           6|
    |p_Val2_22_fu_1392_p2            |         +|   0|  0|  13|           6|           6|
    |p_Val2_24_fu_1526_p2            |         +|   0|  0|  13|           6|           6|
    |p_Val2_26_fu_1660_p2            |         +|   0|  0|  13|           6|           6|
    |p_Val2_28_fu_1794_p2            |         +|   0|  0|  13|           6|           6|
    |p_Val2_30_fu_1928_p2            |         +|   0|  0|  13|           6|           6|
    |p_Val2_32_fu_2062_p2            |         +|   0|  0|  13|           6|           6|
    |p_Val2_34_fu_2196_p2            |         +|   0|  0|  13|           6|           6|
    |p_Val2_36_fu_2330_p2            |         +|   0|  0|  13|           6|           6|
    |p_Val2_38_fu_2464_p2            |         +|   0|  0|  13|           6|           6|
    |p_Val2_40_fu_2598_p2            |         +|   0|  0|  13|           6|           6|
    |p_Val2_42_fu_2732_p2            |         +|   0|  0|  13|           6|           6|
    |p_Val2_44_fu_2866_p2            |         +|   0|  0|  13|           6|           6|
    |p_Val2_46_fu_3000_p2            |         +|   0|  0|  13|           6|           6|
    |p_Val2_48_fu_3134_p2            |         +|   0|  0|  13|           6|           6|
    |p_Val2_50_fu_3268_p2            |         +|   0|  0|  13|           6|           6|
    |p_Val2_52_fu_3402_p2            |         +|   0|  0|  13|           6|           6|
    |p_Val2_54_fu_3536_p2            |         +|   0|  0|  13|           6|           6|
    |p_Val2_56_fu_3670_p2            |         +|   0|  0|  13|           6|           6|
    |p_Val2_58_fu_3804_p2            |         +|   0|  0|  13|           6|           6|
    |p_Val2_6_fu_320_p2              |         +|   0|  0|  13|           6|           6|
    |p_Val2_8_fu_454_p2              |         +|   0|  0|  13|           6|           6|
    |and_ln374_10_fu_1650_p2         |       and|   0|  0|   2|           1|           1|
    |and_ln374_11_fu_1784_p2         |       and|   0|  0|   2|           1|           1|
    |and_ln374_12_fu_1918_p2         |       and|   0|  0|   2|           1|           1|
    |and_ln374_13_fu_2052_p2         |       and|   0|  0|   2|           1|           1|
    |and_ln374_14_fu_2186_p2         |       and|   0|  0|   2|           1|           1|
    |and_ln374_15_fu_2320_p2         |       and|   0|  0|   2|           1|           1|
    |and_ln374_16_fu_2454_p2         |       and|   0|  0|   2|           1|           1|
    |and_ln374_17_fu_2588_p2         |       and|   0|  0|   2|           1|           1|
    |and_ln374_18_fu_2722_p2         |       and|   0|  0|   2|           1|           1|
    |and_ln374_19_fu_2856_p2         |       and|   0|  0|   2|           1|           1|
    |and_ln374_1_fu_444_p2           |       and|   0|  0|   2|           1|           1|
    |and_ln374_20_fu_2990_p2         |       and|   0|  0|   2|           1|           1|
    |and_ln374_21_fu_3124_p2         |       and|   0|  0|   2|           1|           1|
    |and_ln374_22_fu_3258_p2         |       and|   0|  0|   2|           1|           1|
    |and_ln374_23_fu_3392_p2         |       and|   0|  0|   2|           1|           1|
    |and_ln374_24_fu_3526_p2         |       and|   0|  0|   2|           1|           1|
    |and_ln374_25_fu_3660_p2         |       and|   0|  0|   2|           1|           1|
    |and_ln374_26_fu_3794_p2         |       and|   0|  0|   2|           1|           1|
    |and_ln374_2_fu_578_p2           |       and|   0|  0|   2|           1|           1|
    |and_ln374_3_fu_712_p2           |       and|   0|  0|   2|           1|           1|
    |and_ln374_4_fu_846_p2           |       and|   0|  0|   2|           1|           1|
    |and_ln374_5_fu_980_p2           |       and|   0|  0|   2|           1|           1|
    |and_ln374_6_fu_1114_p2          |       and|   0|  0|   2|           1|           1|
    |and_ln374_7_fu_1248_p2          |       and|   0|  0|   2|           1|           1|
    |and_ln374_8_fu_1382_p2          |       and|   0|  0|   2|           1|           1|
    |and_ln374_9_fu_1516_p2          |       and|   0|  0|   2|           1|           1|
    |and_ln374_fu_310_p2             |       and|   0|  0|   2|           1|           1|
    |Range1_all_ones_10_fu_1676_p2   |      icmp|   0|  0|  10|           6|           2|
    |Range1_all_ones_11_fu_1810_p2   |      icmp|   0|  0|  10|           6|           2|
    |Range1_all_ones_12_fu_1944_p2   |      icmp|   0|  0|  10|           6|           2|
    |Range1_all_ones_13_fu_2078_p2   |      icmp|   0|  0|  10|           6|           2|
    |Range1_all_ones_14_fu_2212_p2   |      icmp|   0|  0|  10|           6|           2|
    |Range1_all_ones_15_fu_2346_p2   |      icmp|   0|  0|  10|           6|           2|
    |Range1_all_ones_16_fu_2480_p2   |      icmp|   0|  0|  10|           6|           2|
    |Range1_all_ones_17_fu_2614_p2   |      icmp|   0|  0|  10|           6|           2|
    |Range1_all_ones_18_fu_2748_p2   |      icmp|   0|  0|  10|           6|           2|
    |Range1_all_ones_19_fu_2882_p2   |      icmp|   0|  0|  10|           6|           2|
    |Range1_all_ones_1_fu_470_p2     |      icmp|   0|  0|  10|           6|           2|
    |Range1_all_ones_20_fu_3016_p2   |      icmp|   0|  0|  10|           6|           2|
    |Range1_all_ones_21_fu_3150_p2   |      icmp|   0|  0|  10|           6|           2|
    |Range1_all_ones_22_fu_3284_p2   |      icmp|   0|  0|  10|           6|           2|
    |Range1_all_ones_23_fu_3418_p2   |      icmp|   0|  0|  10|           6|           2|
    |Range1_all_ones_24_fu_3552_p2   |      icmp|   0|  0|  10|           6|           2|
    |Range1_all_ones_25_fu_3686_p2   |      icmp|   0|  0|  10|           6|           2|
    |Range1_all_ones_26_fu_3820_p2   |      icmp|   0|  0|  10|           6|           2|
    |Range1_all_ones_2_fu_604_p2     |      icmp|   0|  0|  10|           6|           2|
    |Range1_all_ones_3_fu_738_p2     |      icmp|   0|  0|  10|           6|           2|
    |Range1_all_ones_4_fu_872_p2     |      icmp|   0|  0|  10|           6|           2|
    |Range1_all_ones_5_fu_1006_p2    |      icmp|   0|  0|  10|           6|           2|
    |Range1_all_ones_6_fu_1140_p2    |      icmp|   0|  0|  10|           6|           2|
    |Range1_all_ones_7_fu_1274_p2    |      icmp|   0|  0|  10|           6|           2|
    |Range1_all_ones_8_fu_1408_p2    |      icmp|   0|  0|  10|           6|           2|
    |Range1_all_ones_9_fu_1542_p2    |      icmp|   0|  0|  10|           6|           2|
    |Range1_all_ones_fu_336_p2       |      icmp|   0|  0|  10|           6|           2|
    |Range1_all_zeros_10_fu_1682_p2  |      icmp|   0|  0|  10|           6|           1|
    |Range1_all_zeros_11_fu_1816_p2  |      icmp|   0|  0|  10|           6|           1|
    |Range1_all_zeros_12_fu_1950_p2  |      icmp|   0|  0|  10|           6|           1|
    |Range1_all_zeros_13_fu_2084_p2  |      icmp|   0|  0|  10|           6|           1|
    |Range1_all_zeros_14_fu_2218_p2  |      icmp|   0|  0|  10|           6|           1|
    |Range1_all_zeros_15_fu_2352_p2  |      icmp|   0|  0|  10|           6|           1|
    |Range1_all_zeros_16_fu_2486_p2  |      icmp|   0|  0|  10|           6|           1|
    |Range1_all_zeros_17_fu_2620_p2  |      icmp|   0|  0|  10|           6|           1|
    |Range1_all_zeros_18_fu_2754_p2  |      icmp|   0|  0|  10|           6|           1|
    |Range1_all_zeros_19_fu_2888_p2  |      icmp|   0|  0|  10|           6|           1|
    |Range1_all_zeros_1_fu_476_p2    |      icmp|   0|  0|  10|           6|           1|
    |Range1_all_zeros_20_fu_3022_p2  |      icmp|   0|  0|  10|           6|           1|
    |Range1_all_zeros_21_fu_3156_p2  |      icmp|   0|  0|  10|           6|           1|
    |Range1_all_zeros_22_fu_3290_p2  |      icmp|   0|  0|  10|           6|           1|
    |Range1_all_zeros_23_fu_3424_p2  |      icmp|   0|  0|  10|           6|           1|
    |Range1_all_zeros_24_fu_3558_p2  |      icmp|   0|  0|  10|           6|           1|
    |Range1_all_zeros_25_fu_3692_p2  |      icmp|   0|  0|  10|           6|           1|
    |Range1_all_zeros_26_fu_3826_p2  |      icmp|   0|  0|  10|           6|           1|
    |Range1_all_zeros_2_fu_610_p2    |      icmp|   0|  0|  10|           6|           1|
    |Range1_all_zeros_3_fu_744_p2    |      icmp|   0|  0|  10|           6|           1|
    |Range1_all_zeros_4_fu_878_p2    |      icmp|   0|  0|  10|           6|           1|
    |Range1_all_zeros_5_fu_1012_p2   |      icmp|   0|  0|  10|           6|           1|
    |Range1_all_zeros_6_fu_1146_p2   |      icmp|   0|  0|  10|           6|           1|
    |Range1_all_zeros_7_fu_1280_p2   |      icmp|   0|  0|  10|           6|           1|
    |Range1_all_zeros_8_fu_1414_p2   |      icmp|   0|  0|  10|           6|           1|
    |Range1_all_zeros_9_fu_1548_p2   |      icmp|   0|  0|  10|           6|           1|
    |Range1_all_zeros_fu_342_p2      |      icmp|   0|  0|  10|           6|           1|
    |icmp_ln1649_10_fu_1594_p2       |      icmp|   0|  0|  13|          16|           1|
    |icmp_ln1649_11_fu_1728_p2       |      icmp|   0|  0|  13|          16|           1|
    |icmp_ln1649_12_fu_1862_p2       |      icmp|   0|  0|  13|          16|           1|
    |icmp_ln1649_13_fu_1996_p2       |      icmp|   0|  0|  13|          16|           1|
    |icmp_ln1649_14_fu_2130_p2       |      icmp|   0|  0|  13|          16|           1|
    |icmp_ln1649_15_fu_2264_p2       |      icmp|   0|  0|  13|          16|           1|
    |icmp_ln1649_16_fu_2398_p2       |      icmp|   0|  0|  13|          16|           1|
    |icmp_ln1649_17_fu_2532_p2       |      icmp|   0|  0|  13|          16|           1|
    |icmp_ln1649_18_fu_2666_p2       |      icmp|   0|  0|  13|          16|           1|
    |icmp_ln1649_19_fu_2800_p2       |      icmp|   0|  0|  13|          16|           1|
    |icmp_ln1649_1_fu_388_p2         |      icmp|   0|  0|  13|          16|           1|
    |icmp_ln1649_20_fu_2934_p2       |      icmp|   0|  0|  13|          16|           1|
    |icmp_ln1649_21_fu_3068_p2       |      icmp|   0|  0|  13|          16|           1|
    |icmp_ln1649_22_fu_3202_p2       |      icmp|   0|  0|  13|          16|           1|
    |icmp_ln1649_23_fu_3336_p2       |      icmp|   0|  0|  13|          16|           1|
    |icmp_ln1649_24_fu_3470_p2       |      icmp|   0|  0|  13|          16|           1|
    |icmp_ln1649_25_fu_3604_p2       |      icmp|   0|  0|  13|          16|           1|
    |icmp_ln1649_26_fu_3738_p2       |      icmp|   0|  0|  13|          16|           1|
    |icmp_ln1649_2_fu_522_p2         |      icmp|   0|  0|  13|          16|           1|
    |icmp_ln1649_3_fu_656_p2         |      icmp|   0|  0|  13|          16|           1|
    |icmp_ln1649_4_fu_790_p2         |      icmp|   0|  0|  13|          16|           1|
    |icmp_ln1649_5_fu_924_p2         |      icmp|   0|  0|  13|          16|           1|
    |icmp_ln1649_6_fu_1058_p2        |      icmp|   0|  0|  13|          16|           1|
    |icmp_ln1649_7_fu_1192_p2        |      icmp|   0|  0|  13|          16|           1|
    |icmp_ln1649_8_fu_1326_p2        |      icmp|   0|  0|  13|          16|           1|
    |icmp_ln1649_9_fu_1460_p2        |      icmp|   0|  0|  13|          16|           1|
    |icmp_ln1649_fu_254_p2           |      icmp|   0|  0|  13|          16|           1|
    |r_10_fu_1630_p2                 |      icmp|   0|  0|   8|           3|           1|
    |r_11_fu_1764_p2                 |      icmp|   0|  0|   8|           3|           1|
    |r_12_fu_1898_p2                 |      icmp|   0|  0|   8|           3|           1|
    |r_13_fu_2032_p2                 |      icmp|   0|  0|   8|           3|           1|
    |r_14_fu_2166_p2                 |      icmp|   0|  0|   8|           3|           1|
    |r_15_fu_2300_p2                 |      icmp|   0|  0|   8|           3|           1|
    |r_16_fu_2434_p2                 |      icmp|   0|  0|   8|           3|           1|
    |r_17_fu_2568_p2                 |      icmp|   0|  0|   8|           3|           1|
    |r_18_fu_2702_p2                 |      icmp|   0|  0|   8|           3|           1|
    |r_19_fu_2836_p2                 |      icmp|   0|  0|   8|           3|           1|
    |r_1_fu_424_p2                   |      icmp|   0|  0|   8|           3|           1|
    |r_20_fu_2970_p2                 |      icmp|   0|  0|   8|           3|           1|
    |r_21_fu_3104_p2                 |      icmp|   0|  0|   8|           3|           1|
    |r_22_fu_3238_p2                 |      icmp|   0|  0|   8|           3|           1|
    |r_23_fu_3372_p2                 |      icmp|   0|  0|   8|           3|           1|
    |r_24_fu_3506_p2                 |      icmp|   0|  0|   8|           3|           1|
    |r_25_fu_3640_p2                 |      icmp|   0|  0|   8|           3|           1|
    |r_26_fu_3774_p2                 |      icmp|   0|  0|   8|           3|           1|
    |r_2_fu_558_p2                   |      icmp|   0|  0|   8|           3|           1|
    |r_3_fu_692_p2                   |      icmp|   0|  0|   8|           3|           1|
    |r_4_fu_826_p2                   |      icmp|   0|  0|   8|           3|           1|
    |r_5_fu_960_p2                   |      icmp|   0|  0|   8|           3|           1|
    |r_6_fu_1094_p2                  |      icmp|   0|  0|   8|           3|           1|
    |r_7_fu_1228_p2                  |      icmp|   0|  0|   8|           3|           1|
    |r_8_fu_1362_p2                  |      icmp|   0|  0|   8|           3|           1|
    |r_9_fu_1496_p2                  |      icmp|   0|  0|   8|           3|           1|
    |r_fu_290_p2                     |      icmp|   0|  0|   8|           3|           1|
    |or_ln374_10_fu_1644_p2          |        or|   0|  0|   2|           1|           1|
    |or_ln374_11_fu_1778_p2          |        or|   0|  0|   2|           1|           1|
    |or_ln374_12_fu_1912_p2          |        or|   0|  0|   2|           1|           1|
    |or_ln374_13_fu_2046_p2          |        or|   0|  0|   2|           1|           1|
    |or_ln374_14_fu_2180_p2          |        or|   0|  0|   2|           1|           1|
    |or_ln374_15_fu_2314_p2          |        or|   0|  0|   2|           1|           1|
    |or_ln374_16_fu_2448_p2          |        or|   0|  0|   2|           1|           1|
    |or_ln374_17_fu_2582_p2          |        or|   0|  0|   2|           1|           1|
    |or_ln374_18_fu_2716_p2          |        or|   0|  0|   2|           1|           1|
    |or_ln374_19_fu_2850_p2          |        or|   0|  0|   2|           1|           1|
    |or_ln374_1_fu_438_p2            |        or|   0|  0|   2|           1|           1|
    |or_ln374_20_fu_2984_p2          |        or|   0|  0|   2|           1|           1|
    |or_ln374_21_fu_3118_p2          |        or|   0|  0|   2|           1|           1|
    |or_ln374_22_fu_3252_p2          |        or|   0|  0|   2|           1|           1|
    |or_ln374_23_fu_3386_p2          |        or|   0|  0|   2|           1|           1|
    |or_ln374_24_fu_3520_p2          |        or|   0|  0|   2|           1|           1|
    |or_ln374_25_fu_3654_p2          |        or|   0|  0|   2|           1|           1|
    |or_ln374_26_fu_3788_p2          |        or|   0|  0|   2|           1|           1|
    |or_ln374_2_fu_572_p2            |        or|   0|  0|   2|           1|           1|
    |or_ln374_3_fu_706_p2            |        or|   0|  0|   2|           1|           1|
    |or_ln374_4_fu_840_p2            |        or|   0|  0|   2|           1|           1|
    |or_ln374_5_fu_974_p2            |        or|   0|  0|   2|           1|           1|
    |or_ln374_6_fu_1108_p2           |        or|   0|  0|   2|           1|           1|
    |or_ln374_7_fu_1242_p2           |        or|   0|  0|   2|           1|           1|
    |or_ln374_8_fu_1376_p2           |        or|   0|  0|   2|           1|           1|
    |or_ln374_9_fu_1510_p2           |        or|   0|  0|   2|           1|           1|
    |or_ln374_fu_304_p2              |        or|   0|  0|   2|           1|           1|
    |deleted_zeros_10_fu_1704_p3     |    select|   0|  0|   2|           1|           1|
    |deleted_zeros_11_fu_1838_p3     |    select|   0|  0|   2|           1|           1|
    |deleted_zeros_12_fu_1972_p3     |    select|   0|  0|   2|           1|           1|
    |deleted_zeros_13_fu_2106_p3     |    select|   0|  0|   2|           1|           1|
    |deleted_zeros_14_fu_2240_p3     |    select|   0|  0|   2|           1|           1|
    |deleted_zeros_15_fu_2374_p3     |    select|   0|  0|   2|           1|           1|
    |deleted_zeros_16_fu_2508_p3     |    select|   0|  0|   2|           1|           1|
    |deleted_zeros_17_fu_2642_p3     |    select|   0|  0|   2|           1|           1|
    |deleted_zeros_18_fu_2776_p3     |    select|   0|  0|   2|           1|           1|
    |deleted_zeros_19_fu_2910_p3     |    select|   0|  0|   2|           1|           1|
    |deleted_zeros_1_fu_498_p3       |    select|   0|  0|   2|           1|           1|
    |deleted_zeros_20_fu_3044_p3     |    select|   0|  0|   2|           1|           1|
    |deleted_zeros_21_fu_3178_p3     |    select|   0|  0|   2|           1|           1|
    |deleted_zeros_22_fu_3312_p3     |    select|   0|  0|   2|           1|           1|
    |deleted_zeros_23_fu_3446_p3     |    select|   0|  0|   2|           1|           1|
    |deleted_zeros_24_fu_3580_p3     |    select|   0|  0|   2|           1|           1|
    |deleted_zeros_25_fu_3714_p3     |    select|   0|  0|   2|           1|           1|
    |deleted_zeros_26_fu_3848_p3     |    select|   0|  0|   2|           1|           1|
    |deleted_zeros_2_fu_632_p3       |    select|   0|  0|   2|           1|           1|
    |deleted_zeros_3_fu_766_p3       |    select|   0|  0|   2|           1|           1|
    |deleted_zeros_4_fu_900_p3       |    select|   0|  0|   2|           1|           1|
    |deleted_zeros_5_fu_1034_p3      |    select|   0|  0|   2|           1|           1|
    |deleted_zeros_6_fu_1168_p3      |    select|   0|  0|   2|           1|           1|
    |deleted_zeros_7_fu_1302_p3      |    select|   0|  0|   2|           1|           1|
    |deleted_zeros_8_fu_1436_p3      |    select|   0|  0|   2|           1|           1|
    |deleted_zeros_9_fu_1570_p3      |    select|   0|  0|   2|           1|           1|
    |deleted_zeros_fu_364_p3         |    select|   0|  0|   2|           1|           1|
    |select_ln1649_10_fu_1720_p3     |    select|   0|  0|   6|           1|           6|
    |select_ln1649_11_fu_1854_p3     |    select|   0|  0|   6|           1|           6|
    |select_ln1649_12_fu_1988_p3     |    select|   0|  0|   6|           1|           6|
    |select_ln1649_13_fu_2122_p3     |    select|   0|  0|   6|           1|           6|
    |select_ln1649_14_fu_2256_p3     |    select|   0|  0|   6|           1|           6|
    |select_ln1649_15_fu_2390_p3     |    select|   0|  0|   6|           1|           6|
    |select_ln1649_16_fu_2524_p3     |    select|   0|  0|   6|           1|           6|
    |select_ln1649_17_fu_2658_p3     |    select|   0|  0|   6|           1|           6|
    |select_ln1649_18_fu_2792_p3     |    select|   0|  0|   6|           1|           6|
    |select_ln1649_19_fu_2926_p3     |    select|   0|  0|   6|           1|           6|
    |select_ln1649_1_fu_514_p3       |    select|   0|  0|   6|           1|           6|
    |select_ln1649_20_fu_3060_p3     |    select|   0|  0|   6|           1|           6|
    |select_ln1649_21_fu_3194_p3     |    select|   0|  0|   6|           1|           6|
    |select_ln1649_22_fu_3328_p3     |    select|   0|  0|   6|           1|           6|
    |select_ln1649_23_fu_3462_p3     |    select|   0|  0|   6|           1|           6|
    |select_ln1649_24_fu_3596_p3     |    select|   0|  0|   6|           1|           6|
    |select_ln1649_25_fu_3730_p3     |    select|   0|  0|   6|           1|           6|
    |select_ln1649_26_fu_3864_p3     |    select|   0|  0|   6|           1|           6|
    |select_ln1649_2_fu_648_p3       |    select|   0|  0|   6|           1|           6|
    |select_ln1649_3_fu_782_p3       |    select|   0|  0|   6|           1|           6|
    |select_ln1649_4_fu_916_p3       |    select|   0|  0|   6|           1|           6|
    |select_ln1649_5_fu_1050_p3      |    select|   0|  0|   6|           1|           6|
    |select_ln1649_6_fu_1184_p3      |    select|   0|  0|   6|           1|           6|
    |select_ln1649_7_fu_1318_p3      |    select|   0|  0|   6|           1|           6|
    |select_ln1649_8_fu_1452_p3      |    select|   0|  0|   6|           1|           6|
    |select_ln1649_9_fu_1586_p3      |    select|   0|  0|   6|           1|           6|
    |select_ln1649_fu_380_p3         |    select|   0|  0|   6|           1|           6|
    |select_ln302_10_fu_1712_p3      |    select|   0|  0|   6|           1|           6|
    |select_ln302_11_fu_1846_p3      |    select|   0|  0|   6|           1|           6|
    |select_ln302_12_fu_1980_p3      |    select|   0|  0|   6|           1|           6|
    |select_ln302_13_fu_2114_p3      |    select|   0|  0|   6|           1|           6|
    |select_ln302_14_fu_2248_p3      |    select|   0|  0|   6|           1|           6|
    |select_ln302_15_fu_2382_p3      |    select|   0|  0|   6|           1|           6|
    |select_ln302_16_fu_2516_p3      |    select|   0|  0|   6|           1|           6|
    |select_ln302_17_fu_2650_p3      |    select|   0|  0|   6|           1|           6|
    |select_ln302_18_fu_2784_p3      |    select|   0|  0|   6|           1|           6|
    |select_ln302_19_fu_2918_p3      |    select|   0|  0|   6|           1|           6|
    |select_ln302_1_fu_506_p3        |    select|   0|  0|   6|           1|           6|
    |select_ln302_20_fu_3052_p3      |    select|   0|  0|   6|           1|           6|
    |select_ln302_21_fu_3186_p3      |    select|   0|  0|   6|           1|           6|
    |select_ln302_22_fu_3320_p3      |    select|   0|  0|   6|           1|           6|
    |select_ln302_23_fu_3454_p3      |    select|   0|  0|   6|           1|           6|
    |select_ln302_24_fu_3588_p3      |    select|   0|  0|   6|           1|           6|
    |select_ln302_25_fu_3722_p3      |    select|   0|  0|   6|           1|           6|
    |select_ln302_26_fu_3856_p3      |    select|   0|  0|   6|           1|           6|
    |select_ln302_2_fu_640_p3        |    select|   0|  0|   6|           1|           6|
    |select_ln302_3_fu_774_p3        |    select|   0|  0|   6|           1|           6|
    |select_ln302_4_fu_908_p3        |    select|   0|  0|   6|           1|           6|
    |select_ln302_5_fu_1042_p3       |    select|   0|  0|   6|           1|           6|
    |select_ln302_6_fu_1176_p3       |    select|   0|  0|   6|           1|           6|
    |select_ln302_7_fu_1310_p3       |    select|   0|  0|   6|           1|           6|
    |select_ln302_8_fu_1444_p3       |    select|   0|  0|   6|           1|           6|
    |select_ln302_9_fu_1578_p3       |    select|   0|  0|   6|           1|           6|
    |select_ln302_fu_372_p3          |    select|   0|  0|   6|           1|           6|
    |select_ln888_10_fu_1696_p3      |    select|   0|  0|   2|           1|           1|
    |select_ln888_11_fu_1830_p3      |    select|   0|  0|   2|           1|           1|
    |select_ln888_12_fu_1964_p3      |    select|   0|  0|   2|           1|           1|
    |select_ln888_13_fu_2098_p3      |    select|   0|  0|   2|           1|           1|
    |select_ln888_14_fu_2232_p3      |    select|   0|  0|   2|           1|           1|
    |select_ln888_15_fu_2366_p3      |    select|   0|  0|   2|           1|           1|
    |select_ln888_16_fu_2500_p3      |    select|   0|  0|   2|           1|           1|
    |select_ln888_17_fu_2634_p3      |    select|   0|  0|   2|           1|           1|
    |select_ln888_18_fu_2768_p3      |    select|   0|  0|   2|           1|           1|
    |select_ln888_19_fu_2902_p3      |    select|   0|  0|   2|           1|           1|
    |select_ln888_1_fu_490_p3        |    select|   0|  0|   2|           1|           1|
    |select_ln888_20_fu_3036_p3      |    select|   0|  0|   2|           1|           1|
    |select_ln888_21_fu_3170_p3      |    select|   0|  0|   2|           1|           1|
    |select_ln888_22_fu_3304_p3      |    select|   0|  0|   2|           1|           1|
    |select_ln888_23_fu_3438_p3      |    select|   0|  0|   2|           1|           1|
    |select_ln888_24_fu_3572_p3      |    select|   0|  0|   2|           1|           1|
    |select_ln888_25_fu_3706_p3      |    select|   0|  0|   2|           1|           1|
    |select_ln888_26_fu_3840_p3      |    select|   0|  0|   2|           1|           1|
    |select_ln888_2_fu_624_p3        |    select|   0|  0|   2|           1|           1|
    |select_ln888_3_fu_758_p3        |    select|   0|  0|   2|           1|           1|
    |select_ln888_4_fu_892_p3        |    select|   0|  0|   2|           1|           1|
    |select_ln888_5_fu_1026_p3       |    select|   0|  0|   2|           1|           1|
    |select_ln888_6_fu_1160_p3       |    select|   0|  0|   2|           1|           1|
    |select_ln888_7_fu_1294_p3       |    select|   0|  0|   2|           1|           1|
    |select_ln888_8_fu_1428_p3       |    select|   0|  0|   2|           1|           1|
    |select_ln888_9_fu_1562_p3       |    select|   0|  0|   2|           1|           1|
    |select_ln888_fu_356_p3          |    select|   0|  0|   2|           1|           1|
    +--------------------------------+----------+----+---+----+------------+------------+
    |Total                           |          |   0|  0|1998|        1161|         729|
    +--------------------------------+----------+----+---+----+------------+------------+

    * Multiplexer: 
    N/A

    * Register: 
    N/A



================================================================
== Interface
================================================================
* Summary: 
+--------------+-----+-----+------------+------------------------------------------------------------------------+--------------+
|   RTL Ports  | Dir | Bits|  Protocol  |                              Source Object                             |    C Type    |
+--------------+-----+-----+------------+------------------------------------------------------------------------+--------------+
|ap_ready      |  out|    1|  ap_ctrl_hs|  relu<ap_fixed<16, 6, 5, 3, 0>, ap_ufixed<6, 0, 4, 0, 0>, relu_config7>|  return value|
|ap_return_0   |  out|    6|  ap_ctrl_hs|  relu<ap_fixed<16, 6, 5, 3, 0>, ap_ufixed<6, 0, 4, 0, 0>, relu_config7>|  return value|
|ap_return_1   |  out|    6|  ap_ctrl_hs|  relu<ap_fixed<16, 6, 5, 3, 0>, ap_ufixed<6, 0, 4, 0, 0>, relu_config7>|  return value|
|ap_return_2   |  out|    6|  ap_ctrl_hs|  relu<ap_fixed<16, 6, 5, 3, 0>, ap_ufixed<6, 0, 4, 0, 0>, relu_config7>|  return value|
|ap_return_3   |  out|    6|  ap_ctrl_hs|  relu<ap_fixed<16, 6, 5, 3, 0>, ap_ufixed<6, 0, 4, 0, 0>, relu_config7>|  return value|
|ap_return_4   |  out|    6|  ap_ctrl_hs|  relu<ap_fixed<16, 6, 5, 3, 0>, ap_ufixed<6, 0, 4, 0, 0>, relu_config7>|  return value|
|ap_return_5   |  out|    6|  ap_ctrl_hs|  relu<ap_fixed<16, 6, 5, 3, 0>, ap_ufixed<6, 0, 4, 0, 0>, relu_config7>|  return value|
|ap_return_6   |  out|    6|  ap_ctrl_hs|  relu<ap_fixed<16, 6, 5, 3, 0>, ap_ufixed<6, 0, 4, 0, 0>, relu_config7>|  return value|
|ap_return_7   |  out|    6|  ap_ctrl_hs|  relu<ap_fixed<16, 6, 5, 3, 0>, ap_ufixed<6, 0, 4, 0, 0>, relu_config7>|  return value|
|ap_return_8   |  out|    6|  ap_ctrl_hs|  relu<ap_fixed<16, 6, 5, 3, 0>, ap_ufixed<6, 0, 4, 0, 0>, relu_config7>|  return value|
|ap_return_9   |  out|    6|  ap_ctrl_hs|  relu<ap_fixed<16, 6, 5, 3, 0>, ap_ufixed<6, 0, 4, 0, 0>, relu_config7>|  return value|
|ap_return_10  |  out|    6|  ap_ctrl_hs|  relu<ap_fixed<16, 6, 5, 3, 0>, ap_ufixed<6, 0, 4, 0, 0>, relu_config7>|  return value|
|ap_return_11  |  out|    6|  ap_ctrl_hs|  relu<ap_fixed<16, 6, 5, 3, 0>, ap_ufixed<6, 0, 4, 0, 0>, relu_config7>|  return value|
|ap_return_12  |  out|    6|  ap_ctrl_hs|  relu<ap_fixed<16, 6, 5, 3, 0>, ap_ufixed<6, 0, 4, 0, 0>, relu_config7>|  return value|
|ap_return_13  |  out|    6|  ap_ctrl_hs|  relu<ap_fixed<16, 6, 5, 3, 0>, ap_ufixed<6, 0, 4, 0, 0>, relu_config7>|  return value|
|ap_return_14  |  out|    6|  ap_ctrl_hs|  relu<ap_fixed<16, 6, 5, 3, 0>, ap_ufixed<6, 0, 4, 0, 0>, relu_config7>|  return value|
|ap_return_15  |  out|    6|  ap_ctrl_hs|  relu<ap_fixed<16, 6, 5, 3, 0>, ap_ufixed<6, 0, 4, 0, 0>, relu_config7>|  return value|
|ap_return_16  |  out|    6|  ap_ctrl_hs|  relu<ap_fixed<16, 6, 5, 3, 0>, ap_ufixed<6, 0, 4, 0, 0>, relu_config7>|  return value|
|ap_return_17  |  out|    6|  ap_ctrl_hs|  relu<ap_fixed<16, 6, 5, 3, 0>, ap_ufixed<6, 0, 4, 0, 0>, relu_config7>|  return value|
|ap_return_18  |  out|    6|  ap_ctrl_hs|  relu<ap_fixed<16, 6, 5, 3, 0>, ap_ufixed<6, 0, 4, 0, 0>, relu_config7>|  return value|
|ap_return_19  |  out|    6|  ap_ctrl_hs|  relu<ap_fixed<16, 6, 5, 3, 0>, ap_ufixed<6, 0, 4, 0, 0>, relu_config7>|  return value|
|ap_return_20  |  out|    6|  ap_ctrl_hs|  relu<ap_fixed<16, 6, 5, 3, 0>, ap_ufixed<6, 0, 4, 0, 0>, relu_config7>|  return value|
|ap_return_21  |  out|    6|  ap_ctrl_hs|  relu<ap_fixed<16, 6, 5, 3, 0>, ap_ufixed<6, 0, 4, 0, 0>, relu_config7>|  return value|
|ap_return_22  |  out|    6|  ap_ctrl_hs|  relu<ap_fixed<16, 6, 5, 3, 0>, ap_ufixed<6, 0, 4, 0, 0>, relu_config7>|  return value|
|ap_return_23  |  out|    6|  ap_ctrl_hs|  relu<ap_fixed<16, 6, 5, 3, 0>, ap_ufixed<6, 0, 4, 0, 0>, relu_config7>|  return value|
|ap_return_24  |  out|    6|  ap_ctrl_hs|  relu<ap_fixed<16, 6, 5, 3, 0>, ap_ufixed<6, 0, 4, 0, 0>, relu_config7>|  return value|
|ap_return_25  |  out|    6|  ap_ctrl_hs|  relu<ap_fixed<16, 6, 5, 3, 0>, ap_ufixed<6, 0, 4, 0, 0>, relu_config7>|  return value|
|ap_return_26  |  out|    6|  ap_ctrl_hs|  relu<ap_fixed<16, 6, 5, 3, 0>, ap_ufixed<6, 0, 4, 0, 0>, relu_config7>|  return value|
|p_read        |   in|   16|     ap_none|                                                                  p_read|        scalar|
|p_read2       |   in|   16|     ap_none|                                                                 p_read2|        scalar|
|p_read3       |   in|   16|     ap_none|                                                                 p_read3|        scalar|
|p_read4       |   in|   16|     ap_none|                                                                 p_read4|        scalar|
|p_read5       |   in|   16|     ap_none|                                                                 p_read5|        scalar|
|p_read6       |   in|   16|     ap_none|                                                                 p_read6|        scalar|
|p_read7       |   in|   16|     ap_none|                                                                 p_read7|        scalar|
|p_read8       |   in|   16|     ap_none|                                                                 p_read8|        scalar|
|p_read9       |   in|   16|     ap_none|                                                                 p_read9|        scalar|
|p_read10      |   in|   16|     ap_none|                                                                p_read10|        scalar|
|p_read11      |   in|   16|     ap_none|                                                                p_read11|        scalar|
|p_read13      |   in|   16|     ap_none|                                                                p_read13|        scalar|
|p_read14      |   in|   16|     ap_none|                                                                p_read14|        scalar|
|p_read15      |   in|   16|     ap_none|                                                                p_read15|        scalar|
|p_read16      |   in|   16|     ap_none|                                                                p_read16|        scalar|
|p_read17      |   in|   16|     ap_none|                                                                p_read17|        scalar|
|p_read19      |   in|   16|     ap_none|                                                                p_read19|        scalar|
|p_read20      |   in|   16|     ap_none|                                                                p_read20|        scalar|
|p_read21      |   in|   16|     ap_none|                                                                p_read21|        scalar|
|p_read22      |   in|   16|     ap_none|                                                                p_read22|        scalar|
|p_read24      |   in|   16|     ap_none|                                                                p_read24|        scalar|
|p_read25      |   in|   16|     ap_none|                                                                p_read25|        scalar|
|p_read26      |   in|   16|     ap_none|                                                                p_read26|        scalar|
|p_read27      |   in|   16|     ap_none|                                                                p_read27|        scalar|
|p_read28      |   in|   16|     ap_none|                                                                p_read28|        scalar|
|p_read29      |   in|   16|     ap_none|                                                                p_read29|        scalar|
|p_read30      |   in|   16|     ap_none|                                                                p_read30|        scalar|
+--------------+-----+-----+------------+------------------------------------------------------------------------+--------------+

