INFO: [v++ 60-1306] Additional information associated with this v++ compile can be found at:
	Reports: /home/ayvol/vitis_accel_backend_test/build/reports/myproject_kernel
	Log files: /home/ayvol/vitis_accel_backend_test/build/logs/myproject_kernel
INFO: [v++ 60-1548] Creating build summary session with primary output /home/ayvol/vitis_accel_backend_test/build/myproject_kernel.xo.compile_summary, at Mon Apr 15 05:47:41 2024
INFO: [v++ 60-1315] Creating rulecheck session with output '/home/ayvol/vitis_accel_backend_test/build/reports/myproject_kernel/v++_compile_myproject_kernel_guidance.html', at Mon Apr 15 05:47:41 2024
INFO: [v++ 60-895]   Target platform: /opt/xilinx/platforms/xilinx_u55c_gen3x16_xdma_3_202210_1/xilinx_u55c_gen3x16_xdma_3_202210_1.xpfm
INFO: [v++ 60-1578]   This platform contains Xilinx Shell Archive '/opt/xilinx/platforms/xilinx_u55c_gen3x16_xdma_3_202210_1/hw/hw.xsa'
INFO: [v++ 74-78] Compiler Version string: 2022.2
INFO: [v++ 60-585] Compiling for hardware target
INFO: [v++ 60-423]   Target device: xilinx_u55c_gen3x16_xdma_3_202210_1
INFO: [v++ 60-242] Creating kernel: 'kernel_wrapper'

===>The following messages were generated while  performing high-level synthesis for kernel: kernel_wrapper Log file: /home/ayvol/vitis_accel_backend_test/build/myproject_kernel/kernel_wrapper/vitis_hls.log :
ERROR: [v++ 207-1181] expected ',' or '>' in template-parameter-list (/tools/Xilinx/Vitis_HLS/2022.2/common/technology/autopilot/hls_stream_39.h:52:37)
ERROR: [v++ 207-3557] too few template arguments for class template 'stream' (/tools/Xilinx/Vitis_HLS/2022.2/common/technology/autopilot/hls_stream_39.h:72:81)
ERROR: [v++ 207-3557] too few template arguments for class template 'stream' (/tools/Xilinx/Vitis_HLS/2022.2/common/technology/autopilot/hls_stream_39.h:75:93)
ERROR: [v++ 207-1181] expected ',' or '>' in template-parameter-list (/tools/Xilinx/Vitis_HLS/2022.2/common/technology/autopilot/hls_stream_39.h:163:37)
ERROR: [v++ 207-3557] too few template arguments for class template 'stream' (/home/ayvol/vitis_accel_backend_test/firmware/myproject.h:12:10)
ERROR: [v++ 207-3557] too few template arguments for class template 'stream' (/home/ayvol/vitis_accel_backend_test/firmware/myproject.h:13:10)
ERROR: [v++ 207-3557] too few template arguments for class template 'stream' (/home/ayvol/vitis_accel_backend_test/kernel_wrapper.cpp:4:52)
ERROR: [v++ 207-3557] too few template arguments for class template 'stream' (/home/ayvol/vitis_accel_backend_test/kernel_wrapper.cpp:16:50)
ERROR: [v++ 207-3557] too few template arguments for class template 'stream' (/home/ayvol/vitis_accel_backend_test/kernel_wrapper.cpp:31:10)
ERROR: [v++ 207-3557] too few template arguments for class template 'stream' (/home/ayvol/vitis_accel_backend_test/kernel_wrapper.cpp:32:10)
ERROR: [v++ 60-300] Failed to build kernel(ip) kernel_wrapper, see log for details: /home/ayvol/vitis_accel_backend_test/build/myproject_kernel/kernel_wrapper/vitis_hls.log
ERROR: [v++ 60-773] In '/home/ayvol/vitis_accel_backend_test/build/myproject_kernel/kernel_wrapper/vitis_hls.log', caught Tcl error: ERROR: [HLS 207-1181] expected ',' or '>' in template-parameter-list (/tools/Xilinx/Vitis_HLS/2022.2/common/technology/autopilot/hls_stream_39.h:52:37)
ERROR: [v++ 60-773] In '/home/ayvol/vitis_accel_backend_test/build/myproject_kernel/kernel_wrapper/vitis_hls.log', caught Tcl error: ERROR: [HLS 207-3557] too few template arguments for class template 'stream' (/tools/Xilinx/Vitis_HLS/2022.2/common/technology/autopilot/hls_stream_39.h:72:81)
ERROR: [v++ 60-773] In '/home/ayvol/vitis_accel_backend_test/build/myproject_kernel/kernel_wrapper/vitis_hls.log', caught Tcl error: ERROR: [HLS 207-3557] too few template arguments for class template 'stream' (/tools/Xilinx/Vitis_HLS/2022.2/common/technology/autopilot/hls_stream_39.h:75:93)
ERROR: [v++ 60-773] In '/home/ayvol/vitis_accel_backend_test/build/myproject_kernel/kernel_wrapper/vitis_hls.log', caught Tcl error: ERROR: [HLS 207-1181] expected ',' or '>' in template-parameter-list (/tools/Xilinx/Vitis_HLS/2022.2/common/technology/autopilot/hls_stream_39.h:163:37)
ERROR: [v++ 60-773] In '/home/ayvol/vitis_accel_backend_test/build/myproject_kernel/kernel_wrapper/vitis_hls.log', caught Tcl error: ERROR: [HLS 207-3557] too few template arguments for class template 'stream' (/home/ayvol/vitis_accel_backend_test/firmware/myproject.h:12:10)
ERROR: [v++ 60-773] In '/home/ayvol/vitis_accel_backend_test/build/myproject_kernel/kernel_wrapper/vitis_hls.log', caught Tcl error: ERROR: [HLS 207-3557] too few template arguments for class template 'stream' (/home/ayvol/vitis_accel_backend_test/firmware/myproject.h:13:10)
ERROR: [v++ 60-773] In '/home/ayvol/vitis_accel_backend_test/build/myproject_kernel/kernel_wrapper/vitis_hls.log', caught Tcl error: ERROR: [HLS 207-3557] too few template arguments for class template 'stream' (/home/ayvol/vitis_accel_backend_test/kernel_wrapper.cpp:4:52)
ERROR: [v++ 60-773] In '/home/ayvol/vitis_accel_backend_test/build/myproject_kernel/kernel_wrapper/vitis_hls.log', caught Tcl error: ERROR: [HLS 207-3557] too few template arguments for class template 'stream' (/home/ayvol/vitis_accel_backend_test/kernel_wrapper.cpp:16:50)
ERROR: [v++ 60-773] In '/home/ayvol/vitis_accel_backend_test/build/myproject_kernel/kernel_wrapper/vitis_hls.log', caught Tcl error: ERROR: [HLS 207-3557] too few template arguments for class template 'stream' (/home/ayvol/vitis_accel_backend_test/kernel_wrapper.cpp:31:10)
ERROR: [v++ 60-773] In '/home/ayvol/vitis_accel_backend_test/build/myproject_kernel/kernel_wrapper/vitis_hls.log', caught Tcl error: ERROR: [HLS 207-3557] too few template arguments for class template 'stream' (/home/ayvol/vitis_accel_backend_test/kernel_wrapper.cpp:32:10)
ERROR: [v++ 60-599] Kernel compilation failed to complete
ERROR: [v++ 60-592] Failed to finish compilation
