

================================================================
== Vitis HLS Report for 'dense_latency_ap_ufixed_6_0_4_0_0_ap_fixed_16_6_5_3_0_config11_s'
================================================================
* Date:           Sun May 19 05:01:11 2024

* Version:        2022.2 (Build 3670227 on Oct 13 2022)
* Project:        kernel_wrapper
* Solution:       solution (Vitis Kernel Flow Target)
* Product family: virtexuplus
* Target device:  xcu55c-fsvh2892-2L-e


================================================================
== Performance Estimates
================================================================
+ Timing: 
    * Summary: 
    +--------+---------+----------+------------+
    |  Clock |  Target | Estimated| Uncertainty|
    +--------+---------+----------+------------+
    |ap_clk  |  3.33 ns|  2.245 ns|     0.90 ns|
    +--------+---------+----------+------------+

+ Latency: 
    * Summary: 
    +---------+---------+----------+----------+-----+-----+---------+
    |  Latency (cycles) |  Latency (absolute) |  Interval | Pipeline|
    |   min   |   max   |    min   |    max   | min | max |   Type  |
    +---------+---------+----------+----------+-----+-----+---------+
    |        1|        1|  3.333 ns|  3.333 ns|    1|    1|      yes|
    +---------+---------+----------+----------+-----+-----+---------+

    + Detail: 
        * Instance: 
        N/A

        * Loop: 
        N/A



================================================================
== Utilization Estimates
================================================================
* Summary: 
+---------------------+---------+------+---------+---------+-----+
|         Name        | BRAM_18K|  DSP |    FF   |   LUT   | URAM|
+---------------------+---------+------+---------+---------+-----+
|DSP                  |        -|     -|        -|        -|    -|
|Expression           |        -|     -|        0|     1482|    -|
|FIFO                 |        -|     -|        -|        -|    -|
|Instance             |        -|     -|        -|        -|    -|
|Memory               |        -|     -|        -|        -|    -|
|Multiplexer          |        -|     -|        -|       70|    -|
|Register             |        -|     -|      278|        -|    -|
+---------------------+---------+------+---------+---------+-----+
|Total                |        0|     0|      278|     1552|    0|
+---------------------+---------+------+---------+---------+-----+
|Available SLR        |     1344|  3008|   869120|   434560|  320|
+---------------------+---------+------+---------+---------+-----+
|Utilization SLR (%)  |        0|     0|       ~0|       ~0|    0|
+---------------------+---------+------+---------+---------+-----+
|Available            |     4032|  9024|  2607360|  1303680|  960|
+---------------------+---------+------+---------+---------+-----+
|Utilization (%)      |        0|     0|       ~0|       ~0|    0|
+---------------------+---------+------+---------+---------+-----+

+ Detail: 
    * Instance: 
    N/A

    * DSP: 
    N/A

    * Memory: 
    N/A

    * FIFO: 
    N/A

    * Expression: 
    +--------------------------+----------+----+---+----+------------+------------+
    |       Variable Name      | Operation| DSP| FF| LUT| Bitwidth P0| Bitwidth P1|
    +--------------------------+----------+----+---+----+------------+------------+
    |add_ln813_672_fu_1594_p2  |         +|   0|  0|  19|          12|          12|
    |add_ln813_673_fu_1604_p2  |         +|   0|  0|  20|          13|          13|
    |add_ln813_674_fu_1150_p2  |         +|   0|  0|  19|          12|           9|
    |add_ln813_675_fu_1160_p2  |         +|   0|  0|  20|          13|          13|
    |add_ln813_676_fu_1617_p2  |         +|   0|  0|  16|          14|          14|
    |add_ln813_677_fu_1166_p2  |         +|   0|  0|  19|          12|          12|
    |add_ln813_678_fu_1176_p2  |         +|   0|  0|  20|          13|          13|
    |add_ln813_679_fu_1626_p2  |         +|   0|  0|  16|          14|          14|
    |add_ln813_680_fu_1636_p2  |         +|   0|  0|  16|          15|          15|
    |add_ln813_681_fu_1642_p2  |         +|   0|  0|  20|          13|          13|
    |add_ln813_682_fu_1652_p2  |         +|   0|  0|  16|          15|          15|
    |add_ln813_683_fu_1182_p2  |         +|   0|  0|  19|          12|           9|
    |add_ln813_684_fu_1192_p2  |         +|   0|  0|  20|          13|          13|
    |add_ln813_685_fu_1665_p2  |         +|   0|  0|  16|          14|          14|
    |add_ln813_686_fu_1198_p2  |         +|   0|  0|  19|          12|          12|
    |add_ln813_687_fu_1208_p2  |         +|   0|  0|  20|          13|          13|
    |add_ln813_688_fu_1674_p2  |         +|   0|  0|  16|          14|          14|
    |add_ln813_689_fu_1684_p2  |         +|   0|  0|  22|          15|          15|
    |add_ln813_690_fu_1214_p2  |         +|   0|  0|  19|          12|          10|
    |add_ln813_691_fu_1224_p2  |         +|   0|  0|  20|          13|          13|
    |add_ln813_692_fu_1697_p2  |         +|   0|  0|  16|          14|          14|
    |add_ln813_693_fu_1230_p2  |         +|   0|  0|  19|          12|          12|
    |add_ln813_694_fu_1706_p2  |         +|   0|  0|  16|          14|          14|
    |add_ln813_695_fu_1716_p2  |         +|   0|  0|  19|          12|          12|
    |add_ln813_696_fu_1726_p2  |         +|   0|  0|  22|          15|          15|
    |add_ln813_697_fu_1236_p2  |         +|   0|  0|  19|          12|           7|
    |add_ln813_698_fu_1246_p2  |         +|   0|  0|  19|          12|          12|
    |add_ln813_699_fu_1256_p2  |         +|   0|  0|  20|          13|          13|
    |add_ln813_700_fu_1739_p2  |         +|   0|  0|  16|          14|          14|
    |add_ln813_701_fu_1262_p2  |         +|   0|  0|  19|          12|          12|
    |add_ln813_702_fu_1272_p2  |         +|   0|  0|  20|          13|          13|
    |add_ln813_703_fu_1748_p2  |         +|   0|  0|  16|          14|          14|
    |add_ln813_704_fu_1278_p2  |         +|   0|  0|  19|          12|          12|
    |add_ln813_705_fu_1761_p2  |         +|   0|  0|  16|          15|          15|
    |add_ln813_706_fu_1284_p2  |         +|   0|  0|  19|          12|          12|
    |add_ln813_707_fu_1294_p2  |         +|   0|  0|  20|          13|          13|
    |add_ln813_708_fu_1770_p2  |         +|   0|  0|  16|          15|          15|
    |add_ln813_709_fu_1780_p2  |         +|   0|  0|  19|          12|          12|
    |add_ln813_710_fu_1790_p2  |         +|   0|  0|  23|          16|          16|
    |add_ln813_fu_1584_p2      |         +|   0|  0|  19|          12|          10|
    |r_V_576_fu_300_p2         |         -|   0|  0|  19|           1|          12|
    |r_V_577_fu_332_p2         |         -|   0|  0|  19|           1|          12|
    |r_V_578_fu_368_p2         |         -|   0|  0|  19|          12|          12|
    |r_V_579_fu_388_p2         |         -|   0|  0|  19|           1|          12|
    |r_V_580_fu_424_p2         |         -|   0|  0|  19|          12|          12|
    |r_V_581_fu_444_p2         |         -|   0|  0|  19|           1|          12|
    |r_V_582_fu_1314_p2        |         -|   0|  0|  19|           1|          12|
    |r_V_583_fu_476_p2         |         -|   0|  0|  19|           1|          12|
    |r_V_584_fu_496_p2         |         -|   0|  0|  19|          12|          12|
    |r_V_585_fu_544_p2         |         -|   0|  0|  17|          10|          10|
    |r_V_586_fu_580_p2         |         -|   0|  0|  19|           1|          12|
    |r_V_587_fu_622_p2         |         -|   0|  0|  19|          12|          12|
    |r_V_588_fu_638_p2         |         -|   0|  0|  19|          12|          12|
    |r_V_589_fu_666_p2         |         -|   0|  0|  19|           1|          12|
    |r_V_590_fu_698_p2         |         -|   0|  0|  19|           1|          12|
    |r_V_591_fu_1351_p2        |         -|   0|  0|  19|           1|          12|
    |r_V_592_fu_730_p2         |         -|   0|  0|  19|           1|          12|
    |r_V_593_fu_766_p2         |         -|   0|  0|  19|          12|          12|
    |r_V_594_fu_782_p2         |         -|   0|  0|  19|           1|          12|
    |r_V_595_fu_814_p2         |         -|   0|  0|  19|           1|          12|
    |r_V_596_fu_846_p2         |         -|   0|  0|  19|           1|          12|
    |r_V_597_fu_882_p2         |         -|   0|  0|  19|           1|          12|
    |r_V_598_fu_902_p2         |         -|   0|  0|  19|          12|          12|
    |r_V_599_fu_934_p2         |         -|   0|  0|  19|           1|          12|
    |r_V_600_fu_966_p2         |         -|   0|  0|  19|           1|          12|
    |r_V_601_fu_1385_p2        |         -|   0|  0|  19|           1|          12|
    |r_V_602_fu_998_p2         |         -|   0|  0|  19|           1|          12|
    |r_V_603_fu_1419_p2        |         -|   0|  0|  19|           1|          12|
    |r_V_604_fu_1439_p2        |         -|   0|  0|  19|          12|          12|
    |r_V_605_fu_1042_p2        |         -|   0|  0|  19|          12|          12|
    |r_V_606_fu_1470_p2        |         -|   0|  0|  19|           1|          12|
    |r_V_607_fu_1078_p2        |         -|   0|  0|  19|          12|          12|
    |r_V_608_fu_1114_p2        |         -|   0|  0|  19|           1|          12|
    |r_V_609_fu_1134_p2        |         -|   0|  0|  19|          12|          12|
    |r_V_610_fu_1510_p2        |         -|   0|  0|  19|          12|          12|
    |r_V_611_fu_1530_p2        |         -|   0|  0|  19|           1|          12|
    |r_V_612_fu_1564_p2        |         -|   0|  0|  19|          12|          12|
    |r_V_fu_280_p2             |         -|   0|  0|  19|          12|          12|
    |sub_ln1273_fu_612_p2      |         -|   0|  0|  18|           1|          11|
    +--------------------------+----------+----+---+----+------------+------------+
    |Total                     |          |   0|  0|1482|         730|         978|
    +--------------------------+----------+----+---+----+------------+------------+

    * Multiplexer: 
    +-------------+----+-----------+-----+-----------+
    |     Name    | LUT| Input Size| Bits| Total Bits|
    +-------------+----+-----------+-----+-----------+
    |ap_return_0  |  14|          3|   16|         48|
    |ap_return_1  |  14|          3|   16|         48|
    |ap_return_2  |  14|          3|   16|         48|
    |ap_return_3  |  14|          3|   16|         48|
    |ap_return_4  |  14|          3|   16|         48|
    +-------------+----+-----------+-----+-----------+
    |Total        |  70|         15|   80|        240|
    +-------------+----+-----------+-----+-----------+

    * Register: 
    +-------------------------+----+----+-----+-----------+
    |           Name          | FF | LUT| Bits| Const Bits|
    +-------------------------+----+----+-----+-----------+
    |add_ln813_675_reg_1890   |  13|   0|   13|          0|
    |add_ln813_678_reg_1895   |   9|   0|   13|          4|
    |add_ln813_684_reg_1900   |  13|   0|   13|          0|
    |add_ln813_687_reg_1905   |   9|   0|   13|          4|
    |add_ln813_691_reg_1910   |  13|   0|   13|          0|
    |add_ln813_693_reg_1915   |   8|   0|   12|          4|
    |add_ln813_699_reg_1920   |   9|   0|   13|          4|
    |add_ln813_702_reg_1925   |   9|   0|   13|          4|
    |add_ln813_704_reg_1930   |  12|   0|   12|          0|
    |add_ln813_707_reg_1935   |  13|   0|   13|          0|
    |ap_ce_reg                |   1|   0|    1|          0|
    |ap_return_0_int_reg      |  16|   0|   16|          0|
    |ap_return_1_int_reg      |  12|   0|   16|          4|
    |ap_return_2_int_reg      |  16|   0|   16|          0|
    |ap_return_3_int_reg      |  16|   0|   16|          0|
    |ap_return_4_int_reg      |  16|   0|   16|          0|
    |lshr_ln818_3_reg_1874    |  11|   0|   11|          0|
    |lshr_ln818_4_reg_1879    |  11|   0|   11|          0|
    |lshr_ln818_9_reg_1884    |  11|   0|   11|          0|
    |p_read2147_reg_1838      |   6|   0|    6|          0|
    |p_read430_reg_1859       |   6|   0|    6|          0|
    |p_read935_reg_1854       |   6|   0|    6|          0|
    |p_read_150_reg_1826      |   6|   0|    6|          0|
    |p_read_151_reg_1832      |   6|   0|    6|          0|
    |p_read_154_reg_1843      |   6|   0|    6|          0|
    |p_read_156_reg_1849      |   6|   0|    6|          0|
    |trunc_ln818_11_reg_1869  |  11|   0|   11|          0|
    |trunc_ln818_7_reg_1864   |   7|   0|   11|          4|
    +-------------------------+----+----+-----+-----------+
    |Total                    | 278|   0|  306|         28|
    +-------------------------+----+----+-----+-----------+



================================================================
== Interface
================================================================
* Summary: 
+-------------+-----+-----+------------+-----------------------------------------------------------------------------+--------------+
|  RTL Ports  | Dir | Bits|  Protocol  |                                Source Object                                |    C Type    |
+-------------+-----+-----+------------+-----------------------------------------------------------------------------+--------------+
|ap_clk       |   in|    1|  ap_ctrl_hs|  dense_latency<ap_ufixed<6, 0, 4, 0, 0>, ap_fixed<16, 6, 5, 3, 0>, config11>|  return value|
|ap_rst       |   in|    1|  ap_ctrl_hs|  dense_latency<ap_ufixed<6, 0, 4, 0, 0>, ap_fixed<16, 6, 5, 3, 0>, config11>|  return value|
|ap_return_0  |  out|   16|  ap_ctrl_hs|  dense_latency<ap_ufixed<6, 0, 4, 0, 0>, ap_fixed<16, 6, 5, 3, 0>, config11>|  return value|
|ap_return_1  |  out|   16|  ap_ctrl_hs|  dense_latency<ap_ufixed<6, 0, 4, 0, 0>, ap_fixed<16, 6, 5, 3, 0>, config11>|  return value|
|ap_return_2  |  out|   16|  ap_ctrl_hs|  dense_latency<ap_ufixed<6, 0, 4, 0, 0>, ap_fixed<16, 6, 5, 3, 0>, config11>|  return value|
|ap_return_3  |  out|   16|  ap_ctrl_hs|  dense_latency<ap_ufixed<6, 0, 4, 0, 0>, ap_fixed<16, 6, 5, 3, 0>, config11>|  return value|
|ap_return_4  |  out|   16|  ap_ctrl_hs|  dense_latency<ap_ufixed<6, 0, 4, 0, 0>, ap_fixed<16, 6, 5, 3, 0>, config11>|  return value|
|ap_ce        |   in|    1|  ap_ctrl_hs|  dense_latency<ap_ufixed<6, 0, 4, 0, 0>, ap_fixed<16, 6, 5, 3, 0>, config11>|  return value|
|p_read       |   in|    6|     ap_none|                                                                       p_read|        scalar|
|p_read1      |   in|    6|     ap_none|                                                                      p_read1|        scalar|
|p_read2      |   in|    6|     ap_none|                                                                      p_read2|        scalar|
|p_read3      |   in|    6|     ap_none|                                                                      p_read3|        scalar|
|p_read4      |   in|    6|     ap_none|                                                                      p_read4|        scalar|
|p_read5      |   in|    6|     ap_none|                                                                      p_read5|        scalar|
|p_read6      |   in|    6|     ap_none|                                                                      p_read6|        scalar|
|p_read7      |   in|    6|     ap_none|                                                                      p_read7|        scalar|
|p_read8      |   in|    6|     ap_none|                                                                      p_read8|        scalar|
|p_read9      |   in|    6|     ap_none|                                                                      p_read9|        scalar|
|p_read10     |   in|    6|     ap_none|                                                                     p_read10|        scalar|
|p_read11     |   in|    6|     ap_none|                                                                     p_read11|        scalar|
|p_read12     |   in|    6|     ap_none|                                                                     p_read12|        scalar|
|p_read13     |   in|    6|     ap_none|                                                                     p_read13|        scalar|
|p_read14     |   in|    6|     ap_none|                                                                     p_read14|        scalar|
|p_read15     |   in|    6|     ap_none|                                                                     p_read15|        scalar|
|p_read16     |   in|    6|     ap_none|                                                                     p_read16|        scalar|
|p_read17     |   in|    6|     ap_none|                                                                     p_read17|        scalar|
|p_read18     |   in|    6|     ap_none|                                                                     p_read18|        scalar|
|p_read19     |   in|    6|     ap_none|                                                                     p_read19|        scalar|
|p_read20     |   in|    6|     ap_none|                                                                     p_read20|        scalar|
|p_read21     |   in|    6|     ap_none|                                                                     p_read21|        scalar|
|p_read22     |   in|    6|     ap_none|                                                                     p_read22|        scalar|
|p_read23     |   in|    6|     ap_none|                                                                     p_read23|        scalar|
|p_read24     |   in|    6|     ap_none|                                                                     p_read24|        scalar|
|p_read25     |   in|    6|     ap_none|                                                                     p_read25|        scalar|
+-------------+-----+-----+------------+-----------------------------------------------------------------------------+--------------+

