Copyright 1986-2022 Xilinx, Inc. All Rights Reserved.
----------------------------------------------------------------------------------------------------------------------------------------------------------------------------------------------------------------------------------------------------------------------------------------------------------------------------------------------------------------------------------------------------
| Tool Version : Vivado v.2022.2 (lin64) Build 3671981 Fri Oct 14 04:59:54 MDT 2022
| Date         : Mon Apr  8 19:54:37 2024
| Host         : egl running 64-bit Ubuntu 20.04.4 LTS
| Command      : report_accelerator_utilization -kernels { kernel_wrapper:level0_i/ulp/kernel_wrapper_1/inst:kernel_wrapper_1 kernel_wrapper:level0_i/ulp/kernel_wrapper_2/inst:kernel_wrapper_2 kernel_wrapper:level0_i/ulp/kernel_wrapper_3/inst:kernel_wrapper_3 kernel_wrapper:level0_i/ulp/kernel_wrapper_4/inst:kernel_wrapper_4} -file kernel_util_placed.rpt -name kernel_util_placed -json
| Design       : level0_wrapper
| Device       : xcu55c
| Design State : Fully Placed
----------------------------------------------------------------------------------------------------------------------------------------------------------------------------------------------------------------------------------------------------------------------------------------------------------------------------------------------------------------------------------------------------

Accelerator Utilization Design Information

Table of Contents
-----------------
1. System Utilization

1. System Utilization
---------------------

+---------------------+-------------------+------------------+-------------------+----------------+---------------+----------------+
| Name                | LUT               | LUTAsMem         | REG               | BRAM           | URAM          | DSP            |
+---------------------+-------------------+------------------+-------------------+----------------+---------------+----------------+
| Platform            |  127589 [  9.79%] |  10328 [  1.72%] |  178698 [  6.85%] |  200 [  9.92%] |   0 [  0.00%] |    4 [  0.04%] |
| User Budget         | 1176091 [100.00%] | 590632 [100.00%] | 2428662 [100.00%] | 1816 [100.00%] | 960 [100.00%] | 9020 [100.00%] |
|    Used Resources   |   76373 [  6.49%] |   1944 [  0.33%] |   61504 [  2.53%] |  700 [ 38.55%] |   0 [  0.00%] |  108 [  1.20%] |
|    Unused Resources | 1099718 [ 93.51%] | 588688 [ 99.67%] | 2367158 [ 97.47%] | 1116 [ 61.45%] | 960 [100.00%] | 8912 [ 98.80%] |
| kernel_wrapper      |   76373 [  6.49%] |   1944 [  0.33%] |   61504 [  2.53%] |  700 [ 38.55%] |   0 [  0.00%] |  108 [  1.20%] |
|    kernel_wrapper_1 |   19075 [  1.62%] |    486 [  0.08%] |   15214 [  0.63%] |  175 [  9.64%] |   0 [  0.00%] |   27 [  0.30%] |
|    kernel_wrapper_2 |   19083 [  1.62%] |    486 [  0.08%] |   15543 [  0.64%] |  175 [  9.64%] |   0 [  0.00%] |   27 [  0.30%] |
|    kernel_wrapper_3 |   19119 [  1.63%] |    486 [  0.08%] |   15443 [  0.64%] |  175 [  9.64%] |   0 [  0.00%] |   27 [  0.30%] |
|    kernel_wrapper_4 |   19096 [  1.62%] |    486 [  0.08%] |   15304 [  0.63%] |  175 [  9.64%] |   0 [  0.00%] |   27 [  0.30%] |
+---------------------+-------------------+------------------+-------------------+----------------+---------------+----------------+


