Copyright 1986-2022 Xilinx, Inc. All Rights Reserved.
------------------------------------------------------------------------------------------
| Tool Version : Vivado v.2022.2 (lin64) Build 3671981 Fri Oct 14 04:59:54 MDT 2022
| Date         : Thu Apr 18 02:37:26 2024
| Host         : egl running 64-bit Ubuntu 20.04.4 LTS
| Command      : report_utilization -slr -file slr_util_routed.rpt -pb slr_util_routed.pb
| Design       : level0_wrapper
| Device       : xcu55c-fsvh2892-2L-e
| Speed File   : -2L
| Design State : Routed
------------------------------------------------------------------------------------------

Utilization Design Information

Table of Contents
-----------------
1. SLR Connectivity
2. SLR Connectivity Matrix
3. SLR CLB Logic and Dedicated Block Utilization
4. SLR IO Utilization

1. SLR Connectivity
-------------------

+----------------------------------+-------+-------+-----------+-------+
|                                  |  Used | Fixed | Available | Util% |
+----------------------------------+-------+-------+-----------+-------+
| SLR2 <-> SLR1                    |  5709 |       |     23040 | 24.78 |
|   SLR1 -> SLR2                   |  2886 |       |           | 12.53 |
|     Using TX_REG only            |     0 |     0 |           |       |
|     Using RX_REG only            |     0 |     0 |           |       |
|     Using Both TX_REG and RX_REG |     0 |     0 |           |       |
|   SLR2 -> SLR1                   |  2823 |       |           | 12.25 |
|     Using TX_REG only            |     0 |     0 |           |       |
|     Using RX_REG only            |     0 |     0 |           |       |
|     Using Both TX_REG and RX_REG |     0 |     0 |           |       |
| SLR1 <-> SLR0                    |  6318 |       |     23040 | 27.42 |
|   SLR0 -> SLR1                   |  3198 |       |           | 13.88 |
|     Using TX_REG only            |     0 |     0 |           |       |
|     Using RX_REG only            |     0 |     0 |           |       |
|     Using Both TX_REG and RX_REG |     0 |     0 |           |       |
|   SLR1 -> SLR0                   |  3120 |       |           | 13.54 |
|     Using TX_REG only            |     0 |     0 |           |       |
|     Using RX_REG only            |     0 |     0 |           |       |
|     Using Both TX_REG and RX_REG |     0 |     0 |           |       |
+----------------------------------+-------+-------+-----------+-------+
| Total SLLs Used                  | 12027 |       |           |       |
+----------------------------------+-------+-------+-----------+-------+


2. SLR Connectivity Matrix
--------------------------

+-----------+------+------+------+
| FROM \ TO | SLR2 | SLR1 | SLR0 |
+-----------+------+------+------+
| SLR2      |    0 | 2621 |  202 |
| SLR1      | 2772 |    0 | 2918 |
| SLR0      |  114 | 3084 |    0 |
+-----------+------+------+------+


3. SLR CLB Logic and Dedicated Block Utilization
------------------------------------------------

+----------------------------+--------+--------+--------+--------+--------+--------+
|          Site Type         |  SLR0  |  SLR1  |  SLR2  | SLR0 % | SLR1 % | SLR2 % |
+----------------------------+--------+--------+--------+--------+--------+--------+
| CLB                        |  29466 |  44068 |  24564 |  53.61 |  81.61 |  45.49 |
|   CLBL                     |  15478 |  23600 |  12980 |  52.86 |  80.60 |  44.33 |
|   CLBM                     |  13988 |  20468 |  11584 |  54.47 |  82.80 |  46.86 |
| CLB LUTs                   | 129635 | 228478 | 110260 |  29.48 |  52.89 |  25.52 |
|   LUT as Logic             | 123031 | 220787 | 106731 |  27.98 |  51.11 |  24.71 |
|     using O5 output only   |   1666 |   1429 |    712 |   0.38 |   0.33 |   0.16 |
|     using O6 output only   |  85813 | 155520 |  74144 |  19.52 |  36.00 |  17.16 |
|     using O5 and O6        |  35552 |  63838 |  31875 |   8.09 |  14.78 |   7.38 |
|   LUT as Memory            |   6604 |   7691 |   3529 |   3.21 |   3.89 |   1.78 |
|     LUT as Distributed RAM |   3244 |   4820 |   1464 |   1.58 |   2.44 |   0.74 |
|       using O5 output only |      0 |      0 |      0 |   0.00 |   0.00 |   0.00 |
|       using O6 output only |    412 |    730 |    176 |   0.20 |   0.37 |   0.09 |
|       using O5 and O6      |   2832 |   4090 |   1288 |   1.38 |   2.07 |   0.65 |
|     LUT as Shift Register  |   3360 |   2871 |   2065 |   1.64 |   1.45 |   1.04 |
|       using O5 output only |      0 |      0 |      0 |   0.00 |   0.00 |   0.00 |
|       using O6 output only |   2575 |   2669 |   1958 |   1.25 |   1.35 |   0.99 |
|       using O5 and O6      |    785 |    202 |    107 |   0.38 |   0.10 |   0.05 |
| CLB Registers              | 128133 | 173356 |  88188 |  14.57 |  20.06 |  10.21 |
| CARRY8                     |  14087 |  27857 |  13747 |  25.63 |  51.59 |  25.46 |
| F7 Muxes                   |   1551 |   1295 |    566 |   0.71 |   0.60 |   0.26 |
| F8 Muxes                   |    197 |    260 |      0 |   0.18 |   0.24 |   0.00 |
| F9 Muxes                   |      0 |      0 |      0 |   0.00 |   0.00 |   0.00 |
| Block RAM Tile             |     83 |    136 |     73 |  12.35 |  20.24 |  10.86 |
|   RAMB36/FIFO              |     75 |    126 |     68 |  11.16 |  18.75 |  10.12 |
|   RAMB18                   |     16 |     20 |     10 |   1.19 |   1.49 |   0.74 |
| URAM                       |      0 |      0 |      0 |   0.00 |   0.00 |   0.00 |
| DSPs                       |    772 |   1544 |    776 |  26.81 |  50.26 |  25.26 |
| Unique Control Sets        |   3419 |   4356 |   1668 |   3.11 |   4.03 |   1.54 |
+----------------------------+--------+--------+--------+--------+--------+--------+
* Note: Available Control Sets based on CLB Registers / 8


4. SLR IO Utilization
---------------------

+-----------+-----------+---------+------------+----------+------------+----------+-----+
| SLR Index | Used IOBs | (%)IOBs | Used IPADs | (%)IPADs | Used OPADs | (%)OPADs | GTs |
+-----------+-----------+---------+------------+----------+------------+----------+-----+
| SLR2      |         0 |    0.00 |          0 |     0.00 |          0 |     0.00 |   0 |
| SLR1      |         0 |    0.00 |          0 |     0.00 |          0 |     0.00 |   0 |
| SLR0      |        12 |    5.77 |          0 |     0.00 |          0 |     0.00 |  16 |
+-----------+-----------+---------+------------+----------+------------+----------+-----+
| Total     |        12 |         |          0 |          |          0 |          |  16 |
+-----------+-----------+---------+------------+----------+------------+----------+-----+


