Copyright 1986-2022 Xilinx, Inc. All Rights Reserved.
------------------------------------------------------------------------------------------
| Tool Version : Vivado v.2022.2 (lin64) Build 3671981 Fri Oct 14 04:59:54 MDT 2022
| Date         : Fri Apr 26 00:34:07 2024
| Host         : egl running 64-bit Ubuntu 20.04.4 LTS
| Command      : report_utilization -slr -file slr_util_placed.rpt -pb slr_util_placed.pb
| Design       : level0_wrapper
| Device       : xcu55c-fsvh2892-2L-e
| Speed File   : -2L
| Design State : Fully Placed
------------------------------------------------------------------------------------------

Utilization Design Information

Table of Contents
-----------------
1. SLR Connectivity
2. SLR Connectivity Matrix
3. SLR CLB Logic and Dedicated Block Utilization
4. SLR IO Utilization

1. SLR Connectivity
-------------------

+----------------------------------+-------+-------+-----------+-------+
|                                  |  Used | Fixed | Available | Util% |
+----------------------------------+-------+-------+-----------+-------+
| SLR2 <-> SLR1                    |  5097 |       |     23040 | 22.12 |
|   SLR1 -> SLR2                   |  2589 |       |           | 11.24 |
|     Using TX_REG only            |     0 |     0 |           |       |
|     Using RX_REG only            |     0 |     0 |           |       |
|     Using Both TX_REG and RX_REG |     0 |     0 |           |       |
|   SLR2 -> SLR1                   |  2508 |       |           | 10.89 |
|     Using TX_REG only            |     0 |     0 |           |       |
|     Using RX_REG only            |     0 |     0 |           |       |
|     Using Both TX_REG and RX_REG |     0 |     0 |           |       |
| SLR1 <-> SLR0                    |  6822 |       |     23040 | 29.61 |
|   SLR0 -> SLR1                   |  3943 |       |           | 17.11 |
|     Using TX_REG only            |     0 |     0 |           |       |
|     Using RX_REG only            |     0 |     0 |           |       |
|     Using Both TX_REG and RX_REG |     0 |     0 |           |       |
|   SLR1 -> SLR0                   |  2879 |       |           | 12.50 |
|     Using TX_REG only            |     0 |     0 |           |       |
|     Using RX_REG only            |     0 |     0 |           |       |
|     Using Both TX_REG and RX_REG |     0 |     0 |           |       |
+----------------------------------+-------+-------+-----------+-------+
| Total SLLs Used                  | 11919 |       |           |       |
+----------------------------------+-------+-------+-----------+-------+


2. SLR Connectivity Matrix
--------------------------

+-----------+------+------+------+
| FROM \ TO | SLR2 | SLR1 | SLR0 |
+-----------+------+------+------+
| SLR2      |    0 | 2368 |  140 |
| SLR1      | 2490 |    0 | 2739 |
| SLR0      |   99 | 3844 |    0 |
+-----------+------+------+------+


3. SLR CLB Logic and Dedicated Block Utilization
------------------------------------------------

+----------------------------+--------+-------+-------+--------+--------+--------+
|          Site Type         |  SLR0  |  SLR1 |  SLR2 | SLR0 % | SLR1 % | SLR2 % |
+----------------------------+--------+-------+-------+--------+--------+--------+
| CLB                        |  19048 | 17129 |  7117 |  34.66 |  31.72 |  13.18 |
|   CLBL                     |  10012 |  9183 |  3696 |  34.19 |  31.36 |  12.62 |
|   CLBM                     |   9036 |  7946 |  3421 |  35.19 |  32.14 |  13.84 |
| CLB LUTs                   |  82356 | 96057 | 25546 |  18.73 |  22.24 |   5.91 |
|   LUT as Logic             |  76249 | 91417 | 24021 |  17.34 |  21.16 |   5.56 |
|     using O5 output only   |   1564 |  1051 |   443 |   0.36 |   0.24 |   0.10 |
|     using O6 output only   |  52359 | 65185 | 17056 |  11.91 |  15.09 |   3.95 |
|     using O5 and O6        |  22326 | 25181 |  6522 |   5.08 |   5.83 |   1.51 |
|   LUT as Memory            |   6107 |  4640 |  1525 |   2.97 |   2.35 |   0.77 |
|     LUT as Distributed RAM |   3160 |  3532 |   820 |   1.54 |   1.79 |   0.41 |
|       using O5 output only |      0 |     0 |     0 |   0.00 |   0.00 |   0.00 |
|       using O6 output only |    256 |   386 |     4 |   0.12 |   0.20 |  <0.01 |
|       using O5 and O6      |   2904 |  3146 |   816 |   1.41 |   1.59 |   0.41 |
|     LUT as Shift Register  |   2947 |  1108 |   705 |   1.43 |   0.56 |   0.36 |
|       using O5 output only |      0 |     0 |     0 |   0.00 |   0.00 |   0.00 |
|       using O6 output only |   2063 |   880 |   671 |   1.00 |   0.44 |   0.34 |
|       using O5 and O6      |    884 |   228 |    34 |   0.43 |   0.12 |   0.02 |
| CLB Registers              | 108212 | 96682 | 35308 |  12.31 |  11.19 |   4.09 |
| CARRY8                     |   4179 |  4309 |   107 |   7.60 |   7.98 |   0.20 |
| F7 Muxes                   |   1544 |  1287 |   437 |   0.70 |   0.60 |   0.20 |
| F8 Muxes                   |    197 |   260 |     0 |   0.18 |   0.24 |   0.00 |
| F9 Muxes                   |      0 |     0 |     0 |   0.00 |   0.00 |   0.00 |
| Block RAM Tile             |    411 |   441 |    50 |  61.16 |  65.63 |   7.44 |
|   RAMB36/FIFO              |    397 |   430 |    50 |  59.08 |  63.99 |   7.44 |
|   RAMB18                   |     28 |    22 |     0 |   2.08 |   1.64 |   0.00 |
| URAM                       |      0 |     0 |     0 |   0.00 |   0.00 |   0.00 |
| DSPs                       |     54 |    54 |     4 |   1.88 |   1.76 |   0.13 |
| Unique Control Sets        |   3380 |  3734 |  1102 |   3.07 |   3.46 |   1.02 |
+----------------------------+--------+-------+-------+--------+--------+--------+
* Note: Available Control Sets based on CLB Registers / 8


4. SLR IO Utilization
---------------------

+-----------+-----------+---------+------------+----------+------------+----------+-----+
| SLR Index | Used IOBs | (%)IOBs | Used IPADs | (%)IPADs | Used OPADs | (%)OPADs | GTs |
+-----------+-----------+---------+------------+----------+------------+----------+-----+
| SLR2      |         0 |    0.00 |          0 |     0.00 |          0 |     0.00 |   0 |
| SLR1      |         0 |    0.00 |          0 |     0.00 |          0 |     0.00 |   0 |
| SLR0      |        12 |    5.77 |          0 |     0.00 |          0 |     0.00 |  16 |
+-----------+-----------+---------+------------+----------+------------+----------+-----+
| Total     |        12 |         |          0 |          |          0 |          |  16 |
+-----------+-----------+---------+------------+----------+------------+----------+-----+


