Copyright 1986-2022 Xilinx, Inc. All Rights Reserved.
------------------------------------------------------------------------------------------------------------------------------------------------------------------------------------------------------------------------------------------------------------------------------------------------------------------------------------------------------------------------------------------------------
| Tool Version : Vivado v.2022.2 (lin64) Build 3671981 Fri Oct 14 04:59:54 MDT 2022
| Date         : Thu Apr 25 23:26:19 2024
| Host         : egl running 64-bit Ubuntu 20.04.4 LTS
| Command      : report_accelerator_utilization -kernels { kernel_wrapper:level0_i/ulp/kernel_wrapper_1/inst:kernel_wrapper_1 kernel_wrapper:level0_i/ulp/kernel_wrapper_2/inst:kernel_wrapper_2 kernel_wrapper:level0_i/ulp/kernel_wrapper_3/inst:kernel_wrapper_3 kernel_wrapper:level0_i/ulp/kernel_wrapper_4/inst:kernel_wrapper_4} -file kernel_util_synthed.rpt -name kernel_util_synthed -json
| Design       : level0_wrapper
| Device       : xcu55c
| Design State : Synthesized
------------------------------------------------------------------------------------------------------------------------------------------------------------------------------------------------------------------------------------------------------------------------------------------------------------------------------------------------------------------------------------------------------

Accelerator Utilization Design Information

Table of Contents
-----------------
1. System Utilization

1. System Utilization
---------------------

+---------------------+-------------------+------------------+-------------------+----------------+---------------+----------------+
| Name                | LUT               | LUTAsMem         | REG               | BRAM           | URAM          | DSP            |
+---------------------+-------------------+------------------+-------------------+----------------+---------------+----------------+
| Platform            |  143786 [ 11.03%] |  11930 [  1.99%] |  185714 [  7.12%] |  200 [  9.92%] |   0 [  0.00%] |    4 [  0.04%] |
| User Budget         | 1159894 [100.00%] | 589030 [100.00%] | 2421646 [100.00%] | 1816 [100.00%] | 960 [100.00%] | 9020 [100.00%] |
|    Used Resources   |   79220 [  6.83%] |   2360 [  0.40%] |   61116 [  2.52%] |  700 [ 38.55%] |   0 [  0.00%] |  108 [  1.20%] |
|    Unused Resources | 1080674 [ 93.17%] | 586670 [ 99.60%] | 2360530 [ 97.48%] | 1116 [ 61.45%] | 960 [100.00%] | 8912 [ 98.80%] |
| kernel_wrapper      |   79220 [  6.83%] |   2360 [  0.40%] |   61116 [  2.52%] |  700 [ 38.55%] |   0 [  0.00%] |  108 [  1.20%] |
|    kernel_wrapper_1 |   19805 [  1.71%] |    590 [  0.10%] |   15279 [  0.63%] |  175 [  9.64%] |   0 [  0.00%] |   27 [  0.30%] |
|    kernel_wrapper_2 |   19805 [  1.71%] |    590 [  0.10%] |   15279 [  0.63%] |  175 [  9.64%] |   0 [  0.00%] |   27 [  0.30%] |
|    kernel_wrapper_3 |   19805 [  1.71%] |    590 [  0.10%] |   15279 [  0.63%] |  175 [  9.64%] |   0 [  0.00%] |   27 [  0.30%] |
|    kernel_wrapper_4 |   19805 [  1.71%] |    590 [  0.10%] |   15279 [  0.63%] |  175 [  9.64%] |   0 [  0.00%] |   27 [  0.30%] |
+---------------------+-------------------+------------------+-------------------+----------------+---------------+----------------+


