/home/ayvol/vitis_accel_backend_test/build/myproject_kernel/kernel_wrapper/kernel_wrapper/solution/.autopilot/db/myproject.pp.0.cpp:28360:7: warning: Added loop label VITIS_LOOP_1211_1:   [xilinx-label-all-loops]
      for (i = 0; i < __N - 1; ++i) {
      ^~~
      VITIS_LOOP_1211_1: 
/home/ayvol/vitis_accel_backend_test/build/myproject_kernel/kernel_wrapper/kernel_wrapper/solution/.autopilot/db/myproject.pp.0.cpp:28360:7: note: FIX-IT applied suggested code changes
/home/ayvol/vitis_accel_backend_test/build/myproject_kernel/kernel_wrapper/kernel_wrapper/solution/.autopilot/db/myproject.pp.0.cpp:29334:5: warning: Added loop label VITIS_LOOP_676_1:   [xilinx-label-all-loops]
    for (unsigned i = low; i != high; ++i) {
    ^~~
    VITIS_LOOP_676_1: 
/home/ayvol/vitis_accel_backend_test/build/myproject_kernel/kernel_wrapper/kernel_wrapper/solution/.autopilot/db/myproject.pp.0.cpp:29334:5: note: FIX-IT applied suggested code changes
/home/ayvol/vitis_accel_backend_test/build/myproject_kernel/kernel_wrapper/kernel_wrapper/solution/.autopilot/db/myproject.pp.0.cpp:29348:5: warning: Added loop label VITIS_LOOP_690_1:   [xilinx-label-all-loops]
    for (unsigned i = low; i != high; ++i) {
    ^~~
    VITIS_LOOP_690_1: 
/home/ayvol/vitis_accel_backend_test/build/myproject_kernel/kernel_wrapper/kernel_wrapper/solution/.autopilot/db/myproject.pp.0.cpp:29348:5: note: FIX-IT applied suggested code changes
/home/ayvol/vitis_accel_backend_test/build/myproject_kernel/kernel_wrapper/kernel_wrapper/solution/.autopilot/db/myproject.pp.0.cpp:29362:5: warning: Added loop label VITIS_LOOP_704_1:   [xilinx-label-all-loops]
    for (unsigned i = low; i != high; ++i) {
    ^~~
    VITIS_LOOP_704_1: 
/home/ayvol/vitis_accel_backend_test/build/myproject_kernel/kernel_wrapper/kernel_wrapper/solution/.autopilot/db/myproject.pp.0.cpp:29362:5: note: FIX-IT applied suggested code changes
/home/ayvol/vitis_accel_backend_test/build/myproject_kernel/kernel_wrapper/kernel_wrapper/solution/.autopilot/db/myproject.pp.0.cpp:30961:7: warning: Added loop label VITIS_LOOP_1245_1:   [xilinx-label-all-loops]
      for (i = 0; i < __N - 1; ++i) {
      ^~~
      VITIS_LOOP_1245_1: 
/home/ayvol/vitis_accel_backend_test/build/myproject_kernel/kernel_wrapper/kernel_wrapper/solution/.autopilot/db/myproject.pp.0.cpp:30961:7: note: FIX-IT applied suggested code changes
/home/ayvol/vitis_accel_backend_test/build/myproject_kernel/kernel_wrapper/kernel_wrapper/solution/.autopilot/db/myproject.pp.0.cpp:32946:9: warning: Added loop label VITIS_LOOP_27_1:   [xilinx-label-all-loops]
        for (unsigned i = 0; i < N; i++) {
        ^~~
        VITIS_LOOP_27_1: 
/home/ayvol/vitis_accel_backend_test/build/myproject_kernel/kernel_wrapper/kernel_wrapper/solution/.autopilot/db/myproject.pp.0.cpp:32946:9: note: FIX-IT applied suggested code changes
/home/ayvol/vitis_accel_backend_test/build/myproject_kernel/kernel_wrapper/kernel_wrapper/solution/.autopilot/db/myproject.pp.0.cpp:32959:9: warning: Added loop label VITIS_LOOP_40_1:   [xilinx-label-all-loops]
        for (size_t i = 0; i < N; i++) {
        ^~~
        VITIS_LOOP_40_1: 
/home/ayvol/vitis_accel_backend_test/build/myproject_kernel/kernel_wrapper/kernel_wrapper/solution/.autopilot/db/myproject.pp.0.cpp:32959:9: note: FIX-IT applied suggested code changes
/home/ayvol/vitis_accel_backend_test/build/myproject_kernel/kernel_wrapper/kernel_wrapper/solution/.autopilot/db/myproject.pp.0.cpp:55877:5: warning: Added loop label VITIS_LOOP_265_1:   [xilinx-label-all-loops]
    for (typename std::vector<src_T>::const_iterator i = in_begin; i != in_end; ++i) {
    ^~~
    VITIS_LOOP_265_1: 
/home/ayvol/vitis_accel_backend_test/build/myproject_kernel/kernel_wrapper/kernel_wrapper/solution/.autopilot/db/myproject.pp.0.cpp:55877:5: note: FIX-IT applied suggested code changes
/home/ayvol/vitis_accel_backend_test/build/myproject_kernel/kernel_wrapper/kernel_wrapper/solution/.autopilot/db/myproject.pp.0.cpp:55887:5: warning: Added loop label VITIS_LOOP_275_1:   [xilinx-label-all-loops]
    for (auto i = 0; i < SIZE; i++)
    ^~~
    VITIS_LOOP_275_1: 
/home/ayvol/vitis_accel_backend_test/build/myproject_kernel/kernel_wrapper/kernel_wrapper/solution/.autopilot/db/myproject.pp.0.cpp:55887:5: note: FIX-IT applied suggested code changes
/home/ayvol/vitis_accel_backend_test/build/myproject_kernel/kernel_wrapper/kernel_wrapper/solution/.autopilot/db/myproject.pp.0.cpp:55898:5: warning: Added loop label VITIS_LOOP_286_1:   [xilinx-label-all-loops]
    for (int i = 0; i < SIZE; i++) {
    ^~~
    VITIS_LOOP_286_1: 
/home/ayvol/vitis_accel_backend_test/build/myproject_kernel/kernel_wrapper/kernel_wrapper/solution/.autopilot/db/myproject.pp.0.cpp:55898:5: note: FIX-IT applied suggested code changes
/home/ayvol/vitis_accel_backend_test/build/myproject_kernel/kernel_wrapper/kernel_wrapper/solution/.autopilot/db/myproject.pp.0.cpp:55905:5: warning: Added loop label VITIS_LOOP_293_1:   [xilinx-label-all-loops]
    for (int i = 0; i < SIZE / res_T::size; i++) {
    ^~~
    VITIS_LOOP_293_1: 
/home/ayvol/vitis_accel_backend_test/build/myproject_kernel/kernel_wrapper/kernel_wrapper/solution/.autopilot/db/myproject.pp.0.cpp:55905:5: note: FIX-IT applied suggested code changes
/home/ayvol/vitis_accel_backend_test/build/myproject_kernel/kernel_wrapper/kernel_wrapper/solution/.autopilot/db/myproject.pp.0.cpp:55907:9: warning: Added loop label VITIS_LOOP_295_2:   [xilinx-label-all-loops]
        for (int j = 0; j < res_T::size; j++) {
        ^~~
        VITIS_LOOP_295_2: 
/home/ayvol/vitis_accel_backend_test/build/myproject_kernel/kernel_wrapper/kernel_wrapper/solution/.autopilot/db/myproject.pp.0.cpp:55907:9: note: FIX-IT applied suggested code changes
/home/ayvol/vitis_accel_backend_test/build/myproject_kernel/kernel_wrapper/kernel_wrapper/solution/.autopilot/db/myproject.pp.0.cpp:55919:5: warning: Added loop label VITIS_LOOP_307_1:   [xilinx-label-all-loops]
    for (int i = 0; i < SIZE / data_T::size; i++) {
    ^~~
    VITIS_LOOP_307_1: 
/home/ayvol/vitis_accel_backend_test/build/myproject_kernel/kernel_wrapper/kernel_wrapper/solution/.autopilot/db/myproject.pp.0.cpp:55919:5: note: FIX-IT applied suggested code changes
/home/ayvol/vitis_accel_backend_test/build/myproject_kernel/kernel_wrapper/kernel_wrapper/solution/.autopilot/db/myproject.pp.0.cpp:55921:9: warning: Added loop label VITIS_LOOP_309_2:   [xilinx-label-all-loops]
        for (int j = 0; j < data_T::size; j++) {
        ^~~
        VITIS_LOOP_309_2: 
/home/ayvol/vitis_accel_backend_test/build/myproject_kernel/kernel_wrapper/kernel_wrapper/solution/.autopilot/db/myproject.pp.0.cpp:55921:9: note: FIX-IT applied suggested code changes
/home/ayvol/vitis_accel_backend_test/build/myproject_kernel/kernel_wrapper/kernel_wrapper/solution/.autopilot/db/myproject.pp.0.cpp:55936:5: warning: Added loop label VITIS_LOOP_324_1:   [xilinx-label-all-loops]
    for (int ii = 0; ii < nrows; ii++) {
    ^~~
    VITIS_LOOP_324_1: 
/home/ayvol/vitis_accel_backend_test/build/myproject_kernel/kernel_wrapper/kernel_wrapper/solution/.autopilot/db/myproject.pp.0.cpp:55936:5: note: FIX-IT applied suggested code changes
/home/ayvol/vitis_accel_backend_test/build/myproject_kernel/kernel_wrapper/kernel_wrapper/solution/.autopilot/db/myproject.pp.0.cpp:55956:5: warning: Added loop label VITIS_LOOP_344_1:   [xilinx-label-all-loops]
    for (int ii = 0; ii < nrows; ii++) {
    ^~~
    VITIS_LOOP_344_1: 
/home/ayvol/vitis_accel_backend_test/build/myproject_kernel/kernel_wrapper/kernel_wrapper/solution/.autopilot/db/myproject.pp.0.cpp:55956:5: note: FIX-IT applied suggested code changes
/home/ayvol/vitis_accel_backend_test/build/myproject_kernel/kernel_wrapper/kernel_wrapper/solution/.autopilot/db/myproject.pp.0.cpp:55957:9: warning: Added loop label VITIS_LOOP_345_2:   [xilinx-label-all-loops]
        for (int jj = 0; jj < ncols; jj++) {
        ^~~
        VITIS_LOOP_345_2: 
/home/ayvol/vitis_accel_backend_test/build/myproject_kernel/kernel_wrapper/kernel_wrapper/solution/.autopilot/db/myproject.pp.0.cpp:55957:9: note: FIX-IT applied suggested code changes
/home/ayvol/vitis_accel_backend_test/build/myproject_kernel/kernel_wrapper/kernel_wrapper/solution/.autopilot/db/myproject.pp.0.cpp:55972:5: warning: Added loop label VITIS_LOOP_360_1:   [xilinx-label-all-loops]
    for (int ii = 0; ii < N_IN; ii++) {
    ^~~
    VITIS_LOOP_360_1: 
/home/ayvol/vitis_accel_backend_test/build/myproject_kernel/kernel_wrapper/kernel_wrapper/solution/.autopilot/db/myproject.pp.0.cpp:55972:5: note: FIX-IT applied suggested code changes
/home/ayvol/vitis_accel_backend_test/build/myproject_kernel/kernel_wrapper/kernel_wrapper/solution/.autopilot/db/myproject.pp.0.cpp:55979:5: warning: Added loop label VITIS_LOOP_367_1:   [xilinx-label-all-loops]
    for (int ii = 0; ii < N_IN; ii++) {
    ^~~
    VITIS_LOOP_367_1: 
/home/ayvol/vitis_accel_backend_test/build/myproject_kernel/kernel_wrapper/kernel_wrapper/solution/.autopilot/db/myproject.pp.0.cpp:55979:5: note: FIX-IT applied suggested code changes
/home/ayvol/vitis_accel_backend_test/build/myproject_kernel/kernel_wrapper/kernel_wrapper/solution/.autopilot/db/myproject.pp.0.cpp:56102:2: warning: Added loop label VITIS_LOOP_31_1:   [xilinx-label-all-loops]
 for (int ii = 0; ii < CONFIG_T::n_in; ii++) {
 ^~~
 VITIS_LOOP_31_1: 
/home/ayvol/vitis_accel_backend_test/build/myproject_kernel/kernel_wrapper/kernel_wrapper/solution/.autopilot/db/myproject.pp.0.cpp:56102:2: note: FIX-IT applied suggested code changes
/home/ayvol/vitis_accel_backend_test/build/myproject_kernel/kernel_wrapper/kernel_wrapper/solution/.autopilot/db/myproject.pp.0.cpp:56114:5: warning: Added loop label VITIS_LOOP_43_1:   [xilinx-label-all-loops]
    for (int ii = 0; ii < CONFIG_T::n_in; ii++) {
    ^~~
    VITIS_LOOP_43_1: 
/home/ayvol/vitis_accel_backend_test/build/myproject_kernel/kernel_wrapper/kernel_wrapper/solution/.autopilot/db/myproject.pp.0.cpp:56114:5: note: FIX-IT applied suggested code changes
/home/ayvol/vitis_accel_backend_test/build/myproject_kernel/kernel_wrapper/kernel_wrapper/solution/.autopilot/db/myproject.pp.0.cpp:56128:5: warning: Added loop label VITIS_LOOP_57_1:   [xilinx-label-all-loops]
    for (int ii = 0; ii < CONFIG_T::n_in; ii++) {
    ^~~
    VITIS_LOOP_57_1: 
/home/ayvol/vitis_accel_backend_test/build/myproject_kernel/kernel_wrapper/kernel_wrapper/solution/.autopilot/db/myproject.pp.0.cpp:56128:5: note: FIX-IT applied suggested code changes
/home/ayvol/vitis_accel_backend_test/build/myproject_kernel/kernel_wrapper/kernel_wrapper/solution/.autopilot/db/myproject.pp.0.cpp:56155:5: warning: Added loop label VITIS_LOOP_84_1:   [xilinx-label-all-loops]
    for (int ii = 0; ii < N_TABLE; ii++) {
    ^~~
    VITIS_LOOP_84_1: 
/home/ayvol/vitis_accel_backend_test/build/myproject_kernel/kernel_wrapper/kernel_wrapper/solution/.autopilot/db/myproject.pp.0.cpp:56155:5: note: FIX-IT applied suggested code changes
/home/ayvol/vitis_accel_backend_test/build/myproject_kernel/kernel_wrapper/kernel_wrapper/solution/.autopilot/db/myproject.pp.0.cpp:56185:5: warning: Added loop label VITIS_LOOP_114_1:   [xilinx-label-all-loops]
    for (int ii = 0; ii < CONFIG_T::n_in; ii++) {
    ^~~
    VITIS_LOOP_114_1: 
/home/ayvol/vitis_accel_backend_test/build/myproject_kernel/kernel_wrapper/kernel_wrapper/solution/.autopilot/db/myproject.pp.0.cpp:56185:5: note: FIX-IT applied suggested code changes
/home/ayvol/vitis_accel_backend_test/build/myproject_kernel/kernel_wrapper/kernel_wrapper/solution/.autopilot/db/myproject.pp.0.cpp:56222:5: warning: Added loop label VITIS_LOOP_151_1:   [xilinx-label-all-loops]
    for (unsigned i = 0; i < CONFIG_T::table_size; i++) {
    ^~~
    VITIS_LOOP_151_1: 
/home/ayvol/vitis_accel_backend_test/build/myproject_kernel/kernel_wrapper/kernel_wrapper/solution/.autopilot/db/myproject.pp.0.cpp:56222:5: note: FIX-IT applied suggested code changes
/home/ayvol/vitis_accel_backend_test/build/myproject_kernel/kernel_wrapper/kernel_wrapper/solution/.autopilot/db/myproject.pp.0.cpp:56233:5: warning: Added loop label VITIS_LOOP_162_1:   [xilinx-label-all-loops]
    for (unsigned i = 0; i < CONFIG_T::table_size; i++) {
    ^~~
    VITIS_LOOP_162_1: 
/home/ayvol/vitis_accel_backend_test/build/myproject_kernel/kernel_wrapper/kernel_wrapper/solution/.autopilot/db/myproject.pp.0.cpp:56233:5: note: FIX-IT applied suggested code changes
/home/ayvol/vitis_accel_backend_test/build/myproject_kernel/kernel_wrapper/kernel_wrapper/solution/.autopilot/db/myproject.pp.0.cpp:56266:5: warning: Added loop label VITIS_LOOP_195_1:   [xilinx-label-all-loops]
    for (unsigned i = 0; i < CONFIG_T::n_in; i++) {
    ^~~
    VITIS_LOOP_195_1: 
/home/ayvol/vitis_accel_backend_test/build/myproject_kernel/kernel_wrapper/kernel_wrapper/solution/.autopilot/db/myproject.pp.0.cpp:56266:5: note: FIX-IT applied suggested code changes
/home/ayvol/vitis_accel_backend_test/build/myproject_kernel/kernel_wrapper/kernel_wrapper/solution/.autopilot/db/myproject.pp.0.cpp:56280:5: warning: Added loop label VITIS_LOOP_209_2:   [xilinx-label-all-loops]
    for (unsigned i = 0; i < CONFIG_T::n_in; i++) {
    ^~~
    VITIS_LOOP_209_2: 
/home/ayvol/vitis_accel_backend_test/build/myproject_kernel/kernel_wrapper/kernel_wrapper/solution/.autopilot/db/myproject.pp.0.cpp:56280:5: note: FIX-IT applied suggested code changes
/home/ayvol/vitis_accel_backend_test/build/myproject_kernel/kernel_wrapper/kernel_wrapper/solution/.autopilot/db/myproject.pp.0.cpp:56314:5: warning: Added loop label VITIS_LOOP_243_1:   [xilinx-label-all-loops]
    for (unsigned i = 0; i < CONFIG_T::n_in; i++) {
    ^~~
    VITIS_LOOP_243_1: 
/home/ayvol/vitis_accel_backend_test/build/myproject_kernel/kernel_wrapper/kernel_wrapper/solution/.autopilot/db/myproject.pp.0.cpp:56314:5: note: FIX-IT applied suggested code changes
/home/ayvol/vitis_accel_backend_test/build/myproject_kernel/kernel_wrapper/kernel_wrapper/solution/.autopilot/db/myproject.pp.0.cpp:56323:5: warning: Added loop label VITIS_LOOP_252_2:   [xilinx-label-all-loops]
    for (unsigned i = 0; i < CONFIG_T::n_in; i++) {
    ^~~
    VITIS_LOOP_252_2: 
/home/ayvol/vitis_accel_backend_test/build/myproject_kernel/kernel_wrapper/kernel_wrapper/solution/.autopilot/db/myproject.pp.0.cpp:56323:5: note: FIX-IT applied suggested code changes
/home/ayvol/vitis_accel_backend_test/build/myproject_kernel/kernel_wrapper/kernel_wrapper/solution/.autopilot/db/myproject.pp.0.cpp:56337:5: warning: Added loop label VITIS_LOOP_266_3:   [xilinx-label-all-loops]
    for (unsigned i = 0; i < CONFIG_T::n_in; i++) {
    ^~~
    VITIS_LOOP_266_3: 
/home/ayvol/vitis_accel_backend_test/build/myproject_kernel/kernel_wrapper/kernel_wrapper/solution/.autopilot/db/myproject.pp.0.cpp:56337:5: note: FIX-IT applied suggested code changes
/home/ayvol/vitis_accel_backend_test/build/myproject_kernel/kernel_wrapper/kernel_wrapper/solution/.autopilot/db/myproject.pp.0.cpp:56344:5: warning: Added loop label VITIS_LOOP_273_1:   [xilinx-label-all-loops]
    for (int ii = 0; ii < N_TABLE; ii++) {
    ^~~
    VITIS_LOOP_273_1: 
/home/ayvol/vitis_accel_backend_test/build/myproject_kernel/kernel_wrapper/kernel_wrapper/solution/.autopilot/db/myproject.pp.0.cpp:56344:5: note: FIX-IT applied suggested code changes
/home/ayvol/vitis_accel_backend_test/build/myproject_kernel/kernel_wrapper/kernel_wrapper/solution/.autopilot/db/myproject.pp.0.cpp:56357:5: warning: Added loop label VITIS_LOOP_286_1:   [xilinx-label-all-loops]
    for (int ii = 0; ii < N_TABLE; ii++) {
    ^~~
    VITIS_LOOP_286_1: 
/home/ayvol/vitis_accel_backend_test/build/myproject_kernel/kernel_wrapper/kernel_wrapper/solution/.autopilot/db/myproject.pp.0.cpp:56357:5: note: FIX-IT applied suggested code changes
/home/ayvol/vitis_accel_backend_test/build/myproject_kernel/kernel_wrapper/kernel_wrapper/solution/.autopilot/db/myproject.pp.0.cpp:56394:5: warning: Added loop label VITIS_LOOP_323_1:   [xilinx-label-all-loops]
    for (int ii = 0; ii < CONFIG_T::n_in; ii++) {
    ^~~
    VITIS_LOOP_323_1: 
/home/ayvol/vitis_accel_backend_test/build/myproject_kernel/kernel_wrapper/kernel_wrapper/solution/.autopilot/db/myproject.pp.0.cpp:56394:5: note: FIX-IT applied suggested code changes
/home/ayvol/vitis_accel_backend_test/build/myproject_kernel/kernel_wrapper/kernel_wrapper/solution/.autopilot/db/myproject.pp.0.cpp:56399:5: warning: Added loop label VITIS_LOOP_328_2:   [xilinx-label-all-loops]
    for (int ii = 0; ii < CONFIG_T::n_in; ii++) {
    ^~~
    VITIS_LOOP_328_2: 
/home/ayvol/vitis_accel_backend_test/build/myproject_kernel/kernel_wrapper/kernel_wrapper/solution/.autopilot/db/myproject.pp.0.cpp:56399:5: note: FIX-IT applied suggested code changes
/home/ayvol/vitis_accel_backend_test/build/myproject_kernel/kernel_wrapper/kernel_wrapper/solution/.autopilot/db/myproject.pp.0.cpp:56400:9: warning: Added loop label VITIS_LOOP_329_3:   [xilinx-label-all-loops]
        for (int jj = 0; jj < CONFIG_T::n_in; jj++) {
        ^~~
        VITIS_LOOP_329_3: 
/home/ayvol/vitis_accel_backend_test/build/myproject_kernel/kernel_wrapper/kernel_wrapper/solution/.autopilot/db/myproject.pp.0.cpp:56400:9: note: FIX-IT applied suggested code changes
/home/ayvol/vitis_accel_backend_test/build/myproject_kernel/kernel_wrapper/kernel_wrapper/solution/.autopilot/db/myproject.pp.0.cpp:56417:5: warning: Added loop label VITIS_LOOP_346_4:   [xilinx-label-all-loops]
    for (int ii = 0; ii < CONFIG_T::n_in; ii++) {
    ^~~
    VITIS_LOOP_346_4: 
/home/ayvol/vitis_accel_backend_test/build/myproject_kernel/kernel_wrapper/kernel_wrapper/solution/.autopilot/db/myproject.pp.0.cpp:56417:5: note: FIX-IT applied suggested code changes
/home/ayvol/vitis_accel_backend_test/build/myproject_kernel/kernel_wrapper/kernel_wrapper/solution/.autopilot/db/myproject.pp.0.cpp:56430:5: warning: Added loop label VITIS_LOOP_359_1:   [xilinx-label-all-loops]
    for (int i = 0; i < CONFIG_T::n_in; i++) {
    ^~~
    VITIS_LOOP_359_1: 
/home/ayvol/vitis_accel_backend_test/build/myproject_kernel/kernel_wrapper/kernel_wrapper/solution/.autopilot/db/myproject.pp.0.cpp:56430:5: note: FIX-IT applied suggested code changes
/home/ayvol/vitis_accel_backend_test/build/myproject_kernel/kernel_wrapper/kernel_wrapper/solution/.autopilot/db/myproject.pp.0.cpp:56438:5: warning: Added loop label VITIS_LOOP_367_2:   [xilinx-label-all-loops]
    for (int i = 1; i < CONFIG_T::n_in; i++) {
    ^~~
    VITIS_LOOP_367_2: 
/home/ayvol/vitis_accel_backend_test/build/myproject_kernel/kernel_wrapper/kernel_wrapper/solution/.autopilot/db/myproject.pp.0.cpp:56438:5: note: FIX-IT applied suggested code changes
/home/ayvol/vitis_accel_backend_test/build/myproject_kernel/kernel_wrapper/kernel_wrapper/solution/.autopilot/db/myproject.pp.0.cpp:56473:5: warning: Added loop label VITIS_LOOP_402_1:   [xilinx-label-all-loops]
    for (int ii = 0; ii < N_TABLE; ii++) {
    ^~~
    VITIS_LOOP_402_1: 
/home/ayvol/vitis_accel_backend_test/build/myproject_kernel/kernel_wrapper/kernel_wrapper/solution/.autopilot/db/myproject.pp.0.cpp:56473:5: note: FIX-IT applied suggested code changes
/home/ayvol/vitis_accel_backend_test/build/myproject_kernel/kernel_wrapper/kernel_wrapper/solution/.autopilot/db/myproject.pp.0.cpp:56503:5: warning: Added loop label VITIS_LOOP_432_1:   [xilinx-label-all-loops]
    for (int ii = 0; ii < CONFIG_T::n_in; ii++) {
    ^~~
    VITIS_LOOP_432_1: 
/home/ayvol/vitis_accel_backend_test/build/myproject_kernel/kernel_wrapper/kernel_wrapper/solution/.autopilot/db/myproject.pp.0.cpp:56503:5: note: FIX-IT applied suggested code changes
/home/ayvol/vitis_accel_backend_test/build/myproject_kernel/kernel_wrapper/kernel_wrapper/solution/.autopilot/db/myproject.pp.0.cpp:56522:2: warning: Added loop label VITIS_LOOP_451_1:   [xilinx-label-all-loops]
 for (int ii = 0; ii < CONFIG_T::n_in; ii++) {
 ^~~
 VITIS_LOOP_451_1: 
/home/ayvol/vitis_accel_backend_test/build/myproject_kernel/kernel_wrapper/kernel_wrapper/solution/.autopilot/db/myproject.pp.0.cpp:56522:2: note: FIX-IT applied suggested code changes
/home/ayvol/vitis_accel_backend_test/build/myproject_kernel/kernel_wrapper/kernel_wrapper/solution/.autopilot/db/myproject.pp.0.cpp:56538:5: warning: Added loop label VITIS_LOOP_467_1:   [xilinx-label-all-loops]
    for (int ii = 0; ii < CONFIG_T::n_in; ii++) {
    ^~~
    VITIS_LOOP_467_1: 
/home/ayvol/vitis_accel_backend_test/build/myproject_kernel/kernel_wrapper/kernel_wrapper/solution/.autopilot/db/myproject.pp.0.cpp:56538:5: note: FIX-IT applied suggested code changes
/home/ayvol/vitis_accel_backend_test/build/myproject_kernel/kernel_wrapper/kernel_wrapper/solution/.autopilot/db/myproject.pp.0.cpp:56556:5: warning: Added loop label VITIS_LOOP_485_1:   [xilinx-label-all-loops]
    for (int ii = 0; ii < CONFIG_T::n_in; ii++) {
    ^~~
    VITIS_LOOP_485_1: 
/home/ayvol/vitis_accel_backend_test/build/myproject_kernel/kernel_wrapper/kernel_wrapper/solution/.autopilot/db/myproject.pp.0.cpp:56556:5: note: FIX-IT applied suggested code changes
/home/ayvol/vitis_accel_backend_test/build/myproject_kernel/kernel_wrapper/kernel_wrapper/solution/.autopilot/db/myproject.pp.0.cpp:56573:5: warning: Added loop label VITIS_LOOP_502_1:   [xilinx-label-all-loops]
    for (int ii = 0; ii < CONFIG_T::n_in; ii++) {
    ^~~
    VITIS_LOOP_502_1: 
/home/ayvol/vitis_accel_backend_test/build/myproject_kernel/kernel_wrapper/kernel_wrapper/solution/.autopilot/db/myproject.pp.0.cpp:56573:5: note: FIX-IT applied suggested code changes
/home/ayvol/vitis_accel_backend_test/build/myproject_kernel/kernel_wrapper/kernel_wrapper/solution/.autopilot/db/myproject.pp.0.cpp:56590:5: warning: Added loop label VITIS_LOOP_519_1:   [xilinx-label-all-loops]
    for (int ii = 0; ii < N_TABLE; ii++) {
    ^~~
    VITIS_LOOP_519_1: 
/home/ayvol/vitis_accel_backend_test/build/myproject_kernel/kernel_wrapper/kernel_wrapper/solution/.autopilot/db/myproject.pp.0.cpp:56590:5: note: FIX-IT applied suggested code changes
/home/ayvol/vitis_accel_backend_test/build/myproject_kernel/kernel_wrapper/kernel_wrapper/solution/.autopilot/db/myproject.pp.0.cpp:56620:5: warning: Added loop label VITIS_LOOP_549_1:   [xilinx-label-all-loops]
    for (int ii = 0; ii < CONFIG_T::n_in; ii++) {
    ^~~
    VITIS_LOOP_549_1: 
/home/ayvol/vitis_accel_backend_test/build/myproject_kernel/kernel_wrapper/kernel_wrapper/solution/.autopilot/db/myproject.pp.0.cpp:56620:5: note: FIX-IT applied suggested code changes
/home/ayvol/vitis_accel_backend_test/build/myproject_kernel/kernel_wrapper/kernel_wrapper/solution/.autopilot/db/myproject.pp.0.cpp:56639:5: warning: Added loop label VITIS_LOOP_568_1:   [xilinx-label-all-loops]
    for (int ii = 0; ii < N_TABLE; ii++) {
    ^~~
    VITIS_LOOP_568_1: 
/home/ayvol/vitis_accel_backend_test/build/myproject_kernel/kernel_wrapper/kernel_wrapper/solution/.autopilot/db/myproject.pp.0.cpp:56639:5: note: FIX-IT applied suggested code changes
/home/ayvol/vitis_accel_backend_test/build/myproject_kernel/kernel_wrapper/kernel_wrapper/solution/.autopilot/db/myproject.pp.0.cpp:56669:5: warning: Added loop label VITIS_LOOP_598_1:   [xilinx-label-all-loops]
    for (int ii = 0; ii < CONFIG_T::n_in; ii++) {
    ^~~
    VITIS_LOOP_598_1: 
/home/ayvol/vitis_accel_backend_test/build/myproject_kernel/kernel_wrapper/kernel_wrapper/solution/.autopilot/db/myproject.pp.0.cpp:56669:5: note: FIX-IT applied suggested code changes
/home/ayvol/vitis_accel_backend_test/build/myproject_kernel/kernel_wrapper/kernel_wrapper/solution/.autopilot/db/myproject.pp.0.cpp:56688:5: warning: Added loop label VITIS_LOOP_617_1:   [xilinx-label-all-loops]
    for (int ii = 0; ii < N_TABLE; ii++) {
    ^~~
    VITIS_LOOP_617_1: 
/home/ayvol/vitis_accel_backend_test/build/myproject_kernel/kernel_wrapper/kernel_wrapper/solution/.autopilot/db/myproject.pp.0.cpp:56688:5: note: FIX-IT applied suggested code changes
/home/ayvol/vitis_accel_backend_test/build/myproject_kernel/kernel_wrapper/kernel_wrapper/solution/.autopilot/db/myproject.pp.0.cpp:56718:5: warning: Added loop label VITIS_LOOP_647_1:   [xilinx-label-all-loops]
    for (int ii = 0; ii < CONFIG_T::n_in; ii++) {
    ^~~
    VITIS_LOOP_647_1: 
/home/ayvol/vitis_accel_backend_test/build/myproject_kernel/kernel_wrapper/kernel_wrapper/solution/.autopilot/db/myproject.pp.0.cpp:56718:5: note: FIX-IT applied suggested code changes
/home/ayvol/vitis_accel_backend_test/build/myproject_kernel/kernel_wrapper/kernel_wrapper/solution/.autopilot/db/myproject.pp.0.cpp:56745:5: warning: Added loop label VITIS_LOOP_674_1:   [xilinx-label-all-loops]
    for (int ii = 0; ii < N_TABLE; ii++) {
    ^~~
    VITIS_LOOP_674_1: 
/home/ayvol/vitis_accel_backend_test/build/myproject_kernel/kernel_wrapper/kernel_wrapper/solution/.autopilot/db/myproject.pp.0.cpp:56745:5: note: FIX-IT applied suggested code changes
/home/ayvol/vitis_accel_backend_test/build/myproject_kernel/kernel_wrapper/kernel_wrapper/solution/.autopilot/db/myproject.pp.0.cpp:56774:5: warning: Added loop label VITIS_LOOP_703_1:   [xilinx-label-all-loops]
    for (int ii = 0; ii < CONFIG_T::n_in; ii++) {
    ^~~
    VITIS_LOOP_703_1: 
/home/ayvol/vitis_accel_backend_test/build/myproject_kernel/kernel_wrapper/kernel_wrapper/solution/.autopilot/db/myproject.pp.0.cpp:56774:5: note: FIX-IT applied suggested code changes
/home/ayvol/vitis_accel_backend_test/build/myproject_kernel/kernel_wrapper/kernel_wrapper/solution/.autopilot/db/myproject.pp.0.cpp:56795:5: warning: Added loop label VITIS_LOOP_724_1:   [xilinx-label-all-loops]
    for (int ii = 0; ii < CONFIG_T::n_in; ii++) {
    ^~~
    VITIS_LOOP_724_1: 
/home/ayvol/vitis_accel_backend_test/build/myproject_kernel/kernel_wrapper/kernel_wrapper/solution/.autopilot/db/myproject.pp.0.cpp:56795:5: note: FIX-IT applied suggested code changes
/home/ayvol/vitis_accel_backend_test/build/myproject_kernel/kernel_wrapper/kernel_wrapper/solution/.autopilot/db/myproject.pp.0.cpp:56813:5: warning: Added loop label VITIS_LOOP_742_1:   [xilinx-label-all-loops]
    for (int ii = 0; ii < CONFIG_T::n_in; ii++) {
    ^~~
    VITIS_LOOP_742_1: 
/home/ayvol/vitis_accel_backend_test/build/myproject_kernel/kernel_wrapper/kernel_wrapper/solution/.autopilot/db/myproject.pp.0.cpp:56813:5: note: FIX-IT applied suggested code changes
/home/ayvol/vitis_accel_backend_test/build/myproject_kernel/kernel_wrapper/kernel_wrapper/solution/.autopilot/db/myproject.pp.0.cpp:56833:5: warning: Added loop label VITIS_LOOP_762_1:   [xilinx-label-all-loops]
    for (int ii = 0; ii < CONFIG_T::n_in; ii++) {
    ^~~
    VITIS_LOOP_762_1: 
/home/ayvol/vitis_accel_backend_test/build/myproject_kernel/kernel_wrapper/kernel_wrapper/solution/.autopilot/db/myproject.pp.0.cpp:56833:5: note: FIX-IT applied suggested code changes
/home/ayvol/vitis_accel_backend_test/build/myproject_kernel/kernel_wrapper/kernel_wrapper/solution/.autopilot/db/myproject.pp.0.cpp:56929:9: warning: Added loop label VITIS_LOOP_73_1:   [xilinx-label-all-loops]
        for (int i = 0; i < N / data_T::size; i++) {
        ^~~
        VITIS_LOOP_73_1: 
/home/ayvol/vitis_accel_backend_test/build/myproject_kernel/kernel_wrapper/kernel_wrapper/solution/.autopilot/db/myproject.pp.0.cpp:56929:9: note: FIX-IT applied suggested code changes
/home/ayvol/vitis_accel_backend_test/build/myproject_kernel/kernel_wrapper/kernel_wrapper/solution/.autopilot/db/myproject.pp.0.cpp:56936:13: warning: Added loop label VITIS_LOOP_80_2:   [xilinx-label-all-loops]
            for (int j = 0; j < data_T::size; j++) {
            ^~~
            VITIS_LOOP_80_2: 
/home/ayvol/vitis_accel_backend_test/build/myproject_kernel/kernel_wrapper/kernel_wrapper/solution/.autopilot/db/myproject.pp.0.cpp:56936:13: note: FIX-IT applied suggested code changes
/home/ayvol/vitis_accel_backend_test/build/myproject_kernel/kernel_wrapper/kernel_wrapper/solution/.autopilot/db/myproject.pp.0.cpp:56945:9: warning: Added loop label VITIS_LOOP_89_3:   [xilinx-label-all-loops]
        for (int i = 0; i < N / data_T::size; i++) {
        ^~~
        VITIS_LOOP_89_3: 
/home/ayvol/vitis_accel_backend_test/build/myproject_kernel/kernel_wrapper/kernel_wrapper/solution/.autopilot/db/myproject.pp.0.cpp:56945:9: note: FIX-IT applied suggested code changes
/home/ayvol/vitis_accel_backend_test/build/myproject_kernel/kernel_wrapper/kernel_wrapper/solution/.autopilot/db/myproject.pp.0.cpp:56954:13: warning: Added loop label VITIS_LOOP_98_4:   [xilinx-label-all-loops]
            for (int j = 0; j < pack_diff; j++) {
            ^~~
            VITIS_LOOP_98_4: 
/home/ayvol/vitis_accel_backend_test/build/myproject_kernel/kernel_wrapper/kernel_wrapper/solution/.autopilot/db/myproject.pp.0.cpp:56954:13: note: FIX-IT applied suggested code changes
/home/ayvol/vitis_accel_backend_test/build/myproject_kernel/kernel_wrapper/kernel_wrapper/solution/.autopilot/db/myproject.pp.0.cpp:56958:17: warning: Added loop label VITIS_LOOP_102_5:   [xilinx-label-all-loops]
                for (int k = 0; k < res_T::size; k++) {
                ^~~
                VITIS_LOOP_102_5: 
/home/ayvol/vitis_accel_backend_test/build/myproject_kernel/kernel_wrapper/kernel_wrapper/solution/.autopilot/db/myproject.pp.0.cpp:56958:17: note: FIX-IT applied suggested code changes
/home/ayvol/vitis_accel_backend_test/build/myproject_kernel/kernel_wrapper/kernel_wrapper/solution/.autopilot/db/myproject.pp.0.cpp:56969:9: warning: Added loop label VITIS_LOOP_113_6:   [xilinx-label-all-loops]
        for (int i = 0; i < N / data_T::size; i++) {
        ^~~
        VITIS_LOOP_113_6: 
/home/ayvol/vitis_accel_backend_test/build/myproject_kernel/kernel_wrapper/kernel_wrapper/solution/.autopilot/db/myproject.pp.0.cpp:56969:9: note: FIX-IT applied suggested code changes
/home/ayvol/vitis_accel_backend_test/build/myproject_kernel/kernel_wrapper/kernel_wrapper/solution/.autopilot/db/myproject.pp.0.cpp:56973:13: warning: Added loop label VITIS_LOOP_117_7:   [xilinx-label-all-loops]
            for (int j = 0; j < data_T::size; j++) {
            ^~~
            VITIS_LOOP_117_7: 
/home/ayvol/vitis_accel_backend_test/build/myproject_kernel/kernel_wrapper/kernel_wrapper/solution/.autopilot/db/myproject.pp.0.cpp:56973:13: note: FIX-IT applied suggested code changes
/home/ayvol/vitis_accel_backend_test/build/myproject_kernel/kernel_wrapper/kernel_wrapper/solution/.autopilot/db/myproject.pp.0.cpp:56997:9: warning: Added loop label VITIS_LOOP_141_1:   [xilinx-label-all-loops]
        for (int j = 0; j < n_dupl; j++) {
        ^~~
        VITIS_LOOP_141_1: 
/home/ayvol/vitis_accel_backend_test/build/myproject_kernel/kernel_wrapper/kernel_wrapper/solution/.autopilot/db/myproject.pp.0.cpp:56997:9: note: FIX-IT applied suggested code changes
/home/ayvol/vitis_accel_backend_test/build/myproject_kernel/kernel_wrapper/kernel_wrapper/solution/.autopilot/db/myproject.pp.0.cpp:57001:13: warning: Added loop label VITIS_LOOP_145_2:   [xilinx-label-all-loops]
            for (int k = 0; k < res_T::size; k++) {
            ^~~
            VITIS_LOOP_145_2: 
/home/ayvol/vitis_accel_backend_test/build/myproject_kernel/kernel_wrapper/kernel_wrapper/solution/.autopilot/db/myproject.pp.0.cpp:57001:13: note: FIX-IT applied suggested code changes
/home/ayvol/vitis_accel_backend_test/build/myproject_kernel/kernel_wrapper/kernel_wrapper/solution/.autopilot/db/myproject.pp.0.cpp:57020:9: warning: Added loop label VITIS_LOOP_164_1:   [xilinx-label-all-loops]
        for (int k = 0; k < res_T::size; k++) {
        ^~~
        VITIS_LOOP_164_1: 
/home/ayvol/vitis_accel_backend_test/build/myproject_kernel/kernel_wrapper/kernel_wrapper/solution/.autopilot/db/myproject.pp.0.cpp:57020:9: note: FIX-IT applied suggested code changes
/home/ayvol/vitis_accel_backend_test/build/myproject_kernel/kernel_wrapper/kernel_wrapper/solution/.autopilot/db/myproject.pp.0.cpp:57043:2: warning: Added loop label VITIS_LOOP_187_1:   [xilinx-label-all-loops]
 for (int i = 0; i < CONFIG_T::height * CONFIG_T::width / data_T::size; i++) {
 ^~~
 VITIS_LOOP_187_1: 
/home/ayvol/vitis_accel_backend_test/build/myproject_kernel/kernel_wrapper/kernel_wrapper/solution/.autopilot/db/myproject.pp.0.cpp:57043:2: note: FIX-IT applied suggested code changes
/home/ayvol/vitis_accel_backend_test/build/myproject_kernel/kernel_wrapper/kernel_wrapper/solution/.autopilot/db/myproject.pp.0.cpp:57046:9: warning: Added loop label VITIS_LOOP_190_2:   [xilinx-label-all-loops]
        for (int j = 0; j < data_T::size; j++) {
        ^~~
        VITIS_LOOP_190_2: 
/home/ayvol/vitis_accel_backend_test/build/myproject_kernel/kernel_wrapper/kernel_wrapper/solution/.autopilot/db/myproject.pp.0.cpp:57046:9: note: FIX-IT applied suggested code changes
/home/ayvol/vitis_accel_backend_test/build/myproject_kernel/kernel_wrapper/kernel_wrapper/solution/.autopilot/db/myproject.pp.0.cpp:57051:5: warning: Added loop label VITIS_LOOP_195_3:   [xilinx-label-all-loops]
    for (int i = 0; i < CONFIG_T::height * CONFIG_T::width / res_T::size; i++) {
    ^~~
    VITIS_LOOP_195_3: 
/home/ayvol/vitis_accel_backend_test/build/myproject_kernel/kernel_wrapper/kernel_wrapper/solution/.autopilot/db/myproject.pp.0.cpp:57051:5: note: FIX-IT applied suggested code changes
/home/ayvol/vitis_accel_backend_test/build/myproject_kernel/kernel_wrapper/kernel_wrapper/solution/.autopilot/db/myproject.pp.0.cpp:57055:9: warning: Added loop label VITIS_LOOP_199_4:   [xilinx-label-all-loops]
        for (int j = 0; j < res_T::size; j++) {
        ^~~
        VITIS_LOOP_199_4: 
/home/ayvol/vitis_accel_backend_test/build/myproject_kernel/kernel_wrapper/kernel_wrapper/solution/.autopilot/db/myproject.pp.0.cpp:57055:9: note: FIX-IT applied suggested code changes
/home/ayvol/vitis_accel_backend_test/build/myproject_kernel/kernel_wrapper/kernel_wrapper/solution/.autopilot/db/myproject.pp.0.cpp:57269:9: warning: Added loop label VITIS_LOOP_213_1:   [xilinx-label-all-loops]
        for (unsigned j = 0; j < data_T::size; j++) {
        ^~~
        VITIS_LOOP_213_1: 
/home/ayvol/vitis_accel_backend_test/build/myproject_kernel/kernel_wrapper/kernel_wrapper/solution/.autopilot/db/myproject.pp.0.cpp:57269:9: note: FIX-IT applied suggested code changes
/home/ayvol/vitis_accel_backend_test/build/myproject_kernel/kernel_wrapper/kernel_wrapper/solution/.autopilot/db/myproject.pp.0.cpp:57278:9: warning: Added loop label VITIS_LOOP_222_2:   [xilinx-label-all-loops]
        for (unsigned j = 0; j < data_T::size; j++) {
        ^~~
        VITIS_LOOP_222_2: 
/home/ayvol/vitis_accel_backend_test/build/myproject_kernel/kernel_wrapper/kernel_wrapper/solution/.autopilot/db/myproject.pp.0.cpp:57278:9: note: FIX-IT applied suggested code changes
/home/ayvol/vitis_accel_backend_test/build/myproject_kernel/kernel_wrapper/kernel_wrapper/solution/.autopilot/db/myproject.pp.0.cpp:57384:5: warning: Added loop label VITIS_LOOP_328_1:   [xilinx-label-all-loops]
    for (int i = 0; i < CONFIG_T::n_in / res_T::size; i++) {
    ^~~
    VITIS_LOOP_328_1: 
/home/ayvol/vitis_accel_backend_test/build/myproject_kernel/kernel_wrapper/kernel_wrapper/solution/.autopilot/db/myproject.pp.0.cpp:57384:5: note: FIX-IT applied suggested code changes
/home/ayvol/vitis_accel_backend_test/build/myproject_kernel/kernel_wrapper/kernel_wrapper/solution/.autopilot/db/myproject.pp.0.cpp:57389:9: warning: Added loop label VITIS_LOOP_333_2:   [xilinx-label-all-loops]
        for (int i = 0; i < res_T::size; i++) {
        ^~~
        VITIS_LOOP_333_2: 
/home/ayvol/vitis_accel_backend_test/build/myproject_kernel/kernel_wrapper/kernel_wrapper/solution/.autopilot/db/myproject.pp.0.cpp:57389:9: note: FIX-IT applied suggested code changes
/home/ayvol/vitis_accel_backend_test/build/myproject_kernel/kernel_wrapper/kernel_wrapper/solution/.autopilot/db/myproject.pp.0.cpp:57397:9: warning: Added loop label VITIS_LOOP_341_3:   [xilinx-label-all-loops]
        for (int i = 1; i < res_T::size; i++) {
        ^~~
        VITIS_LOOP_341_3: 
/home/ayvol/vitis_accel_backend_test/build/myproject_kernel/kernel_wrapper/kernel_wrapper/solution/.autopilot/db/myproject.pp.0.cpp:57397:9: note: FIX-IT applied suggested code changes
/home/ayvol/vitis_accel_backend_test/build/myproject_kernel/kernel_wrapper/kernel_wrapper/solution/.autopilot/db/myproject.pp.0.cpp:58410:5: warning: Added loop label VITIS_LOOP_88_1:   [xilinx-label-all-loops]
    for (int ii = 0; ii < CONFIG_T::n_in; ii++) {
    ^~~
    VITIS_LOOP_88_1: 
/home/ayvol/vitis_accel_backend_test/build/myproject_kernel/kernel_wrapper/kernel_wrapper/solution/.autopilot/db/myproject.pp.0.cpp:58410:5: note: FIX-IT applied suggested code changes
/home/ayvol/vitis_accel_backend_test/build/myproject_kernel/kernel_wrapper/kernel_wrapper/solution/.autopilot/db/myproject.pp.0.cpp:58430:5: warning: Added loop label VITIS_LOOP_108_1:   [xilinx-label-all-loops]
    for (int ii = 0; ii < CONFIG_T::n_in; ii++) {
    ^~~
    VITIS_LOOP_108_1: 
/home/ayvol/vitis_accel_backend_test/build/myproject_kernel/kernel_wrapper/kernel_wrapper/solution/.autopilot/db/myproject.pp.0.cpp:58430:5: note: FIX-IT applied suggested code changes
/home/ayvol/vitis_accel_backend_test/build/myproject_kernel/kernel_wrapper/kernel_wrapper/solution/.autopilot/db/myproject.pp.0.cpp:58875:9: warning: Added loop label VITIS_LOOP_62_1:   [xilinx-label-all-loops]
        for (unsigned i = 0; i < __SHIFT_DEPTH__; ++i)
        ^~~
        VITIS_LOOP_62_1: 
/home/ayvol/vitis_accel_backend_test/build/myproject_kernel/kernel_wrapper/kernel_wrapper/solution/.autopilot/db/myproject.pp.0.cpp:58875:9: note: FIX-IT applied suggested code changes
/home/ayvol/vitis_accel_backend_test/build/myproject_kernel/kernel_wrapper/kernel_wrapper/solution/.autopilot/db/myproject.pp.0.cpp:58882:9: warning: Added loop label VITIS_LOOP_69_1:   [xilinx-label-all-loops]
        for (unsigned i = 0; i < __SHIFT_DEPTH__; ++i)
        ^~~
        VITIS_LOOP_69_1: 
/home/ayvol/vitis_accel_backend_test/build/myproject_kernel/kernel_wrapper/kernel_wrapper/solution/.autopilot/db/myproject.pp.0.cpp:58882:9: note: FIX-IT applied suggested code changes
/home/ayvol/vitis_accel_backend_test/build/myproject_kernel/kernel_wrapper/kernel_wrapper/solution/.autopilot/db/myproject.pp.0.cpp:59410:5: warning: Added loop label VITIS_LOOP_14_1:   [xilinx-label-all-loops]
    for (unsigned k = 0; k < CONFIG_T::n_out; k++) {
    ^~~
    VITIS_LOOP_14_1: 
/home/ayvol/vitis_accel_backend_test/build/myproject_kernel/kernel_wrapper/kernel_wrapper/solution/.autopilot/db/myproject.pp.0.cpp:59410:5: note: FIX-IT applied suggested code changes
/home/ayvol/vitis_accel_backend_test/build/myproject_kernel/kernel_wrapper/kernel_wrapper/solution/.autopilot/db/myproject.pp.0.cpp:59470:9: warning: Added loop label VITIS_LOOP_74_1:   [xilinx-label-all-loops]
        for (int im = 0; im < CONFIG_T::n_out; im++) {
        ^~~
        VITIS_LOOP_74_1: 
/home/ayvol/vitis_accel_backend_test/build/myproject_kernel/kernel_wrapper/kernel_wrapper/solution/.autopilot/db/myproject.pp.0.cpp:59470:9: note: FIX-IT applied suggested code changes
/home/ayvol/vitis_accel_backend_test/build/myproject_kernel/kernel_wrapper/kernel_wrapper/solution/.autopilot/db/myproject.pp.0.cpp:59606:5: warning: Added loop label VITIS_LOOP_13_1:   [xilinx-label-all-loops]
    for (int i = 1; i < N; i++) {
    ^~~
    VITIS_LOOP_13_1: 
/home/ayvol/vitis_accel_backend_test/build/myproject_kernel/kernel_wrapper/kernel_wrapper/solution/.autopilot/db/myproject.pp.0.cpp:59606:5: note: FIX-IT applied suggested code changes
/home/ayvol/vitis_accel_backend_test/build/myproject_kernel/kernel_wrapper/kernel_wrapper/solution/.autopilot/db/myproject.pp.0.cpp:59615:5: warning: Added loop label VITIS_LOOP_22_1:   [xilinx-label-all-loops]
    for (int i = 0; i < N; i++) {
    ^~~
    VITIS_LOOP_22_1: 
/home/ayvol/vitis_accel_backend_test/build/myproject_kernel/kernel_wrapper/kernel_wrapper/solution/.autopilot/db/myproject.pp.0.cpp:59615:5: note: FIX-IT applied suggested code changes
/home/ayvol/vitis_accel_backend_test/build/myproject_kernel/kernel_wrapper/kernel_wrapper/solution/.autopilot/db/myproject.pp.0.cpp:59627:5: warning: Added loop label VITIS_LOOP_34_1:   [xilinx-label-all-loops]
    for (int i = 0; i < N; i++) {
    ^~~
    VITIS_LOOP_34_1: 
/home/ayvol/vitis_accel_backend_test/build/myproject_kernel/kernel_wrapper/kernel_wrapper/solution/.autopilot/db/myproject.pp.0.cpp:59627:5: note: FIX-IT applied suggested code changes
/home/ayvol/vitis_accel_backend_test/build/myproject_kernel/kernel_wrapper/kernel_wrapper/solution/.autopilot/db/myproject.pp.0.cpp:59639:5: warning: Added loop label VITIS_LOOP_46_1:   [xilinx-label-all-loops]
    for (int i = 0; i < N; i++) {
    ^~~
    VITIS_LOOP_46_1: 
/home/ayvol/vitis_accel_backend_test/build/myproject_kernel/kernel_wrapper/kernel_wrapper/solution/.autopilot/db/myproject.pp.0.cpp:59639:5: note: FIX-IT applied suggested code changes
/home/ayvol/vitis_accel_backend_test/build/myproject_kernel/kernel_wrapper/kernel_wrapper/solution/.autopilot/db/myproject.pp.0.cpp:59707:5: warning: Added loop label VITIS_LOOP_114_1:   [xilinx-label-all-loops]
    for (int ff = 0; ff < CONFIG_T::n_filt; ff++) {
    ^~~
    VITIS_LOOP_114_1: 
/home/ayvol/vitis_accel_backend_test/build/myproject_kernel/kernel_wrapper/kernel_wrapper/solution/.autopilot/db/myproject.pp.0.cpp:59707:5: note: FIX-IT applied suggested code changes
/home/ayvol/vitis_accel_backend_test/build/myproject_kernel/kernel_wrapper/kernel_wrapper/solution/.autopilot/db/myproject.pp.0.cpp:59709:9: warning: Added loop label VITIS_LOOP_116_2:   [xilinx-label-all-loops]
        for (int ii = 0; ii < padded_width; ii += CONFIG_T::stride_width) {
        ^~~
        VITIS_LOOP_116_2: 
/home/ayvol/vitis_accel_backend_test/build/myproject_kernel/kernel_wrapper/kernel_wrapper/solution/.autopilot/db/myproject.pp.0.cpp:59709:9: note: FIX-IT applied suggested code changes
/home/ayvol/vitis_accel_backend_test/build/myproject_kernel/kernel_wrapper/kernel_wrapper/solution/.autopilot/db/myproject.pp.0.cpp:59714:13: warning: Added loop label VITIS_LOOP_121_3:   [xilinx-label-all-loops]
            for (int jj = 0; jj < CONFIG_T::stride_width; jj++) {
            ^~~
            VITIS_LOOP_121_3: 
/home/ayvol/vitis_accel_backend_test/build/myproject_kernel/kernel_wrapper/kernel_wrapper/solution/.autopilot/db/myproject.pp.0.cpp:59714:13: note: FIX-IT applied suggested code changes
/home/ayvol/vitis_accel_backend_test/build/myproject_kernel/kernel_wrapper/kernel_wrapper/solution/.autopilot/db/myproject.pp.0.cpp:59748:2: warning: Added loop label VITIS_LOOP_155_1:   [xilinx-label-all-loops]
 for (int ff = 0; ff < CONFIG_T::n_filt; ff++) {
 ^~~
 VITIS_LOOP_155_1: 
/home/ayvol/vitis_accel_backend_test/build/myproject_kernel/kernel_wrapper/kernel_wrapper/solution/.autopilot/db/myproject.pp.0.cpp:59748:2: note: FIX-IT applied suggested code changes
/home/ayvol/vitis_accel_backend_test/build/myproject_kernel/kernel_wrapper/kernel_wrapper/solution/.autopilot/db/myproject.pp.0.cpp:59750:9: warning: Added loop label VITIS_LOOP_157_2:   [xilinx-label-all-loops]
        for (int jj = 0; jj < CONFIG_T::n_in; jj++) {
        ^~~
        VITIS_LOOP_157_2: 
/home/ayvol/vitis_accel_backend_test/build/myproject_kernel/kernel_wrapper/kernel_wrapper/solution/.autopilot/db/myproject.pp.0.cpp:59750:9: note: FIX-IT applied suggested code changes
/home/ayvol/vitis_accel_backend_test/build/myproject_kernel/kernel_wrapper/kernel_wrapper/solution/.autopilot/db/myproject.pp.0.cpp:59804:5: warning: Added loop label VITIS_LOOP_211_1:   [xilinx-label-all-loops]
    for (int ff = 0; ff < CONFIG_T::n_filt; ff++) {
    ^~~
    VITIS_LOOP_211_1: 
/home/ayvol/vitis_accel_backend_test/build/myproject_kernel/kernel_wrapper/kernel_wrapper/solution/.autopilot/db/myproject.pp.0.cpp:59804:5: note: FIX-IT applied suggested code changes
/home/ayvol/vitis_accel_backend_test/build/myproject_kernel/kernel_wrapper/kernel_wrapper/solution/.autopilot/db/myproject.pp.0.cpp:59806:9: warning: Added loop label VITIS_LOOP_213_2:   [xilinx-label-all-loops]
        for (int ii = 0; ii < padded_height; ii += CONFIG_T::stride_height) {
        ^~~
        VITIS_LOOP_213_2: 
/home/ayvol/vitis_accel_backend_test/build/myproject_kernel/kernel_wrapper/kernel_wrapper/solution/.autopilot/db/myproject.pp.0.cpp:59806:9: note: FIX-IT applied suggested code changes
/home/ayvol/vitis_accel_backend_test/build/myproject_kernel/kernel_wrapper/kernel_wrapper/solution/.autopilot/db/myproject.pp.0.cpp:59808:13: warning: Added loop label VITIS_LOOP_215_3:   [xilinx-label-all-loops]
            for (int jj = 0; jj < padded_width; jj += CONFIG_T::stride_width) {
            ^~~
            VITIS_LOOP_215_3: 
/home/ayvol/vitis_accel_backend_test/build/myproject_kernel/kernel_wrapper/kernel_wrapper/solution/.autopilot/db/myproject.pp.0.cpp:59808:13: note: FIX-IT applied suggested code changes
/home/ayvol/vitis_accel_backend_test/build/myproject_kernel/kernel_wrapper/kernel_wrapper/solution/.autopilot/db/myproject.pp.0.cpp:59813:17: warning: Added loop label VITIS_LOOP_220_4:   [xilinx-label-all-loops]
                for (int kk = 0; kk < CONFIG_T::stride_height; kk++) {
                ^~~
                VITIS_LOOP_220_4: 
/home/ayvol/vitis_accel_backend_test/build/myproject_kernel/kernel_wrapper/kernel_wrapper/solution/.autopilot/db/myproject.pp.0.cpp:59813:17: note: FIX-IT applied suggested code changes
/home/ayvol/vitis_accel_backend_test/build/myproject_kernel/kernel_wrapper/kernel_wrapper/solution/.autopilot/db/myproject.pp.0.cpp:59815:21: warning: Added loop label VITIS_LOOP_222_5:   [xilinx-label-all-loops]
                    for (int ll = 0; ll < CONFIG_T::stride_width; ll++) {
                    ^~~
                    VITIS_LOOP_222_5: 
/home/ayvol/vitis_accel_backend_test/build/myproject_kernel/kernel_wrapper/kernel_wrapper/solution/.autopilot/db/myproject.pp.0.cpp:59815:21: note: FIX-IT applied suggested code changes
/home/ayvol/vitis_accel_backend_test/build/myproject_kernel/kernel_wrapper/kernel_wrapper/solution/.autopilot/db/myproject.pp.0.cpp:59863:5: warning: Added loop label VITIS_LOOP_270_1:   [xilinx-label-all-loops]
    for (int ff = 0; ff < CONFIG_T::n_filt; ff++) {
    ^~~
    VITIS_LOOP_270_1: 
/home/ayvol/vitis_accel_backend_test/build/myproject_kernel/kernel_wrapper/kernel_wrapper/solution/.autopilot/db/myproject.pp.0.cpp:59863:5: note: FIX-IT applied suggested code changes
/home/ayvol/vitis_accel_backend_test/build/myproject_kernel/kernel_wrapper/kernel_wrapper/solution/.autopilot/db/myproject.pp.0.cpp:59865:9: warning: Added loop label VITIS_LOOP_272_2:   [xilinx-label-all-loops]
        for (int ii = 0; ii < padded_height; ii += CONFIG_T::stride_height) {
        ^~~
        VITIS_LOOP_272_2: 
/home/ayvol/vitis_accel_backend_test/build/myproject_kernel/kernel_wrapper/kernel_wrapper/solution/.autopilot/db/myproject.pp.0.cpp:59865:9: note: FIX-IT applied suggested code changes
/home/ayvol/vitis_accel_backend_test/build/myproject_kernel/kernel_wrapper/kernel_wrapper/solution/.autopilot/db/myproject.pp.0.cpp:59867:13: warning: Added loop label VITIS_LOOP_274_3:   [xilinx-label-all-loops]
            for (int jj = 0; jj < padded_width; jj += CONFIG_T::stride_width) {
            ^~~
            VITIS_LOOP_274_3: 
/home/ayvol/vitis_accel_backend_test/build/myproject_kernel/kernel_wrapper/kernel_wrapper/solution/.autopilot/db/myproject.pp.0.cpp:59867:13: note: FIX-IT applied suggested code changes
/home/ayvol/vitis_accel_backend_test/build/myproject_kernel/kernel_wrapper/kernel_wrapper/solution/.autopilot/db/myproject.pp.0.cpp:59872:17: warning: Added loop label VITIS_LOOP_279_4:   [xilinx-label-all-loops]
                for (int kk = 0; kk < CONFIG_T::stride_height; kk++) {
                ^~~
                VITIS_LOOP_279_4: 
/home/ayvol/vitis_accel_backend_test/build/myproject_kernel/kernel_wrapper/kernel_wrapper/solution/.autopilot/db/myproject.pp.0.cpp:59872:17: note: FIX-IT applied suggested code changes
/home/ayvol/vitis_accel_backend_test/build/myproject_kernel/kernel_wrapper/kernel_wrapper/solution/.autopilot/db/myproject.pp.0.cpp:59874:21: warning: Added loop label VITIS_LOOP_281_5:   [xilinx-label-all-loops]
                    for (int ll = 0; ll < CONFIG_T::stride_width; ll++) {
                    ^~~
                    VITIS_LOOP_281_5: 
/home/ayvol/vitis_accel_backend_test/build/myproject_kernel/kernel_wrapper/kernel_wrapper/solution/.autopilot/db/myproject.pp.0.cpp:59874:21: note: FIX-IT applied suggested code changes
